PRT1
443
901
4 0 26 (2048 1024 0 ) (2048 1024 144 ) (2048 1028 144 ) (2048 1028 0 ) 
4 0 7 (2048 1024 144 ) (2048 1024 0 ) (2124 1024 0 ) (2124 1024 144 ) 
4 1 86 (2584 0 384 ) (2412 0 384 ) (2412 0 240 ) (2584 0 240 ) 
4 1 9 (2412 0 240 ) (2412 0 384 ) (2412 256 384 ) (2412 256 240 ) 
4 1 2 (2412 0 240 ) (2412 256 240 ) (2580 256 240 ) (2580 0 240 ) 
4 2 87 (2580 0 240 ) (2412 0 240 ) (2412 0 112 ) (2580 0 112 ) 
4 2 8 (2412 256 240 ) (2412 288 240 ) (2412 288 112 ) (2412 256 112 ) 
4 2 9 (2412 0 112 ) (2412 0 240 ) (2412 256 240 ) (2412 256 112 ) 
4 3 11 (2366 852 0 ) (2366 788 0 ) (2334 788 0 ) (2334 852 0 ) 
4 4 11 (2366 596 0 ) (2366 532 0 ) (2334 532 0 ) (2334 596 0 ) 
4 5 18 (2256 420 0 ) (2124 420 0 ) (2124 432 0 ) (2244 432 0 ) 
4 5 15 (2124 432 0 ) (2124 552 0 ) (2136 540 0 ) (2136 432 0 ) 
3 5 12 (2244 432 0 ) (2136 432 0 ) (2136 540 0 ) 
4 5 8 (2124 420 0 ) (2264 420 0 ) (2264 420 144 ) (2124 420 144 ) 
4 5 7 (2124 560 0 ) (2124 420 0 ) (2124 420 144 ) (2124 560 144 ) 
4 6 10 (2302 980 0 ) (2302 950 0 ) (2238 950 0 ) (2238 980 0 ) 
4 7 49 (2048 1024 144 ) (2048 1024 0 ) (2048 420 0 ) (2048 420 144 ) 
4 7 18 (2048 420 0 ) (2048 432 0 ) (2124 432 0 ) (2124 420 0 ) 
4 7 16 (2048 628 0 ) (2048 948 0 ) (2120 948 0 ) (2120 556 0 ) 
4 7 15 (2048 432 0 ) (2048 628 0 ) (2124 552 0 ) (2124 432 0 ) 
4 7 13 (2124 1004 0 ) (2124 948 0 ) (2120 948 0 ) (2120 1004 0 ) 
4 7 14 (2048 948 0 ) (2048 1024 0 ) (2120 1024 0 ) (2120 948 0 ) 
4 7 8 (2048 420 144 ) (2048 420 0 ) (2124 420 0 ) (2124 420 144 ) 
4 8 50 (2048 420 240 ) (2048 420 0 ) (2048 256 0 ) (2048 256 240 ) 
4 8 18 (2048 416 0 ) (2048 420 0 ) (2256 420 0 ) (2260 416 0 ) 
4 8 17 (2300 420 0 ) (2356 420 0 ) (2356 416 0 ) (2300 416 0 ) 
4 8 19 (2048 256 0 ) (2048 416 0 ) (2408 416 0 ) (2408 256 0 ) 
4 8 9 (2048 256 0 ) (2412 256 0 ) (2412 256 240 ) (2048 256 240 ) 
4 9 88 (2048 0 384 ) (2048 0 0 ) (2412 0 0 ) (2412 0 384 ) 
4 9 51 (2048 0 0 ) (2048 0 384 ) (2048 256 384 ) (2048 256 0 ) 
4 9 19 (2408 0 0 ) (2048 0 0 ) (2048 256 0 ) (2408 256 0 ) 
4 10 13 (2136 1004 -128 ) (2136 948 -128 ) (2136 948 0 ) (2136 1004 0 ) 
4 10 11 (2136 864 0 ) (2136 864 -128 ) (2408 864 -128 ) (2408 864 0 ) 
4 11 17 (2300 432 -128 ) (2356 432 -128 ) (2356 432 0 ) (2300 432 0 ) 
4 12 18 (2136 432 -128 ) (2244 432 -128 ) (2244 432 0 ) (2136 432 0 ) 
4 12 15 (2136 540 -128 ) (2136 432 -128 ) (2136 432 0 ) (2136 540 0 ) 
4 13 14 (2120 1004 -128 ) (2120 948 -128 ) (2120 948 0 ) (2120 1004 0 ) 
4 14 49 (2048 948 0 ) (2048 1024 0 ) (2048 1024 -128 ) (2048 948 -128 ) 
4 14 16 (2048 948 -128 ) (2120 948 -128 ) (2120 948 0 ) (2048 948 0 ) 
4 15 49 (2048 432 0 ) (2048 628 0 ) (2048 628 -128 ) (2048 432 -128 ) 
4 15 18 (2048 432 -128 ) (2136 432 -128 ) (2136 432 0 ) (2048 432 0 ) 
4 15 16 (2120 556.001953 -128 ) (2048 628.001953 -128 ) (2048 628.001953 0 ) (2120 556.001953 0 ) 
4 16 49 (2048 628 0 ) (2048 948 0 ) (2048 948 -128 ) (2048 628 -128 ) 
4 17 19 (2300 416 -128 ) (2356 416 -128 ) (2356 416 0 ) (2300 416 0 ) 
4 18 50 (2048 416 0 ) (2048 420 0 ) (2048 420 -128 ) (2048 416 -128 ) 
4 18 49 (2048 420 0 ) (2048 432 0 ) (2048 432 -128 ) (2048 420 -128 ) 
4 18 19 (2048 416 -128 ) (2260 416 -128 ) (2260 416 0 ) (2048 416 0 ) 
4 19 91 (2408 0 0 ) (2048 0 0 ) (2048 0 -128 ) (2408 0 -128 ) 
4 19 51 (2048 0 -128 ) (2048 0 0 ) (2048 256 0 ) (2048 256 -128 ) 
4 19 50 (2048 256 0 ) (2048 416 0 ) (2048 416 -128 ) (2048 256 -128 ) 
4 20 21 (1768 1344 -992 ) (1960 1344 -992 ) (1960 1344 -832 ) (1768 1344 -832 ) 
4 21 23 (1960 1312 -992 ) (1960 1312 -832 ) (1768 1312 -832 ) (1768 1312 -992 ) 
4 22 23 (1992 1224 -1104 ) (1992 1144 -1104 ) (1992 1144 160 ) (1992 1224 160 ) 
4 23 27 (1960 1056 0 ) (1768 1056 0 ) (1768 1056 -128 ) (1960 1056 -128 ) 
4 23 25 (1964 1056 32 ) (1764 1056 32 ) (1764 1056 0 ) (1964 1056 0 ) 
4 23 24 (1736 1224 -1104 ) (1736 1144 -1104 ) (1736 1144 160 ) (1736 1224 160 ) 
4 25 27 (1768 1056 0 ) (1960 1056 0 ) (1960 1028 0 ) (1768 1028 0 ) 
4 25 26 (1764 1028 0 ) (1964 1028 0 ) (1964 1028 32 ) (1764 1028 32 ) 
4 26 56 (1640 1024 144 ) (1636 1024 144 ) (1636 1024 0 ) (1640 1024 0 ) 
4 26 49 (2048 1024 0 ) (2048 1024 144 ) (1640 1024 144 ) (1640 1024 0 ) 
4 26 28 (1768 1028 0 ) (1960 1028 0 ) (1960 1024 0 ) (1768 1024 0 ) 
4 27 28 (1768 1028 0 ) (1768 1028 -128 ) (1960 1028 -128 ) (1960 1028 0 ) 
4 28 49 (1960 1024 -128 ) (1960 1024 0 ) (1768 1024 0 ) (1768 1024 -128 ) 
4 29 167 (0 1476 512 ) (0 1200 512 ) (0 1200 544 ) (0 1476 544 ) 
4 29 40 (0 1200 512 ) (0 1476 512 ) (524 1476 512 ) (524 1200 512 ) 
4 29 32 (0 1200 512 ) (524 1200 512 ) (524 1200 544 ) (0 1200 544 ) 
4 30 31 (560 1088 1904 ) (560 1088 2144 ) (560 1200 2144 ) (560 1200 1904 ) 
4 31 33 (280 1088 1712 ) (560 1088 1712 ) (560 1088 1872 ) (280 1088 1872 ) 
4 32 167 (0 1200 544 ) (0 1200 512 ) (0 1152 512 ) (0 1152 544 ) 
4 32 40 (0 1152 512 ) (0 1200 512 ) (524 1200 512 ) (524 1152 512 ) 
4 33 34 (560 1072 1712 ) (560 1072 1872 ) (288 1072 1872 ) (288 1072 1712 ) 
4 34 74 (288 1024 512 ) (560 1024 512 ) (560 1024 1872 ) (288 1024 1872 ) 
4 34 45 (524 1024 512 ) (288 1024 512 ) (288 1072 512 ) (524 1072 512 ) 
4 34 35 (560 1024 512 ) (524 1024 512 ) (524 1072 512 ) (560 1072 512 ) 
4 35 74 (560 1024 512 ) (524 1024 512 ) (524 1024 192 ) (560 1024 192 ) 
4 35 46 (524 1024 192 ) (524 1024 208 ) (524 1072 208 ) (524 1072 192 ) 
4 35 45 (524 1024 208 ) (524 1024 512 ) (524 1072 512 ) (524 1072 208 ) 
4 35 37 (560 1024 192 ) (524 1024 192 ) (524 1072 192 ) (560 1072 192 ) 
4 36 41 (524 1328 64 ) (524 1136 64 ) (524 1136 192 ) (524 1328 192 ) 
4 37 74 (524 1024 64 ) (560 1024 64 ) (560 1024 192 ) (524 1024 192 ) 
4 37 48 (560 1024 64 ) (524 1024 64 ) (524 1072 64 ) (560 1072 64 ) 
4 37 46 (524 1072 64 ) (524 1024 64 ) (524 1024 192 ) (524 1072 192 ) 
4 38 177 (0 1620 416 ) (0 1620 256 ) (0 1492 256 ) (0 1492 416 ) 
4 38 39 (88 1492 416 ) (0 1492 416 ) (0 1492 256 ) (88 1492 256 ) 
4 39 178 (0 1492 432 ) (0 1492 256 ) (0 1476 256 ) (0 1476 432 ) 
4 39 41 (88 1476 256 ) (88 1476 432 ) (0 1476 432 ) (0 1476 256 ) 
4 40 168 (0 1152 512 ) (0 1476 512 ) (0 1476 448 ) (0 1152 448 ) 
4 40 41 (0 1152 448 ) (0 1476 448 ) (524 1476 448 ) (524 1152 448 ) 
4 41 181 (0 1476 256 ) (0 1476 64 ) (0 1100 64 ) (0 1100 256 ) 
4 41 179 (0 1476 432 ) (0 1476 256 ) (0 1100 256 ) (0 1100 432 ) 
4 41 170 (0 1476 448 ) (0 1476 432 ) (0 1100 432 ) (0 1100 448 ) 
4 41 43 (256 1100 192 ) (256 1100 208 ) (236 1100 208 ) (236 1100 192 ) 
4 41 44 (0 1100 64 ) (236 1100 64 ) (236 1100 208 ) (0 1100 208 ) 
4 41 42 (328 1100 64 ) (524 1100 64 ) (524 1100 224 ) (328 1100 224 ) 
4 42 46 (328 1072 64 ) (524 1072 64 ) (524 1072 208 ) (328 1072 208 ) 
4 42 45 (524 1072 208 ) (524 1072 224 ) (328 1072 224 ) (328 1072 208 ) 
4 43 44 (236 1072 192 ) (236 1072 208 ) (236 1100 208 ) (236 1100 192 ) 
4 44 182 (0 1100 64 ) (0 1072 64 ) (0 1072 208 ) (0 1100 208 ) 
4 44 47 (0 1072 64 ) (236 1072 64 ) (236 1072 208 ) (0 1072 208 ) 
4 45 74 (288 1024 208 ) (524 1024 208 ) (524 1024 512 ) (288 1024 512 ) 
4 45 46 (288 1072 208 ) (524 1072 208 ) (524 1024 208 ) (288 1024 208 ) 
4 46 74 (288 1024 64 ) (524 1024 64 ) (524 1024 208 ) (288 1024 208 ) 
4 46 48 (524 1024 64 ) (288 1024 64 ) (288 1072 64 ) (524 1072 64 ) 
4 47 182 (0 1024 64 ) (0 1024 208 ) (0 1072 208 ) (0 1072 64 ) 
4 47 76 (0 1024 208 ) (0 1024 64 ) (236 1024 64 ) (236 1024 208 ) 
4 48 74 (288 1024 16 ) (560 1024 16 ) (560 1024 64 ) (288 1024 64 ) 
4 49 61 (1640 432 -128 ) (1640 420 -128 ) (1640 420 0 ) (1640 432 0 ) 
4 49 60 (1640 432 -16 ) (1640 432 0 ) (1640 480 0 ) (1640 480 -16 ) 
4 49 59 (1640 748 -92 ) (1640 748 -60 ) (1640 780 -60 ) (1640 780 -92 ) 
4 49 58 (1640 1024 0 ) (1640 1024 -128 ) (1640 800 -128 ) (1640 800 0 ) 
4 49 56 (1640 1024 144 ) (1640 1024 0 ) (1640 420 0 ) (1640 420 144 ) 
4 49 53 (1640 420 -128 ) (1640 448 -128 ) (1896 448 -128 ) (1896 420 -128 ) 
4 49 50 (1640 420 144 ) (1640 420 -128 ) (2048 420 -128 ) (2048 420 144 ) 
4 50 61 (1640 420 -128 ) (1640 256 -128 ) (1640 256 0 ) (1640 420 0 ) 
4 50 56 (1640 256 0 ) (1640 256 144 ) (1640 420 144 ) (1640 420 0 ) 
4 50 54 (1640 256 144 ) (1640 256 240 ) (1640 420 240 ) (1640 420 144 ) 
4 50 53 (1640 256 -128 ) (1640 420 -128 ) (1896 420 -128 ) (1896 256 -128 ) 
4 50 52 (1640 256 240 ) (1640 256 -128 ) (1712 256 -128 ) (1712 256 240 ) 
4 50 51 (1712 256 -128 ) (2048 256 -128 ) (2048 256 240 ) (1712 256 240 ) 
4 51 104 (2048 0 -128 ) (2048 0 0 ) (1712 0 0 ) (1712 0 -128 ) 
4 51 96 (2048 0 0 ) (2048 0 144 ) (1712 0 144 ) (1712 0 0 ) 
4 51 93 (2048 0 144 ) (2048 0 384 ) (1712 0 384 ) (1712 0 144 ) 
4 51 53 (1712 224 -128 ) (1712 256 -128 ) (1896 256 -128 ) (1896 224 -128 ) 
4 51 52 (1712 256 240 ) (1712 256 -128 ) (1712 0 -128 ) (1712 0 240 ) 
4 52 104 (1640 0 0 ) (1640 0 -128 ) (1712 0 -128 ) (1712 0 0 ) 
4 52 96 (1640 0 144 ) (1640 0 0 ) (1712 0 0 ) (1712 0 144 ) 
4 52 94 (1640 0 240 ) (1640 0 144 ) (1712 0 144 ) (1712 0 240 ) 
4 52 63 (1640 208 0 ) (1640 240 0 ) (1640 240 -16 ) (1640 208 -16 ) 
4 52 61 (1640 256 -128 ) (1640 240 -128 ) (1640 240 0 ) (1640 256 0 ) 
4 52 56 (1640 0 0 ) (1640 0 144 ) (1640 256 144 ) (1640 256 0 ) 
4 52 55 (1640 0 144 ) (1640 0 240 ) (1640 256 240 ) (1640 256 144 ) 
4 52 53 (1640 224 -128 ) (1640 256 -128 ) (1712 256 -128 ) (1712 224 -128 ) 
4 53 61 (1640 240 -128 ) (1640 432 -128 ) (1640 432 -160 ) (1640 240 -160 ) 
4 54 56 (1640 420 144 ) (1640 256 144 ) (1636 256 144 ) (1636 420 144 ) 
4 54 55 (1636 256 240 ) (1636 256 144 ) (1640 256 144 ) (1640 256 240 ) 
4 55 94 (1640 0 144 ) (1640 0 240 ) (1636 0 240 ) (1636 0 144 ) 
4 55 56 (1640 256 144 ) (1640 0 144 ) (1636 0 144 ) (1636 256 144 ) 
4 56 96 (1640 0 0 ) (1640 0 144 ) (1636 0 144 ) (1636 0 0 ) 
4 56 63 (1640 240 0 ) (1640 208 0 ) (1636 208 0 ) (1636 240 0 ) 
4 56 61 (1640 432 0 ) (1640 240 0 ) (1636 240 0 ) (1636 432 0 ) 
4 56 60 (1640 480 0 ) (1640 432 0 ) (1636 432 0 ) (1636 480 0 ) 
4 56 58 (1640 1024 0 ) (1640 800 0 ) (1636 804 0 ) (1636 1020 0 ) 
4 56 57 (1636 144 0 ) (1636 0 0 ) (1636 0 144 ) (1636 144 144 ) 
4 57 97 (1636 0 144 ) (1608 0 144 ) (1608 0 0 ) (1636 0 0 ) 
4 57 65 (1608 0 0 ) (1608 0 144 ) (1608 144 144 ) (1608 144 0 ) 
4 58 71 (1608 832 -128 ) (1608 832 0 ) (1608 992 0 ) (1608 992 -128 ) 
4 60 61 (1640 432 -16 ) (1640 432 0 ) (1620 432 0 ) (1620 432 -16 ) 
4 61 63 (1640 240 -16 ) (1640 240 0 ) (1620 240 0 ) (1620 240 -16 ) 
4 61 62 (1620 432 -16 ) (1620 432 -160 ) (1620 240 -160 ) (1620 240 -16 ) 
4 62 72 (1608 240 -160 ) (1608 240 -16 ) (1608 432 -16 ) (1608 432 -160 ) 
4 64 65 (1512 144 0 ) (1560 144 0 ) (1560 144 80 ) (1512 144 80 ) 
4 65 97 (1608 0 0 ) (1608 0 144 ) (1468 0 144 ) (1468 0 0 ) 
4 65 66 (1468 96 0 ) (1468 0 0 ) (1468 0 128 ) (1468 96 128 ) 
4 66 98 (1460 0 0 ) (1468 0 0 ) (1468 0 128 ) (1460 0 128 ) 
4 66 67 (1460 0 128 ) (1460 96 128 ) (1460 96 0 ) (1460 0 0 ) 
4 67 99 (1452 0 0 ) (1460 0 0 ) (1460 0 128 ) (1452 0 128 ) 
4 67 68 (1452 0 128 ) (1452 96 128 ) (1452 96 0 ) (1452 0 0 ) 
4 68 100 (1440 0 128 ) (1440 0 0 ) (1452 0 0 ) (1452 0 128 ) 
4 68 69 (1440 96 0 ) (1440 0 0 ) (1440 0 128 ) (1440 96 128 ) 
4 69 101 (1144 0 128 ) (1144 0 0 ) (1440 0 0 ) (1440 0 128 ) 
4 69 70 (1144 96 0 ) (1144 0 0 ) (1144 0 128 ) (1144 96 128 ) 
4 70 102 (1024 0 98 ) (1024 0 0 ) (1144 0 0 ) (1144 0 128 ) 
4 70 79 (1024 96 0 ) (1024 0 0 ) (1024 0 98 ) (1024 96 98 ) 
4 70 73 (1024 0 0 ) (1024 96 0 ) (1144 96 0 ) (1144 0 0 ) 
3 73 105 (1144 0 0 ) (1024 0 0 ) (1024 0 -30 ) 
4 73 79 (1024 0 -30 ) (1024 0 0 ) (1024 96 0 ) (1024 96 -30 ) 
4 76 198 (0 780 64 ) (0 780 208 ) (0 1024 208 ) (0 1024 64 ) 
4 77 200 (0 400 288 ) (0 464 288 ) (0 464 160 ) (0 400 160 ) 
4 77 199 (0 464 288 ) (0 656 288 ) (0 656 160 ) (0 464 160 ) 
4 77 78 (0 400 160 ) (96 400 160 ) (96 400 288 ) (0 400 288 ) 
4 78 201 (0 384 160 ) (0 384 288 ) (0 400 288 ) (0 400 160 ) 
4 78 83 (0 384 288 ) (0 384 160 ) (96 384 160 ) (96 384 288 ) 
4 79 112 (1024 0 -30 ) (1024 0 98 ) (760 0 32 ) (760 0 -96 ) 
4 79 80 (760 0 -96 ) (760 0 32 ) (760 96 32 ) (760 96 -96 ) 
4 80 113 (760 0 -96 ) (760 0 32 ) (400 0 32 ) (400 0 -96 ) 
4 80 81 (400 0 32 ) (400 96 32 ) (400 96 -96 ) (400 0 -96 ) 
4 81 114 (400 0 32 ) (384 0 32 ) (384 0 -96 ) (400 0 -96 ) 
4 81 83 (384 96 -96 ) (384 0 -96 ) (384 0 32 ) (384 96 32 ) 
4 82 203 (0 0 480 ) (0 0 864 ) (0 384 864 ) (0 384 480 ) 
4 82 115 (384 0 480 ) (384 0 864 ) (0 0 864 ) (0 0 480 ) 
4 82 83 (0 384 480 ) (384 384 480 ) (384 0 480 ) (0 0 480 ) 
4 83 204 (0 0 -288 ) (0 0 480 ) (0 384 480 ) (0 384 -288 ) 
4 83 116 (384 0 -288 ) (384 0 480 ) (0 0 480 ) (0 0 -288 ) 
4 83 84 (0 0 -288 ) (0 384 -288 ) (384 384 -288 ) (384 0 -288 ) 
4 84 205 (0 0 -1440 ) (0 0 -288 ) (0 384 -288 ) (0 384 -1440 ) 
4 84 117 (384 0 -1440 ) (384 0 -288 ) (0 0 -288 ) (0 0 -1440 ) 
4 84 85 (0 0 -1440 ) (0 288 -1440 ) (288 288 -1440 ) (288 0 -1440 ) 
4 85 206 (0 0 -1616 ) (0 0 -1440 ) (0 288 -1440 ) (0 288 -1616 ) 
4 85 118 (288 0 -1616 ) (288 0 -1440 ) (0 0 -1440 ) (0 0 -1616 ) 
4 86 88 (2412 0 384 ) (2412 0 240 ) (2412 -512 240 ) (2412 -512 384 ) 
4 86 87 (2412 -512 240 ) (2412 0 240 ) (2580 0 240 ) (2580 -512 240 ) 
4 87 89 (2412 -512 112 ) (2412 -644 112 ) (2412 -644 240 ) (2412 -512 240 ) 
4 87 88 (2412 0 240 ) (2412 0 112 ) (2412 -512 112 ) (2412 -512 240 ) 
4 88 96 (2048 0 144 ) (2048 0 0 ) (2048 -512 0 ) (2048 -512 144 ) 
4 88 93 (2048 0 384 ) (2048 0 144 ) (2048 -512 144 ) (2048 -512 384 ) 
4 88 91 (2048 -512 0 ) (2048 0 0 ) (2408 0 0 ) (2408 -512 0 ) 
4 88 89 (2048 -512 0 ) (2412 -512 0 ) (2412 -512 240 ) (2048 -512 240 ) 
4 89 96 (2048 -512 0 ) (2048 -644 0 ) (2048 -644 144 ) (2048 -512 144 ) 
4 89 95 (2048 -644 144 ) (2048 -644 240 ) (2048 -512 240 ) (2048 -512 144 ) 
4 89 92 (2048 -644 0 ) (2048 -640 0 ) (2184 -640 0 ) (2184 -644 0 ) 
4 89 91 (2048 -640 0 ) (2048 -512 0 ) (2408 -512 0 ) (2408 -640 0 ) 
4 89 90 (2048 -644 144 ) (2048 -644 0 ) (2188 -644 0 ) (2188 -644 144 ) 
4 90 96 (2048 -644 144 ) (2048 -644 0 ) (2048 -868 0 ) (2048 -868 144 ) 
4 90 92 (2048 -864 0 ) (2048 -644 0 ) (2184 -644 0 ) (2184 -864 0 ) 
4 91 106 (2048 -640 0 ) (2048 -96 0 ) (2048 -96 -128 ) (2048 -640 -128 ) 
4 91 104 (2048 -96 0 ) (2048 0 0 ) (2048 0 -128 ) (2048 -96 -128 ) 
4 91 92 (2048 -640 -128 ) (2184 -640 -128 ) (2184 -640 0 ) (2048 -640 0 ) 
4 92 106 (2048 -864 -128 ) (2048 -864 0 ) (2048 -640 0 ) (2048 -640 -128 ) 
4 93 96 (1712 0 144 ) (2048 0 144 ) (2048 -512 144 ) (1712 -512 144 ) 
4 93 95 (1712 -512 144 ) (2048 -512 144 ) (2048 -512 240 ) (1712 -512 240 ) 
4 93 94 (1712 0 240 ) (1712 0 144 ) (1712 -512 144 ) (1712 -512 240 ) 
4 94 96 (1636 0 144 ) (1712 0 144 ) (1712 -512 144 ) (1636 -512 144 ) 
4 94 95 (1636 -512 240 ) (1636 -512 144 ) (1712 -512 144 ) (1712 -512 240 ) 
4 95 96 (2048 -512 144 ) (2048 -644 144 ) (1636 -644 144 ) (1636 -512 144 ) 
4 96 111 (1688 -864 0 ) (1720 -864 0 ) (1720 -868 0 ) (1692 -868 0 ) 
4 96 110 (1720 -864 0 ) (1912 -864 0 ) (1912 -868 0 ) (1720 -868 0 ) 
4 96 109 (1912 -864 0 ) (1944 -864 0 ) (1940 -868 0 ) (1912 -868 0 ) 
4 96 107 (1636 -864 0 ) (1636 -512 0 ) (1640 -512 0 ) (1640 -864 0 ) 
4 96 106 (1640 -96 0 ) (2048 -96 0 ) (2048 -864 0 ) (1640 -864 0 ) 
4 96 104 (1640 0 0 ) (2048 0 0 ) (2048 -96 0 ) (1640 -96 0 ) 
4 96 97 (1636 0 0 ) (1636 -432 0 ) (1636 -432 144 ) (1636 0 144 ) 
4 97 98 (1468 0 0 ) (1468 -96 0 ) (1468 -96 128 ) (1468 0 128 ) 
4 98 99 (1460 0 0 ) (1460 -96 0 ) (1460 -96 128 ) (1460 0 128 ) 
4 99 100 (1452 0 0 ) (1452 -96 0 ) (1452 -96 128 ) (1452 0 128 ) 
4 100 101 (1440 0 0 ) (1440 -96 0 ) (1440 -96 128 ) (1440 0 128 ) 
4 101 103 (1336 -96 32 ) (1384 -96 32 ) (1384 -96 80 ) (1336 -96 80 ) 
4 101 102 (1144 0 0 ) (1144 -96 0 ) (1144 -96 128 ) (1144 0 128 ) 
4 102 112 (1024 0 98 ) (1024 0 0 ) (1024 -96 0 ) (1024 -96 98 ) 
4 102 105 (1024 -96 0 ) (1024 0 0 ) (1144 0 0 ) (1144 -96 0 ) 
4 104 106 (2048 -96 -128 ) (2048 -96 0 ) (1640 -96 0 ) (1640 -96 -128 ) 
4 105 112 (1024 -96 -30 ) (1024 -96 0 ) (1024 0 0 ) (1024 0 -30 ) 
4 106 111 (1720 -864 0 ) (1688 -864 0 ) (1688 -864 -128 ) (1720 -864 -128 ) 
4 106 110 (1912 -864 0 ) (1720 -864 0 ) (1720 -864 -128 ) (1912 -864 -128 ) 
4 106 109 (1944 -864 0 ) (1912 -864 0 ) (1912 -864 -128 ) (1944 -864 -128 ) 
4 106 108 (1960 -864 -60 ) (1960 -864 -92 ) (1992 -864 -92 ) (1992 -864 -60 ) 
4 106 107 (1640 -512 -128 ) (1640 -864 -128 ) (1640 -864 0 ) (1640 -512 0 ) 
4 109 110 (1912 -864 0 ) (1912 -864 -128 ) (1912 -896 -128 ) (1912 -896 0 ) 
4 110 111 (1720 -864 0 ) (1720 -864 -128 ) (1720 -896 -128 ) (1720 -896 0 ) 
4 112 113 (760 0 32 ) (760 0 -96 ) (760 -96 -96 ) (760 -96 32 ) 
4 113 114 (400 0 -96 ) (400 -96 -96 ) (400 -96 32 ) (400 0 32 ) 
4 114 116 (384 0 32 ) (384 0 -96 ) (384 -96 -96 ) (384 -96 32 ) 
4 115 295 (0 -384 480 ) (0 -384 864 ) (0 0 864 ) (0 0 480 ) 
4 115 116 (0 0 480 ) (384 0 480 ) (384 -384 480 ) (0 -384 480 ) 
4 116 296 (0 -384 -288 ) (0 -384 480 ) (0 0 480 ) (0 0 -288 ) 
4 116 119 (0 -384 288 ) (0 -384 160 ) (96 -384 160 ) (96 -384 288 ) 
4 116 117 (384 0 -288 ) (384 -384 -288 ) (0 -384 -288 ) (0 0 -288 ) 
4 117 297 (0 -384 -1440 ) (0 -384 -288 ) (0 0 -288 ) (0 0 -1440 ) 
4 117 118 (0 0 -1440 ) (288 0 -1440 ) (288 -288 -1440 ) (0 -288 -1440 ) 
4 118 298 (0 -288 -1440 ) (0 0 -1440 ) (0 0 -1616 ) (0 -288 -1616 ) 
4 119 302 (0 -400 288 ) (0 -384 288 ) (0 -384 160 ) (0 -400 160 ) 
4 119 120 (0 -400 160 ) (96 -400 160 ) (96 -400 288 ) (0 -400 288 ) 
4 120 303 (0 -504 160 ) (0 -504 288 ) (0 -400 288 ) (0 -400 160 ) 
4 120 121 (0 -504 288 ) (0 -504 160 ) (96 -504 160 ) (96 -504 288 ) 
4 121 304 (0 -1024 290 ) (0 -1024 418 ) (0 -504 288 ) (0 -504 160 ) 
4 121 125 (0 -1024 418 ) (0 -1024 290 ) (96 -1024 290 ) (96 -1024 418 ) 
4 122 123 (1128 -1408 272 ) (1040 -1408 272 ) (1040 -1408 188 ) (1128 -1408 188 ) 
4 123 143 (1128 -2048 188 ) (1128 -2048 320 ) (1040 -2048 320 ) (1040 -2048 188 ) 
4 123 124 (1040 -2048 192 ) (1040 -2048 320 ) (1040 -1408 320 ) (1040 -1408 192 ) 
4 124 144 (1040 -2048 192 ) (1040 -2048 320 ) (1024 -2048 320 ) (1024 -2048 192 ) 
4 124 131 (1024 -2048 192 ) (1024 -2048 320 ) (1024 -1408 320 ) (1024 -1408 192 ) 
4 125 332 (0 -1024 418 ) (0 -1024 290 ) (0 -1048 296 ) (0 -1048 424 ) 
4 125 126 (0 -1048 424 ) (0 -1048 296 ) (96 -1048 296 ) (96 -1048 424 ) 
4 126 333 (0 -1048 424 ) (0 -1048 296 ) (0 -1120 296 ) (0 -1120 424 ) 
4 126 129 (96 -1120 296 ) (96 -1120 424 ) (0 -1120 424 ) (0 -1120 296 ) 
4 127 129 (160 -1120 296 ) (160 -1312 296 ) (160 -1312 424 ) (160 -1120 424 ) 
4 127 128 (160 -1328 424 ) (160 -1328 296 ) (352 -1328 296 ) (352 -1328 424 ) 
4 128 135 (352 -1340 424 ) (160 -1340 424 ) (160 -1340 296 ) (352 -1340 296 ) 
4 129 333 (0 -1120 424 ) (0 -1120 296 ) (0 -1312 296 ) (0 -1312 424 ) 
4 130 146 (916 -2048 336 ) (900 -2048 336 ) (900 -2048 320 ) (916 -2048 320 ) 
4 130 133 (900 -1376 320 ) (900 -2048 320 ) (900 -2048 336 ) (900 -1376 336 ) 
4 130 131 (916 -2048 320 ) (900 -2048 320 ) (900 -1408 320 ) (916 -1408 320 ) 
4 131 147 (900 -2048 192 ) (1024 -2048 192 ) (1024 -2048 320 ) (900 -2048 320 ) 
4 131 134 (900 -1408 192 ) (900 -2048 192 ) (900 -2048 296 ) (900 -1408 296 ) 
4 131 133 (900 -2048 296 ) (900 -2048 320 ) (900 -1408 320 ) (900 -1408 296 ) 
4 132 148 (728 -2048 464 ) (484 -2048 464 ) (484 -2048 424 ) (728 -2048 424 ) 
4 132 133 (484 -1340 424 ) (728 -1340 424 ) (728 -2048 424 ) (484 -2048 424 ) 
4 133 160 (900 -2048 296 ) (900 -2048 304 ) (420 -2048 304 ) (420 -2048 296 ) 
4 133 152 (900 -2048 304 ) (900 -2048 424 ) (420 -2048 424 ) (420 -2048 304 ) 
4 133 135 (420 -1340 424 ) (420 -1340 296 ) (420 -2048 296 ) (420 -2048 424 ) 
4 133 134 (420 -2048 296 ) (420 -1340 296 ) (900 -1340 296 ) (900 -2048 296 ) 
4 134 162 (420 -2048 192 ) (900 -2048 192 ) (900 -2048 296 ) (420 -2048 296 ) 
4 134 137 (420 -1340 192 ) (900 -1340 192 ) (900 -2048 192 ) (420 -2048 192 ) 
4 134 136 (420 -1340 296 ) (420 -1340 192 ) (420 -2048 192 ) (420 -2048 296 ) 
4 135 335 (0 -2048 296 ) (0 -2048 432 ) (0 -1340 432 ) (0 -1340 296 ) 
4 135 161 (0 -2048 304 ) (0 -2048 296 ) (110 -2048 296 ) (110 -2048 304 ) 
4 135 160 (110 -2048 296 ) (420 -2048 296 ) (420 -2048 304 ) (110 -2048 304 ) 
4 135 158 (0 -2048 424 ) (0 -2048 304 ) (28 -2048 304 ) (28 -2048 424 ) 
4 135 155 (84 -2048 416 ) (84 -2048 424 ) (28 -2048 424 ) (28 -2048 416 ) 
4 135 157 (28 -2048 304 ) (84 -2048 304 ) (84 -2048 416 ) (28 -2048 416 ) 
4 135 153 (84 -2048 304 ) (110 -2048 304 ) (110 -2048 424 ) (84 -2048 424 ) 
4 135 152 (110 -2048 304 ) (420 -2048 304 ) (420 -2048 424 ) (110 -2048 424 ) 
4 135 150 (0 -2048 432 ) (0 -2048 424 ) (110 -2048 424 ) (110 -2048 432 ) 
4 135 149 (110 -2048 424 ) (420 -2048 424 ) (420 -2048 432 ) (110 -2048 432 ) 
4 135 136 (0 -1340 296 ) (420 -1340 296 ) (420 -2048 296 ) (0 -2048 296 ) 
4 136 336 (0 -2048 192 ) (0 -2048 296 ) (0 -1340 296 ) (0 -1340 192 ) 
4 136 162 (0 -2048 296 ) (0 -2048 192 ) (420 -2048 192 ) (420 -2048 296 ) 
4 136 137 (0 -1340 192 ) (420 -1340 192 ) (420 -2048 192 ) (0 -2048 192 ) 
4 137 336 (0 -2048 160 ) (0 -2048 192 ) (0 -1340 192 ) (0 -1340 160 ) 
4 137 162 (0 -2048 192 ) (0 -2048 160 ) (900 -2048 160 ) (900 -2048 192 ) 
4 137 139 (900 -2048 160 ) (0 -2048 160 ) (0 -1760 160 ) (900 -1760 160 ) 
4 137 138 (0 -1760 160 ) (0 -1344 160 ) (896 -1344 160 ) (896 -1760 160 ) 
4 138 338 (0 -1760 160 ) (0 -1344 160 ) (0 -1344 32 ) (0 -1760 32 ) 
4 138 139 (0 -1760 32 ) (896 -1760 32 ) (896 -1760 160 ) (0 -1760 160 ) 
4 139 338 (0 -2048 32 ) (0 -2048 160 ) (0 -1760 160 ) (0 -1760 32 ) 
4 139 163 (0 -2048 160 ) (0 -2048 32 ) (900 -2048 32 ) (900 -2048 160 ) 
4 139 142 (896 -2048 32 ) (0 -2048 32 ) (0 -1920 32 ) (896 -1920 32 ) 
4 139 141 (900 -2048 32 ) (896 -2048 32 ) (896 -1920 32 ) (900 -1920 32 ) 
4 139 140 (0 -1920 32 ) (0 -1760 32 ) (896 -1760 32 ) (896 -1920 32 ) 
4 140 349 (0 -1920 -96 ) (0 -1920 32 ) (0 -1760 32 ) (0 -1760 -96 ) 
4 140 142 (896 -1920 32 ) (0 -1920 32 ) (0 -1920 -96 ) (896 -1920 -96 ) 
4 141 165 (896 -2048 -96 ) (960 -2048 -96 ) (960 -2048 32 ) (896 -2048 32 ) 
4 141 142 (896 -1920 32 ) (896 -1920 -96 ) (896 -2048 -96 ) (896 -2048 32 ) 
4 142 349 (0 -2048 -96 ) (0 -2048 32 ) (0 -1920 32 ) (0 -1920 -96 ) 
4 142 166 (0 -2048 32 ) (0 -2048 -96 ) (896 -2048 -96 ) (896 -2048 32 ) 
4 143 145 (1128 -2208 188 ) (1128 -2208 272 ) (1040 -2208 272 ) (1040 -2208 188 ) 
4 143 144 (1040 -2208 192 ) (1040 -2208 320 ) (1040 -2048 320 ) (1040 -2048 192 ) 
4 144 147 (1024 -2048 320 ) (1024 -2048 192 ) (1024 -2208 192 ) (1024 -2208 320 ) 
4 146 152 (900 -2240 336 ) (900 -2048 336 ) (900 -2048 320 ) (900 -2240 320 ) 
4 146 147 (900 -2208 320 ) (900 -2048 320 ) (916 -2048 320 ) (916 -2208 320 ) 
4 147 162 (900 -2048 296 ) (900 -2048 192 ) (900 -2208 192 ) (900 -2208 296 ) 
4 147 160 (900 -2048 304 ) (900 -2048 296 ) (900 -2208 296 ) (900 -2208 304 ) 
4 147 152 (900 -2208 320 ) (900 -2048 320 ) (900 -2048 304 ) (900 -2208 304 ) 
4 148 152 (728 -2276 424 ) (484 -2276 424 ) (484 -2048 424 ) (728 -2048 424 ) 
4 149 152 (420 -2276 424 ) (110 -2276 424 ) (110 -2048 424 ) (420 -2048 424 ) 
4 149 150 (110 -2048 432 ) (110 -2048 424 ) (110 -2090 424 ) (110 -2090 432 ) 
4 150 399 (0 -2048 432 ) (0 -2048 424 ) (0 -2090 424 ) (0 -2090 432 ) 
4 150 158 (0 -2090 424 ) (0 -2048 424 ) (28 -2048 424 ) (28 -2090 424 ) 
4 150 155 (28 -2048 424 ) (84 -2048 424 ) (84 -2090 424 ) (28 -2090 424 ) 
4 150 153 (84 -2048 424 ) (110 -2048 424 ) (110 -2090 424 ) (84 -2090 424 ) 
4 151 402 (0 -2106 474 ) (0 -2106 424 ) (0 -2276 424 ) (0 -2276 474 ) 
4 151 164 (0 -2276 474 ) (0 -2276 424 ) (94 -2276 424 ) (94 -2276 474 ) 
4 151 159 (28 -2276 424 ) (0 -2276 424 ) (0 -2106 424 ) (28 -2106 424 ) 
4 151 156 (84 -2276 424 ) (28 -2276 424 ) (28 -2106 424 ) (84 -2106 424 ) 
4 151 154 (94 -2276 424 ) (84 -2276 424 ) (84 -2106 424 ) (94 -2106 424 ) 
4 152 160 (110 -2048 304 ) (900 -2048 304 ) (900 -2276 304 ) (110 -2276 304 ) 
4 152 153 (110 -2048 304 ) (110 -2090 304 ) (110 -2090 424 ) (110 -2048 424 ) 
4 153 161 (84 -2048 304 ) (110 -2048 304 ) (110 -2090 304 ) (84 -2090 304 ) 
4 153 155 (84 -2090 416 ) (84 -2090 424 ) (84 -2048 424 ) (84 -2048 416 ) 
4 153 157 (84 -2048 304 ) (84 -2090 304 ) (84 -2090 416 ) (84 -2048 416 ) 
4 154 164 (94 -2276 424 ) (84 -2276 424 ) (84 -2276 304 ) (94 -2276 304 ) 
4 154 156 (84 -2276 416 ) (84 -2276 424 ) (84 -2106 424 ) (84 -2106 416 ) 
4 154 157 (84 -2106 304 ) (84 -2276 304 ) (84 -2276 416 ) (84 -2106 416 ) 
4 155 158 (28 -2090 424 ) (28 -2048 424 ) (28 -2048 416 ) (28 -2090 416 ) 
4 155 157 (28 -2090 416 ) (28 -2048 416 ) (84 -2048 416 ) (84 -2090 416 ) 
4 156 164 (84 -2276 424 ) (28 -2276 424 ) (28 -2276 416 ) (84 -2276 416 ) 
4 156 159 (28 -2276 416 ) (28 -2276 424 ) (28 -2106 424 ) (28 -2106 416 ) 
4 156 157 (28 -2276 416 ) (28 -2106 416 ) (84 -2106 416 ) (84 -2276 416 ) 
4 157 164 (28 -2276 416 ) (28 -2276 304 ) (84 -2276 304 ) (84 -2276 416 ) 
4 157 161 (28 -2048 304 ) (84 -2048 304 ) (84 -2090 304 ) (28 -2090 304 ) 
4 157 159 (28 -2106 304 ) (28 -2276 304 ) (28 -2276 416 ) (28 -2106 416 ) 
4 157 158 (28 -2048 304 ) (28 -2090 304 ) (28 -2090 416 ) (28 -2048 416 ) 
4 158 399 (0 -2048 424 ) (0 -2048 304 ) (0 -2090 304 ) (0 -2090 424 ) 
4 158 161 (0 -2048 304 ) (28 -2048 304 ) (28 -2090 304 ) (0 -2090 304 ) 
4 159 402 (0 -2106 304 ) (0 -2276 304 ) (0 -2276 424 ) (0 -2106 424 ) 
4 159 164 (28 -2276 424 ) (0 -2276 424 ) (0 -2276 304 ) (28 -2276 304 ) 
4 160 162 (900 -2048 296 ) (900 -2276 296 ) (110 -2276 296 ) (110 -2048 296 ) 
4 160 161 (110 -2048 296 ) (110 -2090 296 ) (110 -2090 304 ) (110 -2048 304 ) 
4 161 403 (0 -2048 304 ) (0 -2048 296 ) (0 -2090 296 ) (0 -2090 304 ) 
4 161 162 (0 -2090 296 ) (0 -2048 296 ) (110 -2048 296 ) (110 -2090 296 ) 
4 162 404 (0 -2048 296 ) (0 -2048 160 ) (0 -2276 160 ) (0 -2276 296 ) 
4 162 163 (0 -2048 160 ) (900 -2048 160 ) (900 -2276 160 ) (0 -2276 160 ) 
4 163 405 (0 -2048 160 ) (0 -2048 32 ) (0 -2276 32 ) (0 -2276 160 ) 
4 163 166 (0 -2272 32 ) (0 -2048 32 ) (896 -2048 32 ) (896 -2272 32 ) 
4 163 165 (896 -2112 32 ) (896 -2048 32 ) (900 -2048 32 ) (900 -2112 32 ) 
4 164 402 (0 -2276 474 ) (0 -2276 304 ) (0 -2298 304 ) (0 -2298 474 ) 
4 165 166 (896 -2048 -96 ) (896 -2112 -96 ) (896 -2112 32 ) (896 -2048 32 ) 
4 166 407 (0 -2272 32 ) (0 -2048 32 ) (0 -2048 -96 ) (0 -2272 -96 ) 
4 167 191 (-1024 1476 512 ) (-1024 1152 512 ) (-1024 1152 544 ) (-1024 1476 544 ) 
4 167 168 (-1024 1152 512 ) (-1024 1476 512 ) (0 1476 512 ) (0 1152 512 ) 
4 168 191 (-1024 1476 448 ) (-1024 1152 448 ) (-1024 1152 512 ) (-1024 1476 512 ) 
4 168 170 (-1024 1152 448 ) (-1024 1476 448 ) (0 1476 448 ) (0 1152 448 ) 
4 168 169 (-1024 1152 448 ) (-188 1152 448 ) (-188 1152 512 ) (-1024 1152 512 ) 
4 169 196 (-188 1024 512 ) (-1024 1024 512 ) (-1024 1024 448 ) (-188 1024 448 ) 
4 169 192 (-1024 1152 448 ) (-1024 1024 448 ) (-1024 1024 512 ) (-1024 1152 512 ) 
4 169 171 (-1024 1024 448 ) (-1024 1100 448 ) (-188 1100 448 ) (-188 1024 448 ) 
4 169 170 (-1024 1100 448 ) (-1024 1152 448 ) (-188 1152 448 ) (-188 1100 448 ) 
4 170 192 (-1024 1152 432 ) (-1024 1100 432 ) (-1024 1100 448 ) (-1024 1152 448 ) 
4 170 191 (-1024 1476 432 ) (-1024 1152 432 ) (-1024 1152 448 ) (-1024 1476 448 ) 
4 170 179 (-20 1476 432 ) (0 1476 432 ) (0 1100 432 ) (-20 1100 432 ) 
4 170 180 (-1024 1100 432 ) (-1024 1476 432 ) (-20 1476 432 ) (-20 1100 432 ) 
4 170 171 (-1024 1100 432 ) (-20 1100 432 ) (-20 1100 448 ) (-1024 1100 448 ) 
4 171 197 (-20 1024 448 ) (-1024 1024 448 ) (-1024 1024 432 ) (-20 1024 432 ) 
4 171 192 (-1024 1100 432 ) (-1024 1024 432 ) (-1024 1024 448 ) (-1024 1100 448 ) 
4 171 180 (-1024 1024 432 ) (-1024 1100 432 ) (-20 1100 432 ) (-20 1024 432 ) 
4 172 175 (-678 1744 384 ) (-614 1744 384 ) (-614 1712 384 ) (-678 1712 384 ) 
4 173 175 (-806 1744 384 ) (-742 1744 384 ) (-742 1712 384 ) (-806 1712 384 ) 
4 174 175 (-934 1744 384 ) (-870 1744 384 ) (-870 1712 384 ) (-934 1712 384 ) 
4 175 176 (-552 1632 256 ) (-552 1632 368 ) (-1000 1632 368 ) (-1000 1632 256 ) 
4 176 177 (-1000 1620 256 ) (-552 1620 256 ) (-552 1620 368 ) (-1000 1620 368 ) 
4 177 184 (-1024 1620 416 ) (-1024 1620 256 ) (-1024 1492 256 ) (-1024 1492 416 ) 
4 177 178 (-1024 1492 256 ) (0 1492 256 ) (0 1492 416 ) (-1024 1492 416 ) 
4 178 189 (-1024 1476 432 ) (-1024 1488 432 ) (-1024 1488 256 ) (-1024 1476 256 ) 
4 178 185 (-1024 1488 432 ) (-1024 1492 432 ) (-1024 1492 256 ) (-1024 1488 256 ) 
4 178 179 (-20 1476 256 ) (0 1476 256 ) (0 1476 432 ) (-20 1476 432 ) 
4 178 180 (-1024 1476 256 ) (-20 1476 256 ) (-20 1476 432 ) (-1024 1476 432 ) 
4 179 181 (-20 1476 256 ) (0 1476 256 ) (0 1100 256 ) (-20 1100 256 ) 
4 179 180 (-20 1476 432 ) (-20 1476 256 ) (-20 1100 256 ) (-20 1100 432 ) 
4 180 197 (-20 1024 432 ) (-1024 1024 432 ) (-1024 1024 256 ) (-20 1024 256 ) 
4 180 192 (-1024 1024 256 ) (-1024 1024 432 ) (-1024 1152 432 ) (-1024 1152 256 ) 
4 180 191 (-1024 1152 432 ) (-1024 1476 432 ) (-1024 1476 256 ) (-1024 1152 256 ) 
4 180 183 (-1024 1024 256 ) (-1024 1476 256 ) (-20 1476 256 ) (-20 1024 256 ) 
4 181 182 (-20 1100 208 ) (-20 1100 64 ) (0 1100 64 ) (0 1100 208 ) 
4 181 183 (-20 1476 256 ) (-20 1476 64 ) (-20 1100 64 ) (-20 1100 256 ) 
4 182 198 (0 1024 64 ) (0 1024 208 ) (-20 1024 208 ) (-20 1024 64 ) 
4 182 183 (-20 1100 64 ) (-20 1024 64 ) (-20 1024 208 ) (-20 1100 208 ) 
4 183 197 (-20 1024 256 ) (-1024 1024 256 ) (-1024 1024 208 ) (-20 1024 208 ) 
4 183 198 (-1024 1024 208 ) (-1024 1024 64 ) (-20 1024 64 ) (-20 1024 208 ) 
4 183 193 (-1024 1476 64 ) (-1024 1024 64 ) (-1024 1024 160 ) (-1024 1476 160 ) 
4 183 192 (-1024 1024 160 ) (-1024 1024 256 ) (-1024 1152 256 ) (-1024 1152 160 ) 
4 183 191 (-1024 1152 256 ) (-1024 1476 256 ) (-1024 1476 160 ) (-1024 1152 160 ) 
4 184 186 (-1508 1620 256 ) (-1508 1492 256 ) (-1508 1492 416 ) (-1508 1620 416 ) 
4 184 185 (-1508 1492 256 ) (-1024 1492 256 ) (-1024 1492 416 ) (-1508 1492 416 ) 
4 185 189 (-1024 1488 256 ) (-1024 1488 432 ) (-1508 1488 432 ) (-1508 1488 256 ) 
4 185 187 (-1508 1492 256 ) (-1508 1488 256 ) (-1508 1488 432 ) (-1508 1492 432 ) 
4 186 256 (-2048 1492 160 ) (-2048 1492 416 ) (-2048 1620 416 ) (-2048 1620 160 ) 
4 186 188 (-1652 1492 416 ) (-2048 1492 416 ) (-2048 1492 160 ) (-1652 1492 160 ) 
5 186 187 (-1508 1492 255.998962 ) (-1508 1492 416 ) (-1652 1492 416 ) (-1652 1492 160 ) (-1651.998535 1492 160 ) 
3 187 190 (-1508 1488 256 ) (-1652 1488 256 ) (-1652 1488 160 ) 
4 187 189 (-1508 1488 256 ) (-1508 1488 432 ) (-1652 1488 432 ) (-1652 1488 256 ) 
4 187 188 (-1652 1492 432 ) (-1652 1492 160 ) (-1652 1488 160 ) (-1652 1488 432 ) 
4 188 256 (-2048 1488 160 ) (-2048 1488 416 ) (-2048 1492 416 ) (-2048 1492 160 ) 
4 188 255 (-2048 1488 416 ) (-2048 1488 432 ) (-2048 1492 432 ) (-2048 1492 416 ) 
4 188 190 (-2048 1488 256 ) (-2048 1488 160 ) (-1652 1488 160 ) (-1652 1488 256 ) 
4 188 189 (-2048 1488 432 ) (-2048 1488 256 ) (-1652 1488 256 ) (-1652 1488 432 ) 
4 189 256 (-2048 1488 416 ) (-2048 1488 256 ) (-2048 1476 256 ) (-2048 1476 416 ) 
4 189 255 (-2048 1488 432 ) (-2048 1488 416 ) (-2048 1476 416 ) (-2048 1476 432 ) 
4 189 191 (-2048 1476 432 ) (-2048 1476 256 ) (-1024 1476 256 ) (-1024 1476 432 ) 
4 189 190 (-1507.998535 1476 256 ) (-2048 1476 256 ) (-2048 1488 256 ) (-1507.998535 1488 256 ) 
4 190 256 (-2048 1488 256 ) (-2048 1488 160 ) (-2048 1476 160 ) (-2048 1476 256 ) 
4 190 191 (-2048 1476 256 ) (-2048 1476 160 ) (-1651.998535 1476 160 ) (-1507.998535 1476 256 ) 
4 191 257 (-2048 1476 432 ) (-2048 1476 160 ) (-2048 1152 160 ) (-2048 1152 432 ) 
4 191 253 (-2048 1476 544 ) (-2048 1476 432 ) (-2048 1152 432 ) (-2048 1152 544 ) 
4 191 193 (-1956 1476 160 ) (-1024 1476 160 ) (-1024 1152 160 ) (-1956 1152 160 ) 
4 191 192 (-2048 1152 160 ) (-1024 1152 160 ) (-1024 1152 512 ) (-2048 1152 512 ) 
4 192 258 (-2048 1024 160 ) (-2048 1024 432 ) (-2048 1152 432 ) (-2048 1152 160 ) 
4 192 254 (-2048 1024 432 ) (-2048 1024 512 ) (-2048 1152 512 ) (-2048 1152 432 ) 
4 192 235 (-2048 1024 512 ) (-2048 1024 160 ) (-1280 1024 160 ) (-1280 1024 512 ) 
4 192 219 (-1280 1024 160 ) (-1024 1024 160 ) (-1024 1024 512 ) (-1280 1024 512 ) 
4 192 193 (-1024 1152 160 ) (-1024 1024 160 ) (-1956 1024 160 ) (-1956 1152 160 ) 
4 193 236 (-1956 1024 64 ) (-1280 1024 64 ) (-1280 1024 160 ) (-1956 1024 160 ) 
4 193 219 (-1280 1024 64 ) (-1024 1024 64 ) (-1024 1024 160 ) (-1280 1024 160 ) 
4 193 194 (-1276 1024 64 ) (-1956 1024 64 ) (-1956 1476 64 ) (-1276 1476 64 ) 
4 194 237 (-1956 1024 32 ) (-1280 1024 32 ) (-1280 1024 64 ) (-1956 1024 64 ) 
4 194 231 (-1280 1024 32 ) (-1276 1024 32 ) (-1276 1024 64 ) (-1280 1024 64 ) 
4 194 195 (-1280 1472 32 ) (-1280 1024 32 ) (-1952 1024 32 ) (-1952 1472 32 ) 
4 195 247 (-1952 1024 -96 ) (-1472 1024 -96 ) (-1472 1024 32 ) (-1952 1024 32 ) 
4 195 242 (-1472 1024 -96 ) (-1280 1024 -96 ) (-1280 1024 32 ) (-1472 1024 32 ) 
4 196 219 (-1024 1024 512 ) (-1024 1024 448 ) (-1024 780 448 ) (-1024 780 512 ) 
4 196 197 (-188 780 448 ) (-1024 780 448 ) (-1024 1024 448 ) (-188 1024 448 ) 
4 197 219 (-1024 1024 448 ) (-1024 1024 208 ) (-1024 780 208 ) (-1024 780 448 ) 
4 197 215 (-968 780 256 ) (-832 780 256 ) (-832 780 384 ) (-968 780 384 ) 
4 197 211 (-832 780 384 ) (-832 780 256 ) (-640 780 256 ) (-640 780 384 ) 
4 197 198 (-20 780 208 ) (-1024 780 208 ) (-1024 1024 208 ) (-20 1024 208 ) 
4 198 219 (-1024 1024 208 ) (-1024 1024 64 ) (-1024 780 64 ) (-1024 780 208 ) 
4 199 202 (-168 656 160 ) (-168 464 160 ) (-168 464 288 ) (-168 656 288 ) 
4 199 200 (-96 464 160 ) (0 464 160 ) (0 464 288 ) (-96 464 288 ) 
4 200 201 (-96 400 288 ) (-96 400 160 ) (0 400 160 ) (0 400 288 ) 
4 201 204 (0 384 160 ) (0 384 288 ) (-96 384 288 ) (-96 384 160 ) 
4 202 207 (-384 464 214 ) (-384 464 342 ) (-384 656 342 ) (-384 656 213.998978 ) 
4 203 295 (0 0 480 ) (0 0 864 ) (-384 0 864 ) (-384 0 480 ) 
4 203 204 (0 0 480 ) (-384 0 480 ) (-384 384 480 ) (0 384 480 ) 
4 204 296 (0 0 -288 ) (0 0 480 ) (-384 0 480 ) (-384 0 -288 ) 
4 204 209 (-384 0 -96 ) (-384 0 32 ) (-384 96 32 ) (-384 96 -96 ) 
4 204 205 (-384 0 -288 ) (-384 384 -288 ) (0 384 -288 ) (0 0 -288 ) 
4 205 297 (0 0 -1440 ) (0 0 -288 ) (-384 0 -288 ) (-384 0 -1440 ) 
4 205 206 (0 288 -1440 ) (0 0 -1440 ) (-288 0 -1440 ) (-288 288 -1440 ) 
4 206 298 (0 0 -1616 ) (0 0 -1440 ) (-288 0 -1440 ) (-288 0 -1616 ) 
4 207 208 (-552 464 255.998901 ) (-552 464 384 ) (-552 656 384 ) (-552 656 255.998901 ) 
4 208 213 (-640 656 256 ) (-640 464 256 ) (-640 464 384 ) (-640 656 384 ) 
4 209 299 (-384 0 -96 ) (-384 0 32 ) (-400 0 32 ) (-400 0 -96 ) 
4 209 210 (-400 0 32 ) (-400 96 32 ) (-400 96 -96 ) (-400 0 -96 ) 
4 210 300 (-400 0 32 ) (-640 0 32 ) (-640 0 -96 ) (-400 0 -96 ) 
4 210 214 (-640 0 -96 ) (-640 0 32 ) (-640 96 32 ) (-640 96 -96 ) 
4 211 215 (-832 780 384 ) (-832 780 256 ) (-832 688 256 ) (-832 688 384 ) 
4 211 212 (-832 677 256 ) (-640 677 256 ) (-640 677 384 ) (-832 677 384 ) 
4 212 213 (-832 669 256 ) (-640 669 256 ) (-640 669 384 ) (-832 669 384 ) 
4 213 217 (-832 576 288 ) (-832 576 336 ) (-832 624 336 ) (-832 624 288 ) 
4 214 301 (-640 0 -96 ) (-640 0 32 ) (-832 0 80 ) (-832 0 -48 ) 
4 214 218 (-832 0 -48 ) (-832 0 80 ) (-832 96 80 ) (-832 96 -48 ) 
4 215 216 (-848 688 288 ) (-848 688 336 ) (-896 688 336 ) (-896 688 288 ) 
4 218 301 (-832 0 -48 ) (-832 0 80 ) (-1024 0 128 ) (-1024 0 0 ) 
4 218 228 (-1024 0 0 ) (-1024 0 64 ) (-1024 96 64 ) (-1024 96 0 ) 
4 218 225 (-1024 0 64 ) (-1024 0 128 ) (-1024 96 128 ) (-1024 96 64 ) 
4 219 236 (-1280 1024 160 ) (-1280 1024 64 ) (-1280 780 64 ) (-1280 780 160 ) 
4 219 235 (-1280 1024 512 ) (-1280 1024 160 ) (-1280 780 160 ) (-1280 780 512 ) 
4 219 231 (-1280 780 64 ) (-1280 1024 64 ) (-1276 1024 64 ) (-1276 780 64 ) 
4 219 224 (-1220 780 64 ) (-1164 780 64 ) (-1164 780 128 ) (-1220 780 128 ) 
4 219 220 (-1220 780 128 ) (-1164 780 128 ) (-1164 780 176 ) (-1220 780 176 ) 
4 220 224 (-1220 780 128 ) (-1164 780 128 ) (-1164 776 128 ) (-1220 776 128 ) 
4 221 306 (-1112 0 144 ) (-1112 0 128 ) (-1096 0 128 ) (-1096 0 144 ) 
4 221 227 (-1096 0 128 ) (-1112 0 128 ) (-1112 96 128 ) (-1096 96 128 ) 
4 221 222 (-1112 100 144 ) (-1112 100 128 ) (-1112 0 128 ) (-1112 0 144 ) 
4 222 307 (-1276 0 192 ) (-1276 0 128 ) (-1112 0 128 ) (-1112 0 192 ) 
4 222 227 (-1112 0 128 ) (-1276 0 128 ) (-1276 96 128 ) (-1112 96 128 ) 
4 222 223 (-1276 100 128 ) (-1276 0 128 ) (-1276 0 192 ) (-1276 100 192 ) 
4 223 308 (-1280 0 192 ) (-1280 0 128 ) (-1276 0 128 ) (-1276 0 192 ) 
4 223 240 (-1280 0 128 ) (-1280 0 192 ) (-1280 184 192 ) (-1280 184 128 ) 
4 223 227 (-1276 0 128 ) (-1280 0 128 ) (-1280 96 128 ) (-1276 96 128 ) 
4 225 309 (-1024 0 64 ) (-1024 0 128 ) (-1080 0 128 ) (-1080 0 64 ) 
4 225 228 (-1024 0 64 ) (-1080 0 64 ) (-1080 96 64 ) (-1024 96 64 ) 
4 225 226 (-1080 96 128 ) (-1080 96 64 ) (-1080 0 64 ) (-1080 0 128 ) 
4 226 310 (-1080 0 128 ) (-1096 0 128 ) (-1096 0 64 ) (-1080 0 64 ) 
4 226 229 (-1080 0 64 ) (-1096 0 64 ) (-1096 96 64 ) (-1080 96 64 ) 
4 226 227 (-1096 96 128 ) (-1096 96 64 ) (-1096 0 64 ) (-1096 0 128 ) 
4 227 311 (-1096 0 128 ) (-1280 0 128 ) (-1280 0 64 ) (-1096 0 64 ) 
4 227 240 (-1280 0 64 ) (-1280 0 128 ) (-1280 96 128 ) (-1280 96 64 ) 
4 227 232 (-1276 0 64 ) (-1280 0 64 ) (-1280 96 64 ) (-1276 96 64 ) 
4 227 230 (-1096 0 64 ) (-1276 0 64 ) (-1276 96 64 ) (-1096 96 64 ) 
4 228 309 (-1024 0 0 ) (-1024 0 64 ) (-1080 0 64 ) (-1080 0 0 ) 
4 228 229 (-1080 96 64 ) (-1080 96 0 ) (-1080 0 0 ) (-1080 0 64 ) 
4 229 310 (-1080 0 64 ) (-1096 0 64 ) (-1096 0 0 ) (-1080 0 0 ) 
4 229 230 (-1096 96 64 ) (-1096 96 0 ) (-1096 0 0 ) (-1096 0 64 ) 
4 230 311 (-1096 0 64 ) (-1276 0 64 ) (-1276 0 0 ) (-1096 0 0 ) 
4 230 234 (-1276 0 0 ) (-1276 0 32 ) (-1276 96 32 ) (-1276 96 0 ) 
4 230 232 (-1276 0 32 ) (-1276 0 64 ) (-1276 96 64 ) (-1276 96 32 ) 
4 231 237 (-1280 780 64 ) (-1280 1024 64 ) (-1280 1024 32 ) (-1280 780 32 ) 
4 232 311 (-1276 0 32 ) (-1276 0 64 ) (-1280 0 64 ) (-1280 0 32 ) 
4 232 240 (-1280 0 32 ) (-1280 0 64 ) (-1280 96 64 ) (-1280 96 32 ) 
4 232 234 (-1280 0 32 ) (-1280 96 32 ) (-1276 96 32 ) (-1276 0 32 ) 
4 233 242 (-1280 788 -96 ) (-1280 788 16 ) (-1280 844 16 ) (-1280 844 -96 ) 
4 234 311 (-1276 0 0 ) (-1276 0 32 ) (-1280 0 32 ) (-1280 0 0 ) 
4 234 246 (-1280 0 0 ) (-1280 0 32 ) (-1280 96 32 ) (-1280 96 0 ) 
4 235 260 (-2048 1024 432 ) (-2048 1024 160 ) (-2048 780 160 ) (-2048 780 432 ) 
4 235 259 (-2048 1024 512 ) (-2048 1024 432 ) (-2048 780 432 ) (-2048 780 512 ) 
4 235 236 (-1956 1024 160 ) (-1280 1024 160 ) (-1280 780 160 ) (-1956 780 160 ) 
4 236 237 (-1280 780 64 ) (-1956 780 64 ) (-1956 1024 64 ) (-1280 1024 64 ) 
4 237 247 (-1952 1024 32 ) (-1472 1024 32 ) (-1472 784 32 ) (-1952 784 32 ) 
4 237 242 (-1472 1024 32 ) (-1280 1024 32 ) (-1280 780 32 ) (-1472 780 32 ) 
4 238 245 (-1280 640 32 ) (-1280 256 32 ) (-1472 256 32 ) (-1472 640 32 ) 
4 238 239 (-1472 256 32 ) (-1280 256 32 ) (-1280 256 128 ) (-1472 256 128 ) 
4 239 246 (-1280 256 32 ) (-1280 184 32 ) (-1472 184 32 ) (-1472 256 32 ) 
4 239 240 (-1472 184 32 ) (-1280 184 32 ) (-1280 184 128 ) (-1472 184 128 ) 
4 240 317 (-1476 0 128 ) (-1476 0 32 ) (-1472 0 32 ) (-1472 0 128 ) 
4 240 316 (-1472 0 192 ) (-1476 0 192 ) (-1476 0 128 ) (-1472 0 128 ) 
4 240 311 (-1280 0 32 ) (-1280 0 128 ) (-1472 0 128 ) (-1472 0 32 ) 
4 240 308 (-1280 0 128 ) (-1280 0 192 ) (-1472 0 192 ) (-1472 0 128 ) 
4 240 249 (-1472 0 32 ) (-1476 0 32 ) (-1476 184 32 ) (-1472 184 32 ) 
4 240 246 (-1280 184 32 ) (-1280 0 32 ) (-1472 0 32 ) (-1472 184 32 ) 
4 240 241 (-1476 184 128 ) (-1476 184 32 ) (-1476 0 32 ) (-1476 0 128 ) 
4 241 317 (-1536 0 128 ) (-1536 0 32 ) (-1476 0 32 ) (-1476 0 128 ) 
4 241 249 (-1476 0 32 ) (-1536 0 32 ) (-1536 184 32 ) (-1476 184 32 ) 
4 242 247 (-1472 784 32 ) (-1472 1024 32 ) (-1472 1024 -96 ) (-1472 784 -96 ) 
4 242 243 (-1472 736 32 ) (-1472 736 -96 ) (-1280 736 -96 ) (-1280 736 32 ) 
4 243 244 (-1472 720 32 ) (-1472 720 -96 ) (-1280 720 -96 ) (-1280 720 32 ) 
4 244 245 (-1472 640 32 ) (-1472 640 -96 ) (-1280 640 -96 ) (-1280 640 32 ) 
4 245 246 (-1472 256 32 ) (-1472 256 0 ) (-1280 256 0 ) (-1280 256 32 ) 
4 246 311 (-1280 0 0 ) (-1280 0 32 ) (-1472 0 32 ) (-1472 0 0 ) 
4 246 249 (-1472 0 0 ) (-1472 0 32 ) (-1472 184 32 ) (-1472 184 0 ) 
4 247 250 (-1700 784 -16 ) (-1788 784 -16 ) (-1788 784 -96 ) (-1700 784 -96 ) 
4 247 248 (-1696 784 -96 ) (-1792 784 -96 ) (-1792 1024 -96 ) (-1696 1024 -96 ) 
4 248 250 (-1700 784 -96 ) (-1788 784 -96 ) (-1788 784 -100 ) (-1700 784 -100 ) 
4 249 317 (-1472 0 0 ) (-1472 0 32 ) (-1536 0 32 ) (-1536 0 0 ) 
4 250 251 (-1788 768 -16 ) (-1788 768 -100 ) (-1700 768 -100 ) (-1700 768 -16 ) 
4 251 252 (-1788 440 -100 ) (-1788 352 -100 ) (-1788 352 -16 ) (-1788 440 -16 ) 
4 252 264 (-2048 352 -16 ) (-2048 440 -16 ) (-2048 440 -100 ) (-2048 352 -100 ) 
4 253 257 (-2316 1476 432 ) (-2048 1476 432 ) (-2048 1152 432 ) (-2316 1152 432 ) 
4 253 254 (-2136 1152 432 ) (-2048 1152 432 ) (-2048 1152 512 ) (-2136 1152 512 ) 
4 254 259 (-2048 1024 432 ) (-2048 1024 512 ) (-2136 1024 512 ) (-2136 1024 432 ) 
4 254 258 (-2048 1024 432 ) (-2120 1024 432 ) (-2120 1152 432 ) (-2048 1152 432 ) 
4 255 257 (-2048 1476 416 ) (-2048 1476 432 ) (-2168 1476 432 ) (-2168 1476 416 ) 
4 255 256 (-2048 1476 416 ) (-2120 1476 416 ) (-2120 1492 416 ) (-2048 1492 416 ) 
4 256 257 (-2120 1476 160 ) (-2048 1476 160 ) (-2048 1476 416 ) (-2120 1476 416 ) 
4 257 258 (-2120 1152 160 ) (-2048 1152 160 ) (-2048 1152 432 ) (-2120 1152 432 ) 
4 258 260 (-2048 1024 160 ) (-2048 1024 432 ) (-2120 1024 432 ) (-2120 1024 160 ) 
4 259 260 (-2120 1024 432 ) (-2048 1024 432 ) (-2048 780 432 ) (-2120 780 432 ) 
4 261 268 (-2112 440 32 ) (-2112 200 32 ) (-2720 200 32 ) (-2720 440 32 ) 
4 261 262 (-2108 200 32 ) (-2108 200 160 ) (-2724 200 160 ) (-2724 200 32 ) 
4 262 413 (-2724 0 224 ) (-2724 0 32 ) (-2108 0 32 ) (-2108 0 224 ) 
4 262 270 (-2720 0 32 ) (-2724 0 32 ) (-2724 200 32 ) (-2720 200 32 ) 
4 262 268 (-2112 0 32 ) (-2720 0 32 ) (-2720 200 32 ) (-2112 200 32 ) 
4 262 267 (-2108 0 32 ) (-2112 0 32 ) (-2112 200 32 ) (-2108 200 32 ) 
4 263 417 (-3072 0 176 ) (-3072 0 32 ) (-3012 0 32 ) (-3012 0 176 ) 
4 263 415 (-3012 0 32 ) (-2768 0 32 ) (-2768 0 176 ) (-3012 0 176 ) 
4 263 289 (-3072 0 32 ) (-3072 0 176 ) (-3072 416 176 ) (-3072 416 32 ) 
4 263 285 (-2768 0 32 ) (-3072 0 32 ) (-3072 184 32 ) (-2768 184 32 ) 
4 263 284 (-3072 184 32 ) (-3072 296 32 ) (-2768 296 32 ) (-2768 184 32 ) 
4 263 283 (-3072 296 32 ) (-3072 360 32 ) (-2816 360 32 ) (-2816 296 32 ) 
4 263 282 (-2816 360 32 ) (-2768 360 32 ) (-2768 296 32 ) (-2816 296 32 ) 
4 263 280 (-3072 408 32 ) (-3072 416 32 ) (-2768 416 32 ) (-2768 408 32 ) 
4 263 281 (-3072 360 32 ) (-3072 408 32 ) (-2768 408 32 ) (-2768 360 32 ) 
4 264 265 (-2096 440 -16 ) (-2096 440 -100 ) (-2096 352 -100 ) (-2096 352 -16 ) 
4 265 271 (-2112 352 -100 ) (-2112 352 -96 ) (-2112 440 -96 ) (-2112 440 -100 ) 
4 265 268 (-2112 352 -96 ) (-2112 352 -16 ) (-2112 440 -16 ) (-2112 440 -96 ) 
4 266 418 (-2048 0 -96 ) (-2048 0 32 ) (-2080 0 32 ) (-2080 0 -96 ) 
4 266 267 (-2080 0 -96 ) (-2080 0 32 ) (-2080 184 32 ) (-2080 184 -96 ) 
4 267 418 (-2080 0 -96 ) (-2080 0 32 ) (-2112 0 32 ) (-2112 0 -96 ) 
4 267 268 (-2112 0 32 ) (-2112 200 32 ) (-2112 200 -96 ) (-2112 0 -96 ) 
4 268 419 (-2112 0 -96 ) (-2112 0 32 ) (-2720 0 32 ) (-2720 0 -96 ) 
4 268 273 (-2592 0 -96 ) (-2720 0 -96 ) (-2720 184 -96 ) (-2592 184 -96 ) 
4 268 271 (-2112 440 -96 ) (-2112 344 -96 ) (-2272 344 -96 ) (-2272 440 -96 ) 
4 268 270 (-2720 200 -96 ) (-2720 0 -96 ) (-2720 0 32 ) (-2720 200 32 ) 
4 268 269 (-2720 356 -96 ) (-2720 300 -96 ) (-2720 300 16 ) (-2720 356 16 ) 
4 269 275 (-2736 356 16 ) (-2736 356 -96 ) (-2736 300 -96 ) (-2736 300 16 ) 
4 270 420 (-2720 0 32 ) (-2736 0 32 ) (-2736 0 -96 ) (-2720 0 -96 ) 
4 270 277 (-2736 0 -96 ) (-2736 0 0 ) (-2736 184 0 ) (-2736 184 -96 ) 
4 270 276 (-2736 184 32 ) (-2736 200 32 ) (-2736 200 28 ) (-2736 184 28 ) 
4 270 274 (-2736 0 -96 ) (-2736 184 -96 ) (-2720 184 -96 ) (-2720 0 -96 ) 
4 272 273 (-2664 184 -134 ) (-2664 184 -137 ) (-2626 184 -137 ) (-2626 184 -134 ) 
4 273 421 (-2592 0 -144 ) (-2592 0 -96 ) (-2720 0 -96 ) (-2720 0 -144 ) 
4 273 274 (-2720 184 -96 ) (-2720 184 -144 ) (-2720 0 -144 ) (-2720 0 -96 ) 
4 274 422 (-2720 0 -96 ) (-2736 0 -96 ) (-2736 0 -144 ) (-2720 0 -144 ) 
4 274 277 (-2736 0 -144 ) (-2736 0 -96 ) (-2736 184 -96 ) (-2736 184 -144 ) 
4 275 282 (-2768 300 32 ) (-2768 356 32 ) (-2768 356 -96 ) (-2768 300 -96 ) 
4 277 423 (-2736 0 -144 ) (-2736 0 0 ) (-2752 0 0 ) (-2752 0 -144 ) 
4 277 279 (-2752 184 -144 ) (-2752 0 -144 ) (-2752 0 0 ) (-2752 184 0 ) 
4 278 284 (-2768 200 16 ) (-2768 200 0 ) (-2768 184 0 ) (-2768 184 16 ) 
4 278 279 (-2752 184 0 ) (-2752 184 16 ) (-2768 184 16 ) (-2768 184 0 ) 
4 279 425 (-2768 0 16 ) (-2768 0 -144 ) (-2752 0 -144 ) (-2752 0 16 ) 
4 279 285 (-2768 184 -144 ) (-2768 0 -144 ) (-2768 0 16 ) (-2768 184 16 ) 
4 280 289 (-3072 408 32 ) (-3072 416 32 ) (-3072 416 -40 ) (-3072 408 -40 ) 
4 280 281 (-2768 408 -40 ) (-2768 408 32 ) (-3072 408 32 ) (-3072 408 -40 ) 
4 281 290 (-3072 360 -64 ) (-3072 360 -40 ) (-3072 408 -40 ) (-3072 408 -64 ) 
4 281 289 (-3072 360 -40 ) (-3072 360 32 ) (-3072 408 32 ) (-3072 408 -40 ) 
4 281 283 (-2816 360 32 ) (-3072 360 32 ) (-3072 360 -64 ) (-2816 360 -64 ) 
4 281 282 (-2768 360 -64 ) (-2768 360 32 ) (-2816 360 32 ) (-2816 360 -64 ) 
4 282 284 (-2768 296 -64 ) (-2768 296 32 ) (-2816 296 32 ) (-2816 296 -64 ) 
4 282 283 (-2816 360 32 ) (-2816 360 -64 ) (-2816 296 -64 ) (-2816 296 32 ) 
4 283 290 (-3072 296 -64 ) (-3072 296 -40 ) (-3072 360 -40 ) (-3072 360 -64 ) 
4 283 289 (-3072 296 -40 ) (-3072 296 32 ) (-3072 360 32 ) (-3072 360 -40 ) 
4 283 284 (-2816 296 -64 ) (-2816 296 32 ) (-3072 296 32 ) (-3072 296 -64 ) 
4 284 290 (-3072 184 -64 ) (-3072 184 -40 ) (-3072 296 -40 ) (-3072 296 -64 ) 
4 284 289 (-3072 184 -40 ) (-3072 184 32 ) (-3072 296 32 ) (-3072 296 -40 ) 
4 284 285 (-2768 184 -64 ) (-2768 184 32 ) (-3072 184 32 ) (-3072 184 -64 ) 
5 285 425 (-2768 0 -144 ) (-2768 0 16 ) (-3072 0 16 ) (-3072 0 -111.111938 ) (-2924.004395 0 -144 ) 
4 285 424 (-2768 0 16 ) (-2768 0 32 ) (-3072 0 32 ) (-3072 0 16 ) 
4 285 294 (-3072 0 -111.111938 ) (-3072 0 -72 ) (-3072 184 -72 ) (-3072 184 -111.111938 ) 
4 285 292 (-3072 0 -72 ) (-3072 0 -64 ) (-3072 184 -64 ) (-3072 184 -72 ) 
4 285 290 (-3072 0 -64 ) (-3072 0 -40 ) (-3072 184 -40 ) (-3072 184 -64 ) 
4 285 289 (-3072 0 -40 ) (-3072 0 32 ) (-3072 184 32 ) (-3072 184 -40 ) 
4 286 291 (-3216 416 -63.998047 ) (-3216 416 -40 ) (-3248 416 -40 ) (-3248 416 -63.998001 ) 
4 286 289 (-3216 416 -40 ) (-3216 416 176 ) (-3248 416 176 ) (-3248 416 -40 ) 
4 286 287 (-3248 880 176 ) (-3248 880 152.002014 ) (-3248 416 -63.998047 ) (-3248 416 176 ) 
4 287 293 (-3248 416 -72 ) (-3248 416 -64 ) (-3568 416 -64 ) (-3568 416 -72.001984 ) 
4 287 291 (-3248 416 -64 ) (-3248 416 -40 ) (-3568 416 -40 ) (-3568 416 -64 ) 
4 287 289 (-3248 416 -40 ) (-3248 416 176 ) (-3568 416 176 ) (-3568 416 -40 ) 
3 287 288 (-3568 416 -40 ) (-3568 416 176 ) (-3568 880 176 ) 
4 288 289 (-3568 416 -40 ) (-3568 416 176 ) (-3576 416 176 ) (-3576 416 -40 ) 
4 289 439 (-3072 0 -40 ) (-3072 0 176 ) (-3576 0 176 ) (-3576 0 -40 ) 
4 289 291 (-3216 0 -40 ) (-3568 0 -40 ) (-3568 416 -40 ) (-3216 416 -40 ) 
4 289 290 (-3072 0 -40 ) (-3216 0 -40 ) (-3216 408 -40 ) (-3072 408 -40 ) 
4 290 440 (-3072 0 -64 ) (-3072 0 -40 ) (-3216 0 -40 ) (-3216 0 -64 ) 
4 290 292 (-3072 184 -64 ) (-3072 0 -64 ) (-3216 0 -64 ) (-3216 184 -64 ) 
4 290 291 (-3216 408 -64 ) (-3216 0 -64 ) (-3216 0 -40 ) (-3216 408 -40 ) 
4 291 440 (-3216 0 -40 ) (-3568 0 -40 ) (-3568 0 -64 ) (-3216 0 -64 ) 
4 291 293 (-3568 416 -64 ) (-3248 416 -64 ) (-3248 0 -64 ) (-3568 0 -64 ) 
4 291 292 (-3216 184 -64 ) (-3216 0 -64 ) (-3248 0 -64 ) (-3248 184 -64 ) 
4 292 440 (-3072 0 -72 ) (-3072 0 -64 ) (-3248 0 -64 ) (-3248 0 -72 ) 
4 292 294 (-3072 0 -72 ) (-3248 0 -72 ) (-3248 184 -72 ) (-3072 184 -72 ) 
4 292 293 (-3248 184 -72 ) (-3248 0 -72 ) (-3248 0 -64 ) (-3248 184 -64 ) 
4 293 440 (-3248 0 -64 ) (-3568 0 -64 ) (-3568 0 -72 ) (-3248 0 -72 ) 
3 294 442 (-3072 0 -111.111938 ) (-3072 0 -72 ) (-3248.002441 0 -72 ) 
4 295 296 (0 -384 480 ) (-384 -384 480 ) (-384 0 480 ) (0 0 480 ) 
4 296 302 (0 -384 160 ) (0 -384 288 ) (-96 -384 288 ) (-96 -384 160 ) 
4 296 299 (-384 -96 32 ) (-384 0 32 ) (-384 0 -96 ) (-384 -96 -96 ) 
4 296 297 (0 -384 -288 ) (-384 -384 -288 ) (-384 0 -288 ) (0 0 -288 ) 
4 297 298 (-288 -288 -1440 ) (-288 0 -1440 ) (0 0 -1440 ) (0 -288 -1440 ) 
4 299 300 (-400 0 -96 ) (-400 -96 -96 ) (-400 -96 32 ) (-400 0 32 ) 
4 300 301 (-640 0 32 ) (-640 0 -96 ) (-640 -96 -96 ) (-640 -96 32 ) 
4 301 309 (-1024 -96 0 ) (-1024 -96 128 ) (-1024 0 128 ) (-1024 0 0 ) 
4 302 303 (0 -400 288 ) (-96 -400 288 ) (-96 -400 160 ) (0 -400 160 ) 
4 303 304 (-96 -504 160 ) (0 -504 160 ) (0 -504 288 ) (-96 -504 288 ) 
4 304 332 (0 -1024 290 ) (0 -1024 418 ) (-96 -1024 418 ) (-96 -1024 290 ) 
4 305 347 (-960 -1024 48 ) (-960 -1024 176 ) (-1024 -1024 176 ) (-1024 -1024 48 ) 
4 305 325 (-1024 -1024 48 ) (-1024 -1024 176 ) (-1024 -960 176 ) (-1024 -960 48 ) 
4 306 311 (-1112 0 128 ) (-1096 0 128 ) (-1096 -96 128 ) (-1112 -96 128 ) 
4 306 307 (-1112 0 128 ) (-1112 -100 128 ) (-1112 -100 144 ) (-1112 0 144 ) 
4 307 311 (-1276 -96 128 ) (-1276 0 128 ) (-1112 0 128 ) (-1112 -96 128 ) 
4 307 308 (-1276 0 192 ) (-1276 0 128 ) (-1276 -100 128 ) (-1276 -100 192 ) 
4 308 316 (-1472 0 192 ) (-1472 0 128 ) (-1472 -240 128 ) (-1472 -240 192 ) 
4 308 313 (-1472 -240 128 ) (-1472 -96 128 ) (-1280 -96 128 ) (-1280 -240 128 ) 
4 308 311 (-1472 -96 128 ) (-1472 0 128 ) (-1276 0 128 ) (-1276 -96 128 ) 
4 309 310 (-1080 0 0 ) (-1080 -96 0 ) (-1080 -96 128 ) (-1080 0 128 ) 
4 310 311 (-1096 0 0 ) (-1096 -96 0 ) (-1096 -96 128 ) (-1096 0 128 ) 
4 311 319 (-1472 -58 82 ) (-1472 -58 38 ) (-1472 -96 38 ) (-1472 -96 82 ) 
4 311 318 (-1472 -40 128 ) (-1472 -8 128 ) (-1472 -8 0 ) (-1472 -40 0 ) 
4 311 317 (-1472 -8 128 ) (-1472 0 128 ) (-1472 0 0 ) (-1472 -8 0 ) 
4 311 313 (-1472 -96 0 ) (-1280 -96 0 ) (-1280 -96 128 ) (-1472 -96 128 ) 
4 311 312 (-1212 -96 0 ) (-1156 -96 0 ) (-1156 -96 112 ) (-1212 -96 112 ) 
4 313 319 (-1472 -96 82 ) (-1472 -96 38 ) (-1472 -102 38 ) (-1472 -102 82 ) 
4 313 314 (-1472 -384 128 ) (-1472 -384 0 ) (-1280 -384 0 ) (-1280 -384 128 ) 
4 314 315 (-1472 -768 32 ) (-1472 -768 -96 ) (-1280 -768 -96 ) (-1280 -768 32 ) 
4 315 328 (-1280 -944 32 ) (-1472 -944 32 ) (-1472 -944 -96 ) (-1280 -944 -96 ) 
4 316 318 (-1472 -8 128 ) (-1472 -40 128 ) (-1476 -36 128 ) (-1476 -8 128 ) 
4 316 317 (-1472 0 128 ) (-1472 -8 128 ) (-1476 -8 128 ) (-1476 0 128 ) 
4 317 318 (-1504 -8 0 ) (-1472 -8 0 ) (-1472 -8 128 ) (-1504 -8 128 ) 
4 320 329 (-1728 -944 44 ) (-1640 -944 44 ) (-1640 -944 48 ) (-1728 -944 48 ) 
4 320 323 (-1640 -944 48 ) (-1640 -944 128 ) (-1728 -944 128 ) (-1728 -944 48 ) 
4 320 321 (-1728 -176 128 ) (-1728 -176 44 ) (-1728 -264 44 ) (-1728 -264 128 ) 
4 321 411 (-2048 -264 128 ) (-2048 -176 128 ) (-2048 -176 44 ) (-2048 -264 44 ) 
4 322 324 (-1460 -960 176 ) (-1292 -960 176 ) (-1292 -960 240 ) (-1460 -960 240 ) 
4 323 329 (-1728 -944 48 ) (-1640 -944 48 ) (-1640 -960 48 ) (-1728 -960 48 ) 
4 323 327 (-1728 -960 48 ) (-1640 -960 48 ) (-1640 -960 128 ) (-1728 -960 128 ) 
4 324 356 (-1460 -1024 176 ) (-1292 -1024 176 ) (-1292 -1024 240 ) (-1460 -1024 240 ) 
4 324 326 (-1292 -1024 176 ) (-1460 -1024 176 ) (-1460 -960 176 ) (-1292 -960 176 ) 
4 325 357 (-1280 -1024 48 ) (-1024 -1024 48 ) (-1024 -1024 176 ) (-1280 -1024 176 ) 
4 325 326 (-1280 -1024 176 ) (-1280 -960 176 ) (-1280 -960 48 ) (-1280 -1024 48 ) 
4 326 358 (-1472 -1024 48 ) (-1280 -1024 48 ) (-1280 -1024 176 ) (-1472 -1024 176 ) 
4 326 330 (-1280 -1024 48 ) (-1472 -1024 48 ) (-1472 -960 48 ) (-1280 -960 48 ) 
4 326 327 (-1472 -1024 176 ) (-1472 -960 176 ) (-1472 -960 48 ) (-1472 -1024 48 ) 
4 327 360 (-1724 -1024 48 ) (-1722 -1024 48 ) (-1722 -1024 176 ) (-1724 -1024 176 ) 
4 327 363 (-1728 -1024 48 ) (-1724 -1024 48 ) (-1724 -1024 176 ) (-1728 -1024 176 ) 
4 327 359 (-1722 -1024 48 ) (-1472 -1024 48 ) (-1472 -1024 176 ) (-1722 -1024 176 ) 
4 327 331 (-1636 -1024 48 ) (-1728 -1024 48 ) (-1728 -960 48 ) (-1636 -960 48 ) 
4 328 330 (-1280 -960 48 ) (-1472 -960 48 ) (-1472 -960 -96 ) (-1280 -960 -96 ) 
4 329 331 (-1640 -960 48 ) (-1728 -960 48 ) (-1728 -960 44 ) (-1640 -960 44 ) 
4 330 394 (-1472 -1024 -96 ) (-1280 -1024 -96 ) (-1280 -1024 32 ) (-1472 -1024 32 ) 
4 330 366 (-1280 -1024 32 ) (-1280 -1024 48 ) (-1472 -1024 48 ) (-1472 -1024 32 ) 
4 331 368 (-1636 -1024 44 ) (-1636 -1024 48 ) (-1728 -1024 48 ) (-1728 -1024 44 ) 
4 332 333 (-96 -1048 424 ) (-96 -1048 296 ) (0 -1048 296 ) (0 -1048 424 ) 
4 334 337 (-416 -1312 32 ) (-224 -1312 32 ) (-224 -1312 160 ) (-416 -1312 160 ) 
4 335 403 (0 -2048 296 ) (0 -2048 304 ) (-612 -2048 304 ) (-612 -2048 296 ) 
4 335 399 (0 -2048 304 ) (0 -2048 432 ) (-612 -2048 432 ) (-612 -2048 304 ) 
4 335 336 (0 -2048 296 ) (-612 -2048 296 ) (-612 -1340 296 ) (0 -1340 296 ) 
4 336 404 (0 -2048 160 ) (0 -2048 296 ) (-612 -2048 296 ) (-612 -2048 160 ) 
4 336 342 (-612 -1756 160 ) (-612 -1924 160 ) (-612 -1924 256 ) (-612 -1756 256 ) 
4 336 340 (-608 -2048 160 ) (-612 -2048 160 ) (-612 -1744 160 ) (-608 -1744 160 ) 
4 336 337 (-416 -1340 160 ) (-224 -1340 160 ) (-224 -1344 160 ) (-416 -1344 160 ) 
4 336 338 (0 -2048 160 ) (-608 -2048 160 ) (-608 -1344 160 ) (0 -1344 160 ) 
4 337 338 (-416 -1344 32 ) (-224 -1344 32 ) (-224 -1344 160 ) (-416 -1344 160 ) 
4 338 405 (0 -2048 32 ) (0 -2048 160 ) (-608 -2048 160 ) (-608 -2048 32 ) 
4 338 349 (0 -1760 32 ) (0 -2048 32 ) (-608 -2048 32 ) (-608 -1760 32 ) 
4 338 340 (-608 -2048 160 ) (-608 -1744 160 ) (-608 -1744 32 ) (-608 -2048 32 ) 
4 338 339 (-608 -1362 32 ) (-608 -1418 32 ) (-608 -1418 144 ) (-608 -1362 144 ) 
4 339 341 (-612 -1362 32 ) (-612 -1418 32 ) (-612 -1418 144 ) (-612 -1362 144 ) 
4 340 405 (-608 -2048 160 ) (-612 -2048 160 ) (-612 -2048 32 ) (-608 -2048 32 ) 
4 340 350 (-612 -1920 32 ) (-612 -1760 32 ) (-608 -1760 32 ) (-608 -1920 32 ) 
4 340 342 (-612 -1756 32 ) (-612 -1924 32 ) (-612 -1924 160 ) (-612 -1756 160 ) 
4 342 350 (-612 -1760 32 ) (-612 -1920 32 ) (-716 -1920 32 ) (-716 -1760 32 ) 
4 342 344 (-716 -1756 32 ) (-716 -1924 32 ) (-716 -1924 128 ) (-716 -1756 128 ) 
4 343 347 (-960 -1362 128 ) (-960 -1418 128 ) (-960 -1418 160 ) (-960 -1362 160 ) 
4 343 345 (-960 -1418 128 ) (-960 -1362 128 ) (-952 -1362 128 ) (-952 -1418 128 ) 
4 344 351 (-716 -1760 32 ) (-716 -1920 32 ) (-732 -1920 32 ) (-732 -1760 32 ) 
4 344 346 (-732 -1756 32 ) (-732 -1924 32 ) (-732 -1924 128 ) (-732 -1756 128 ) 
4 345 347 (-960 -1418 48 ) (-960 -1418 128 ) (-960 -1362 128 ) (-960 -1362 48 ) 
4 346 406 (-960 -2048 128 ) (-960 -2048 32 ) (-732 -2048 32 ) (-732 -2048 128 ) 
4 346 354 (-732 -1932 32 ) (-732 -2048 32 ) (-960 -2048 32 ) (-960 -1932 32 ) 
4 346 353 (-736 -1932 32 ) (-960 -1932 32 ) (-960 -1920 32 ) (-736 -1920 32 ) 
4 346 352 (-732 -1760 32 ) (-732 -1920 32 ) (-960 -1920 32 ) (-960 -1760 32 ) 
4 346 348 (-960 -1756 32 ) (-960 -2048 32 ) (-960 -2048 128 ) (-960 -1756 128 ) 
4 347 357 (-1024 -1024 176 ) (-1024 -1024 48 ) (-1024 -1440 48 ) (-1024 -1440 176 ) 
4 348 406 (-1024 -2048 128 ) (-1024 -2048 32 ) (-960 -2048 32 ) (-960 -2048 128 ) 
4 348 376 (-1024 -1756 32 ) (-1024 -1940 32 ) (-1024 -1940 128 ) (-1024 -1756 128 ) 
4 348 354 (-960 -1932 32 ) (-960 -2048 32 ) (-1024 -2048 32 ) (-1024 -1932 32 ) 
4 348 353 (-960 -1920 32 ) (-960 -1932 32 ) (-1024 -1932 32 ) (-1024 -1920 32 ) 
4 348 352 (-960 -1760 32 ) (-960 -1920 32 ) (-1024 -1920 32 ) (-1024 -1760 32 ) 
4 349 407 (0 -2048 -96 ) (0 -2048 32 ) (-608 -2048 32 ) (-608 -2048 -96 ) 
4 349 350 (-608 -1760 -96 ) (-608 -1920 -96 ) (-608 -1920 32 ) (-608 -1760 32 ) 
4 350 351 (-716 -1760 32 ) (-716 -1760 -96 ) (-716 -1920 -96 ) (-716 -1920 32 ) 
4 351 352 (-732 -1760 32 ) (-732 -1760 -96 ) (-732 -1920 -96 ) (-732 -1920 32 ) 
4 352 390 (-1024 -1760 -96 ) (-1024 -1920 -96 ) (-1024 -1920 32 ) (-1024 -1760 32 ) 
4 352 353 (-1024 -1920 -96 ) (-736 -1920 -96 ) (-736 -1920 32 ) (-1024 -1920 32 ) 
4 353 390 (-1024 -1920 -96 ) (-1024 -1932 -96 ) (-1024 -1932 32 ) (-1024 -1920 32 ) 
4 353 354 (-1024 -1932 -96 ) (-736 -1932 -96 ) (-736 -1932 32 ) (-1024 -1932 32 ) 
4 354 408 (-616 -2048 32 ) (-1024 -2048 32 ) (-1024 -2048 -96 ) (-616 -2048 -96 ) 
4 354 391 (-1024 -2040 -96 ) (-1024 -2048 -96 ) (-1024 -2048 32 ) (-1024 -2040 32 ) 
4 354 390 (-1024 -1932 -96 ) (-1024 -2040 -96 ) (-1024 -2040 32 ) (-1024 -1932 32 ) 
4 354 355 (-960 -2048 -96 ) (-1024 -2048 -96 ) (-1024 -1952 -96 ) (-960 -1952 -96 ) 
4 355 393 (-1024 -2048 -100 ) (-1024 -2048 -96 ) (-1024 -2040 -96 ) (-1024 -2040 -100 ) 
4 355 392 (-1024 -2040 -96 ) (-1024 -1952 -96 ) (-1024 -1952 -100 ) (-1024 -2040 -100 ) 
4 356 369 (-1460 -1440 176 ) (-1292 -1440 176 ) (-1292 -1440 240 ) (-1460 -1440 240 ) 
4 356 358 (-1292 -1440 176 ) (-1460 -1440 176 ) (-1460 -1024 176 ) (-1292 -1024 176 ) 
4 357 370 (-1240 -1440 48 ) (-1152 -1440 48 ) (-1152 -1440 128 ) (-1240 -1440 128 ) 
4 357 365 (-1148 -1440 48 ) (-1244 -1440 48 ) (-1244 -1312 48 ) (-1148 -1312 48 ) 
4 357 364 (-1280 -1312 48 ) (-1280 -1216 48 ) (-1148 -1216 48 ) (-1148 -1312 48 ) 
4 357 358 (-1280 -1024 48 ) (-1280 -1440 48 ) (-1280 -1440 176 ) (-1280 -1024 176 ) 
4 358 366 (-1280 -1440 48 ) (-1472 -1440 48 ) (-1472 -1024 48 ) (-1280 -1024 48 ) 
4 358 359 (-1472 -1024 48 ) (-1472 -1440 48 ) (-1472 -1440 176 ) (-1472 -1024 176 ) 
4 359 371 (-1722 -1440 48 ) (-1640 -1440 48 ) (-1640 -1440 128 ) (-1722 -1440 128 ) 
4 359 368 (-1636 -1440 48 ) (-1722 -1440 48 ) (-1722 -1024 48 ) (-1636 -1024 48 ) 
4 359 367 (-1636 -1312 48 ) (-1636 -1216 48 ) (-1472 -1216 48 ) (-1472 -1312 48 ) 
4 359 361 (-1722 -1304 66 ) (-1722 -1304 176 ) (-1722 -1224 176 ) (-1722 -1224 66 ) 
4 359 360 (-1722 -1024 48 ) (-1722 -1224 48 ) (-1722 -1224 176 ) (-1722 -1024 176 ) 
4 359 362 (-1722 -1304 48 ) (-1722 -1440 48 ) (-1722 -1440 176 ) (-1722 -1304 176 ) 
4 360 368 (-1724 -1224 48 ) (-1724 -1024 48 ) (-1722 -1024 48 ) (-1722 -1224 48 ) 
4 360 361 (-1724 -1224 176 ) (-1724 -1224 66 ) (-1722 -1224 66 ) (-1722 -1224 176 ) 
4 360 363 (-1724 -1024 48 ) (-1724 -1224 48 ) (-1724 -1224 176 ) (-1724 -1024 176 ) 
4 361 363 (-1724 -1304 66 ) (-1724 -1304 176 ) (-1724 -1224 176 ) (-1724 -1224 66 ) 
4 361 362 (-1724 -1304 176 ) (-1724 -1304 66 ) (-1722 -1304 66 ) (-1722 -1304 176 ) 
4 362 371 (-1724 -1440 48 ) (-1722 -1440 48 ) (-1722 -1440 128 ) (-1724 -1440 128 ) 
4 362 368 (-1722 -1440 48 ) (-1724 -1440 48 ) (-1724 -1304 48 ) (-1722 -1304 48 ) 
4 362 363 (-1724 -1304 48 ) (-1724 -1440 48 ) (-1724 -1440 176 ) (-1724 -1304 176 ) 
4 363 371 (-1728 -1440 48 ) (-1724 -1440 48 ) (-1724 -1440 128 ) (-1728 -1440 128 ) 
4 363 368 (-1724 -1440 48 ) (-1728 -1440 48 ) (-1728 -1024 48 ) (-1724 -1024 48 ) 
4 364 365 (-1244 -1312 44 ) (-1148 -1312 44 ) (-1148 -1312 48 ) (-1244 -1312 48 ) 
4 364 366 (-1280 -1312 48 ) (-1280 -1216 48 ) (-1280 -1216 44 ) (-1280 -1312 44 ) 
4 365 370 (-1152 -1440 48 ) (-1240 -1440 48 ) (-1240 -1440 44 ) (-1152 -1440 44 ) 
4 366 394 (-1472 -1024 32 ) (-1280 -1024 32 ) (-1280 -1440 32 ) (-1472 -1440 32 ) 
4 366 372 (-1472 -1440 32 ) (-1280 -1440 32 ) (-1280 -1440 48 ) (-1472 -1440 48 ) 
4 366 367 (-1472 -1312 44 ) (-1472 -1312 48 ) (-1472 -1216 48 ) (-1472 -1216 44 ) 
4 367 368 (-1636 -1312 44 ) (-1636 -1312 48 ) (-1636 -1216 48 ) (-1636 -1216 44 ) 
4 368 373 (-1640 -1440 48 ) (-1728 -1440 48 ) (-1728 -1440 44 ) (-1640 -1440 44 ) 
4 370 374 (-1152 -1456 44 ) (-1152 -1456 128 ) (-1240 -1456 128 ) (-1240 -1456 44 ) 
4 371 388 (-1640 -1456 128 ) (-1728 -1456 128 ) (-1728 -1456 48 ) (-1640 -1456 48 ) 
4 371 373 (-1728 -1440 48 ) (-1640 -1440 48 ) (-1640 -1456 48 ) (-1728 -1456 48 ) 
4 372 394 (-1472 -1440 32 ) (-1280 -1440 32 ) (-1280 -1456 32 ) (-1472 -1456 32 ) 
4 373 388 (-1640 -1456 44 ) (-1640 -1456 48 ) (-1728 -1456 48 ) (-1728 -1456 44 ) 
4 374 375 (-1152 -1744 128 ) (-1240 -1744 128 ) (-1240 -1744 44 ) (-1152 -1744 44 ) 
4 375 376 (-1240 -1756 44 ) (-1152 -1756 44 ) (-1152 -1756 128 ) (-1240 -1756 128 ) 
4 376 390 (-1024 -1760 32 ) (-1024 -1940 32 ) (-1240 -1940 32 ) (-1240 -1760 32 ) 
4 376 378 (-1152 -1940 44 ) (-1152 -1940 128 ) (-1240 -1940 128 ) (-1240 -1940 44 ) 
4 376 377 (-1240 -1756 48 ) (-1240 -1756 32 ) (-1240 -1940 32 ) (-1240 -1940 48 ) 
4 377 390 (-1240 -1940 32 ) (-1256 -1940 32 ) (-1256 -1760 32 ) (-1240 -1760 32 ) 
4 378 379 (-1240 -1952 44 ) (-1152 -1952 44 ) (-1152 -1952 128 ) (-1240 -1952 128 ) 
4 379 409 (-1152 -2048 128 ) (-1240 -2048 128 ) (-1240 -2048 40 ) (-1152 -2048 40 ) 
4 380 396 (-1280 -1712 32 ) (-1280 -1728 32 ) (-1472 -1728 32 ) (-1472 -1712 32 ) 
4 380 382 (-1476 -1728 48 ) (-1476 -1728 32 ) (-1472 -1728 32 ) (-1472 -1728 48 ) 
4 380 381 (-1472 -1728 32 ) (-1280 -1728 32 ) (-1280 -1728 48 ) (-1472 -1728 48 ) 
4 381 396 (-1280 -1728 32 ) (-1280 -1952 32 ) (-1472 -1952 32 ) (-1472 -1728 32 ) 
4 381 387 (-1472 -1952 32 ) (-1280 -1952 32 ) (-1280 -1952 36 ) (-1472 -1952 36 ) 
4 381 384 (-1280 -1952 36 ) (-1280 -1952 128 ) (-1472 -1952 128 ) (-1472 -1952 36 ) 
4 381 383 (-1280 -1952 128 ) (-1280 -1952 130 ) (-1472 -1952 130 ) (-1472 -1952 128 ) 
4 381 382 (-1472 -1728 130 ) (-1472 -1728 32 ) (-1472 -1948 32 ) (-1472 -1948 130 ) 
4 383 384 (-1280 -2044 128 ) (-1472 -2044 128 ) (-1472 -1952 128 ) (-1280 -1952 128 ) 
4 384 387 (-1280 -2044 36 ) (-1544 -2044 36 ) (-1544 -1952 36 ) (-1280 -1952 36 ) 
4 384 385 (-1544 -1952 36 ) (-1544 -2044 36 ) (-1544 -2044 128 ) (-1544 -1952 128 ) 
4 385 386 (-1556 -1952 36 ) (-1556 -2044 36 ) (-1556 -2044 128 ) (-1556 -1952 128 ) 
4 386 388 (-1640 -2044 36 ) (-1640 -2044 128 ) (-1640 -1952 128 ) (-1640 -1952 36 ) 
4 387 398 (-1472 -2044 32 ) (-1536 -2044 32 ) (-1536 -1952 32 ) (-1472 -1952 32 ) 
4 387 396 (-1280 -1952 32 ) (-1280 -2040 32 ) (-1472 -2040 32 ) (-1472 -1952 32 ) 
4 389 396 (-1280 -1696 -16 ) (-1280 -1696 -64 ) (-1280 -1744 -64 ) (-1280 -1744 -16 ) 
4 390 396 (-1280 -2040 32 ) (-1280 -1760 32 ) (-1280 -1760 -96 ) (-1280 -2040 -96 ) 
4 390 392 (-1280 -2040 -96 ) (-1280 -1952 -96 ) (-1024 -1952 -96 ) (-1024 -2040 -96 ) 
4 390 391 (-1160 -2040 -96 ) (-1024 -2040 -96 ) (-1024 -2040 32 ) (-1160 -2040 32 ) 
4 391 410 (-1024 -2048 -96 ) (-1024 -2048 32 ) (-1152 -2048 32 ) (-1152 -2048 -96 ) 
4 391 393 (-1024 -2048 -96 ) (-1152 -2048 -96 ) (-1160 -2040 -96 ) (-1024 -2040 -96 ) 
4 392 393 (-1160 -2040 -100 ) (-1024 -2040 -100 ) (-1024 -2040 -96 ) (-1160 -2040 -96 ) 
4 394 397 (-1472 -1552 -16 ) (-1472 -1552 -64 ) (-1472 -1600 -64 ) (-1472 -1600 -16 ) 
4 394 395 (-1472 -1644 32 ) (-1472 -1644 -96 ) (-1280 -1644 -96 ) (-1280 -1644 32 ) 
4 395 396 (-1472 -1652 32 ) (-1472 -1652 -96 ) (-1280 -1652 -96 ) (-1280 -1652 32 ) 
4 396 398 (-1472 -2040 32 ) (-1472 -1952 32 ) (-1472 -1952 0 ) (-1472 -2040 0 ) 
4 399 403 (-612 -2048 304 ) (0 -2048 304 ) (0 -2090 304 ) (-612 -2090 304 ) 
4 399 400 (-88 -2090 336 ) (-88 -2090 392 ) (-244 -2090 392 ) (-244 -2090 336 ) 
4 399 401 (-292 -2090 392 ) (-448 -2090 392 ) (-448 -2090 336 ) (-292 -2090 336 ) 
4 400 402 (-88 -2106 336 ) (-88 -2106 392 ) (-244 -2106 392 ) (-244 -2106 336 ) 
4 401 402 (-292 -2106 392 ) (-448 -2106 392 ) (-448 -2106 336 ) (-292 -2106 336 ) 
4 403 404 (-612 -2090 296 ) (-612 -2048 296 ) (0 -2048 296 ) (0 -2090 296 ) 
4 404 405 (0 -2276 160 ) (-612 -2276 160 ) (-612 -2048 160 ) (0 -2048 160 ) 
4 405 407 (-608 -2048 32 ) (0 -2048 32 ) (0 -2272 32 ) (-608 -2272 32 ) 
4 406 408 (-1024 -2112 32 ) (-1024 -2048 32 ) (-732 -2048 32 ) (-732 -2112 32 ) 
4 408 410 (-1024 -2112 32 ) (-1024 -2048 32 ) (-1024 -2048 -96 ) (-1024 -2112 -96 ) 
4 411 412 (-2096 -176 128 ) (-2096 -176 44 ) (-2096 -264 44 ) (-2096 -264 128 ) 
4 412 414 (-2108 -264 44 ) (-2108 -264 128 ) (-2108 -176 128 ) (-2108 -176 44 ) 
4 413 427 (-2112 -24 32 ) (-2720 -24 32 ) (-2720 -8 32 ) (-2112 -8 32 ) 
4 413 426 (-2108 -8 32 ) (-2108 -24 32 ) (-2112 -24 32 ) (-2112 -8 32 ) 
4 413 428 (-2720 -24 32 ) (-2724 -24 32 ) (-2724 -8 32 ) (-2720 -8 32 ) 
4 413 419 (-2720 0 32 ) (-2112 0 32 ) (-2112 -8 32 ) (-2720 -8 32 ) 
4 413 418 (-2112 0 32 ) (-2108 0 32 ) (-2108 -8 32 ) (-2112 -8 32 ) 
4 413 420 (-2724 0 32 ) (-2720 0 32 ) (-2720 -8 32 ) (-2724 -8 32 ) 
4 413 414 (-2724 -24 160 ) (-2724 -24 32 ) (-2108 -24 32 ) (-2108 -24 160 ) 
4 414 432 (-2724 -264 32 ) (-2724 -72 32 ) (-2720 -72 32 ) (-2720 -264 32 ) 
4 414 431 (-2720 -24 32 ) (-2112 -24 32 ) (-2112 -264 32 ) (-2720 -264 32 ) 
4 414 416 (-2724 -68 32 ) (-2724 -268 32 ) (-2724 -268 160 ) (-2724 -68 160 ) 
4 415 434 (-2768 -40 32 ) (-2768 -48 32 ) (-3012 -48 32 ) (-3012 -40 32 ) 
4 415 433 (-2768 -8 32 ) (-2768 -40 32 ) (-3012 -40 32 ) (-3012 -8 32 ) 
4 415 424 (-3012 0 32 ) (-2768 0 32 ) (-2768 -8 32 ) (-3012 -8 32 ) 
4 415 417 (-3012 0 32 ) (-3012 -48 32 ) (-3012 -48 176 ) (-3012 0 176 ) 
4 416 435 (-3008 -264 32 ) (-3008 -72 32 ) (-2768 -72 32 ) (-2768 -264 32 ) 
4 416 432 (-2724 -72 32 ) (-2724 -264 32 ) (-2768 -264 32 ) (-2768 -72 32 ) 
4 417 439 (-3072 0 176 ) (-3072 0 32 ) (-3072 -48 32 ) (-3072 -48 176 ) 
4 417 434 (-3072 -48 32 ) (-3072 -40 32 ) (-3012 -40 32 ) (-3012 -48 32 ) 
4 417 433 (-3072 -40 32 ) (-3072 -8 32 ) (-3012 -8 32 ) (-3012 -40 32 ) 
4 417 424 (-3072 -8 32 ) (-3072 0 32 ) (-3012 0 32 ) (-3012 -8 32 ) 
4 418 426 (-2080 -8 32 ) (-2112 -8 32 ) (-2112 -8 -96 ) (-2080 -8 -96 ) 
4 418 419 (-2112 0 -96 ) (-2112 -8 -96 ) (-2112 -8 32 ) (-2112 0 32 ) 
4 419 427 (-2112 -8 32 ) (-2720 -8 32 ) (-2720 -8 -96 ) (-2112 -8 -96 ) 
4 419 421 (-2592 -8 -96 ) (-2720 -8 -96 ) (-2720 0 -96 ) (-2592 0 -96 ) 
4 419 420 (-2720 0 -96 ) (-2720 -8 -96 ) (-2720 -8 32 ) (-2720 0 32 ) 
4 420 428 (-2720 -8 32 ) (-2736 -8 32 ) (-2736 -8 -96 ) (-2720 -8 -96 ) 
4 420 423 (-2736 -8 -96 ) (-2736 -8 0 ) (-2736 0 0 ) (-2736 0 -96 ) 
4 420 422 (-2720 -8 -96 ) (-2736 -8 -96 ) (-2736 0 -96 ) (-2720 0 -96 ) 
4 421 436 (-2664 -8 -134 ) (-2664 -8 -137 ) (-2626 -8 -137 ) (-2626 -8 -134 ) 
4 421 422 (-2720 0 -144 ) (-2720 -8 -144 ) (-2720 -8 -96 ) (-2720 0 -96 ) 
4 422 423 (-2736 -8 -144 ) (-2736 -8 -96 ) (-2736 0 -96 ) (-2736 0 -144 ) 
4 423 425 (-2752 -8 -144 ) (-2752 -8 0 ) (-2752 0 0 ) (-2752 0 -144 ) 
4 424 439 (-3072 0 32 ) (-3072 0 16 ) (-3072 -8 16 ) (-3072 -8 32 ) 
4 424 433 (-2768 -8 32 ) (-3072 -8 32 ) (-3072 -8 16 ) (-2768 -8 16 ) 
4 424 425 (-2768 -8 16 ) (-3072 -8 16 ) (-3072 0 16 ) (-2768 0 16 ) 
4 425 442 (-3072 0 -72 ) (-3072 0 -111.111969 ) (-3072 -8 -111.111938 ) (-3072 -8 -72 ) 
4 425 440 (-3072 0 -40 ) (-3072 0 -72 ) (-3072 -8 -72 ) (-3072 -8 -40 ) 
4 425 439 (-3072 0 16 ) (-3072 0 -40 ) (-3072 -8 -40 ) (-3072 -8 16 ) 
4 425 433 (-2768 -8 16 ) (-3072 -8 16 ) (-3072 -8 -64 ) (-2768 -8 -64 ) 
4 425 430 (-2752 -8 0 ) (-2752 -8 16 ) (-2768 -8 16 ) (-2768 -8 0 ) 
4 426 427 (-2112 -8 32 ) (-2112 -8 -96 ) (-2112 -24 -96 ) (-2112 -24 32 ) 
4 427 431 (-2720 -24 -96 ) (-2112 -24 -96 ) (-2112 -24 32 ) (-2720 -24 32 ) 
4 427 428 (-2720 -8 32 ) (-2720 -8 -96 ) (-2720 -24 -96 ) (-2720 -24 32 ) 
4 428 429 (-2736 -8 32 ) (-2736 -8 28 ) (-2736 -24 28 ) (-2736 -24 32 ) 
4 430 433 (-2768 -8 16 ) (-2768 -8 0 ) (-2768 -24 0 ) (-2768 -24 16 ) 
4 431 438 (-2664 -168 -96 ) (-2664 -264 -96 ) (-2720 -264 -96 ) (-2720 -168 -96 ) 
4 431 437 (-2112 -168 -96 ) (-2112 -264 -96 ) (-2664 -264 -96 ) (-2664 -168 -96 ) 
4 431 432 (-2720 -72 -96 ) (-2720 -264 -96 ) (-2720 -264 32 ) (-2720 -72 32 ) 
4 432 438 (-2720 -168 -96 ) (-2720 -264 -96 ) (-2752 -264 -96 ) (-2752 -168 -96 ) 
4 432 435 (-2768 -72 -96 ) (-2768 -264 -96 ) (-2768 -264 32 ) (-2768 -72 32 ) 
4 433 441 (-3072 -8 -40 ) (-3072 -8 -64 ) (-3072 -40 -64 ) (-3072 -40 -40 ) 
4 433 439 (-3072 -40 32 ) (-3072 -8 32 ) (-3072 -8 -40 ) (-3072 -40 -40 ) 
4 433 434 (-2768 -40 -40 ) (-2768 -40 32 ) (-3072 -40 32 ) (-3072 -40 -40 ) 
4 434 439 (-3072 -48 32 ) (-3072 -40 32 ) (-3072 -40 -40 ) (-3072 -48 -40 ) 
4 437 438 (-2664 -264 -96 ) (-2664 -168 -96 ) (-2664 -168 -100 ) (-2664 -264 -100 ) 
4 439 441 (-3072 -8 -40 ) (-3072 -40 -40 ) (-3568 -40 -40 ) (-3568 -8 -40 ) 
4 439 440 (-3568 0 -40 ) (-3072 0 -40 ) (-3072 -8 -40 ) (-3568 -8 -40 ) 
4 440 442 (-3248.002441 0 -72 ) (-3072 0 -72 ) (-3072 -8 -72 ) (-3248.002441 -8 -72 ) 
4 440 441 (-3568 -8 -40 ) (-3568 -8 -64 ) (-3072 -8 -64 ) (-3072 -8 -40 ) 
