


Using shader api: shaderapiempty.dll
materialPath: E:\SteamLibrary\steamapps\common\Half-Life 2 VR\ep2\materials
Loading c:\modding\mo2\bmsvr2026\bmss_translator\output\bm_c1a3b_d.vmf
ConVarRef mat_reduceparticles doesn't point to an existing ConVar
fixing up env_cubemap materials on brush sides...
0...1...2...3...4...5...6...7...8...9...100...1...2...3...4...5...6...7...8...9...10Processing areas...done (0)
Building Faces...done (0)
Chop Details...done (0)
Find Visible Detail Sides...
Merged 504 detail faces...done (0)
Merging details...done (0)
FixTjuncs...
PruneNodes...
WriteBSP...
done (1)
writing c:\modding\mo2\bmsvr2026\bmss_translator\output\bm_c1a3b_d.prt...Building visibility clusters...
done (0)
Creating default LDR cubemaps for env_cubemap using skybox materials:
   skybox/bm_sky_underground_00*.vmt
 ! Run buildcubemaps in the engine to get the correct cube maps.
Creating default HDR cubemaps for env_cubemap using skybox materials:
   skybox/bm_sky_underground_00*.vmt
 ! Run buildcubemaps in the engine to get the correct cube maps.
Finding displacement neighbors...
Finding lightmap sample positions...
Displacement Alpha : 0...1...2...3...4...5...6...7...8...9...10
Building Physics collision data...
done (1) (1355260 bytes)
Static prop models/props_blackmesa/c1a1c_crate.mdl outside the map (-233.00, -2074.00, -35.50)
Static prop models/props_junk/warehouse_pallet02_static.mdl outside the map (-185.00, 1412.00, 161.00)
Static prop models/props_industrial/warehouse_rack_rail02.mdl outside the map (-184.00, 1392.00, 153.50)
Static prop models/props_industrial/warehouse_rack_rail02.mdl outside the map (-184.00, 1392.00, 81.50)
Static prop models/props_industrial/warehouse_rack_rail02.mdl outside the map (-184.00, 1232.00, 169.50)
Static prop models/props_industrial/warehouse_rack_rail02.mdl outside the map (-184.00, 1232.00, 81.50)
Static prop models/props_junk/warehouse_pallet02_static.mdl outside the map (78.00, -1623.00, 200.00)
Static prop models/props_marines/sandbag_static.mdl outside the map (272.00, -1452.00, 58.00)
Static prop models/props_marines/sandbag_static.mdl outside the map (203.00, -1504.00, 63.00)
Static prop models/props_marines/sandbag_static.mdl outside the map (210.00, -1504.00, 41.00)
Static prop models/props_blackmesa/c1a1c_crate.mdl outside the map (183.20, -2040.68, -47.50)
Static prop models/props_junk/warehouse_pallet01_static.mdl outside the map (-184.00, 1280.00, 89.00)
Static prop models/props_blackmesa/bms_metalcrate_48x48.mdl outside the map (-228.00, -1672.00, 164.25)
Static prop models/props_blackmesa/bms_metalcrate_48x48.mdl outside the map (-228.00, -1721.00, 164.25)
Static prop models/props_junk/warehouse_pallet01_static.mdl outside the map (-228.06, -1620.41, 56.08)
Static prop models/props_junk/warehouse_pallet01_static.mdl outside the map (-228.06, -1724.41, 56.08)
Static prop models/props_junk/warehouse_pallet02_static.mdl outside the map (-228.06, -1724.41, 105.57)
Static prop models/props_junk/warehouse_pallet02_static.mdl outside the map (-228.06, -1672.41, 56.08)
Placing detail props : 0...1...2...3...4...5...6...7...8...9...10
Compacting texture/material tables...
Reduced 7640 texinfos to 5549
Reduced 381 texdatas to 343 (17825 bytes to 16645)
Writing c:\modding\mo2\bmsvr2026\bmss_translator\output\bm_c1a3b_d.bsp
4 seconds elapsed



12 threads
reading c:\modding\mo2\bmsvr2026\bmss_translator\output\bm_c1a3b_d.bsp
reading c:\modding\mo2\bmsvr2026\bmss_translator\output\bm_c1a3b_d.prt
 548 portalclusters
1251 numportals
0...1...2...3...4...5...6...7...8...9...100...1...2...3...4...5...6...7...8...9...10Optimized: 147 visible clusters (0.31%)
Total clusters visible: 47041
Average clusters visible: 85
Building PAS...
Average clusters audible: 207
visdatasize:44525  compressed from 78912
writing c:\modding\mo2\bmsvr2026\bmss_translator\output\bm_c1a3b_d.bsp
0 seconds elapsed



[Reading texlights from 'lights.rad']
[52 texlights parsed from 'lights.rad']

Loading c:\modding\mo2\bmsvr2026\bmss_translator\output\bm_c1a3b_d.bsp
12365 faces
20 degenerate faces
486273 square feet [70023408.00 square inches]
0 Displacements
0 Square Feet [0.00 Square Inches]
12345 patches before subdivision
166565 patches after subdivision
381 direct lights
0...1...2...3...4...5...6...7...8...9...100...1...2...3...4...5...6...7...8...9...10transfers 26241878, max 882
transfer lists: 200.2 megs
0...1...2...3...4...5...6...7...8...9...10	Bounce #1 added RGB(76392, 65204, 48971)
0...1...2...3...4...5...6...7...8...9...10	Bounce #2 added RGB(13203, 11165, 8024)
0...1...2...3...4...5...6...7...8...9...10	Bounce #3 added RGB(2167, 1885, 1328)
0...1...2...3...4...5...6...7...8...9...10	Bounce #4 added RGB(418, 385, 266)
0...1...2...3...4...5...6...7...8...9...10	Bounce #5 added RGB(84, 86, 58)
0...1...2...3...4...5...6...7...8...9...10	Bounce #6 added RGB(19, 22, 14)
0...1...2...3...4...5...6...7...8...9...10	Bounce #7 added RGB(5, 6, 4)
0...1...2...3...4...5...6...7...8...9...10	Bounce #8 added RGB(1, 2, 1)
0...1...2...3...4...5...6...7...8...9...10	Bounce #9 added RGB(0, 1, 0)
Build Patch/Sample Hash Table(s).....Done<0.0272 sec>
0...1...2...3...4...5...6...7...8...9...10FinalLightFace Done
0 of 0 (0% of) surface lights went in leaf ambient cubes.
0...1...2...3...4...5...6...7...8...9...10Writing leaf ambient...done
Ready to Finish

Object names       Objects/Maxobjs  Memory / Maxmem  Fullness 
------------       ---------------  ---------------  -------- 
models                  93/1024         4464/49152    ( 9.1%) 
brushes               3756/8192        45072/98304    (45.8%) 
brushsides           29341/65536      234728/524288   (44.8%) 
planes               18030/65536      360600/1310720  (27.5%) 
vertexes             23590/65536      283080/786432   (36.0%) 
nodes                 3420/65536      109440/2097152  ( 5.2%) 
texinfos              5549/12288      399528/884736   (45.2%) 
texdata                343/2048        10976/65536    (16.7%) 
dispinfos                0/0               0/0        ( 0.0%) 
disp_verts               0/0               0/0        ( 0.0%) 
disp_tris                0/0               0/0        ( 0.0%) 
disp_lmsamples           0/0               0/0        ( 0.0%) 
faces                12365/65536      692440/3670016  (18.9%) 
hdr faces                0/65536           0/3670016  ( 0.0%) 
origfaces             9358/65536      524048/3670016  (14.3%) 
leaves                3514/65536      112448/2097152  ( 5.4%) 
leaffaces            15909/65536       31818/131072   (24.3%) 
leafbrushes           6722/65536       13444/131072   (10.3%) 
areas                   20/256           160/2048     ( 7.8%) 
surfedges            97728/512000     390912/2048000  (19.1%) 
edges                64339/256000     257356/1024000  (25.1%) 
LDR worldlights        381/8192        33528/720896   ( 4.7%) 
HDR worldlights          0/8192            0/720896   ( 0.0%) 
leafwaterdata            0/32768           0/393216   ( 0.0%) 
waterstrips           1291/32768       12910/327680   ( 3.9%) 
waterverts               0/65536           0/786432   ( 0.0%) 
waterindices         25587/65536       51174/131072   (39.0%) 
cubemapsamples          80/1024         1280/16384    ( 7.8%) 
overlays               156/512         54912/180224   (30.5%) 
LDR lightdata         [variable]    11296588/0        ( 0.0%) 
HDR lightdata         [variable]           0/0        ( 0.0%) 
visdata               [variable]       44525/16777216 ( 0.3%) 
entdata               [variable]      555938/393216   (141.4%) VERY FULL!
LDR ambient table     3514/65536       14056/262144   ( 5.4%) 
HDR ambient table     3514/65536       14056/262144   ( 5.4%) 
LDR leaf ambient     10281/65536      287868/1835008  (15.7%) 
HDR leaf ambient      3514/65536       98392/1835008  ( 5.4%) 
occluders                0/0               0/0        ( 0.0%) 
occluder polygons        0/0               0/0        ( 0.0%) 
occluder vert ind        0/0               0/0        ( 0.0%) 
detail props          [variable]           1/12       ( 8.3%) 
static props          [variable]           1/115632   ( 0.0%) 
pakfile               [variable]     6715714/0        ( 0.0%) 
physics               [variable]     1355260/4194304  (32.3%) 
physics terrain       [variable]           2/1048576  ( 0.0%) 

Level flags = 0

Total triangle count: 35138
Writing c:\modding\mo2\bmsvr2026\bmss_translator\output\bm_c1a3b_d.bsp
36 seconds elapsed



[Reading texlights from 'lights.rad']
[52 texlights parsed from 'lights.rad']

Loading c:\modding\mo2\bmsvr2026\bmss_translator\output\bm_c1a3b_d.bsp
12365 faces
20 degenerate faces
486273 square feet [70023408.00 square inches]
0 Displacements
0 Square Feet [0.00 Square Inches]
12345 patches before subdivision
166565 patches after subdivision
381 direct lights
0...1...2...3...4...5...6...7...8...9...100...1...2...3...4...5...6...7...8...9...10transfers 26241878, max 882
transfer lists: 200.2 megs
0...1...2...3...4...5...6...7...8...9...10	Bounce #1 added RGB(76393, 65205, 48972)
0...1...2...3...4...5...6...7...8...9...10	Bounce #2 added RGB(13203, 11165, 8025)
0...1...2...3...4...5...6...7...8...9...10	Bounce #3 added RGB(2167, 1886, 1328)
0...1...2...3...4...5...6...7...8...9...10	Bounce #4 added RGB(418, 385, 266)
0...1...2...3...4...5...6...7...8...9...10	Bounce #5 added RGB(84, 86, 58)
0...1...2...3...4...5...6...7...8...9...10	Bounce #6 added RGB(19, 22, 14)
0...1...2...3...4...5...6...7...8...9...10	Bounce #7 added RGB(5, 6, 4)
0...1...2...3...4...5...6...7...8...9...10	Bounce #8 added RGB(1, 2, 1)
0...1...2...3...4...5...6...7...8...9...10	Bounce #9 added RGB(0, 1, 0)
Build Patch/Sample Hash Table(s).....Done<0.0265 sec>
0...1...2...3...4...5...6...7...8...9...10FinalLightFace Done
0 of 0 (0% of) surface lights went in leaf ambient cubes.
0...1...2...3...4...5...6...7...8...9...10Writing leaf ambient...done
Ready to Finish

Object names       Objects/Maxobjs  Memory / Maxmem  Fullness 
------------       ---------------  ---------------  -------- 
models                  93/1024         4464/49152    ( 9.1%) 
brushes               3756/8192        45072/98304    (45.8%) 
brushsides           29341/65536      234728/524288   (44.8%) 
planes               18030/65536      360600/1310720  (27.5%) 
vertexes             23590/65536      283080/786432   (36.0%) 
nodes                 3420/65536      109440/2097152  ( 5.2%) 
texinfos              5549/12288      399528/884736   (45.2%) 
texdata                343/2048        10976/65536    (16.7%) 
dispinfos                0/0               0/0        ( 0.0%) 
disp_verts               0/0               0/0        ( 0.0%) 
disp_tris                0/0               0/0        ( 0.0%) 
disp_lmsamples           0/0               0/0        ( 0.0%) 
faces                12365/65536      692440/3670016  (18.9%) 
hdr faces            12365/65536      692440/3670016  (18.9%) 
origfaces             9358/65536      524048/3670016  (14.3%) 
leaves                3514/65536      112448/2097152  ( 5.4%) 
leaffaces            15909/65536       31818/131072   (24.3%) 
leafbrushes           6722/65536       13444/131072   (10.3%) 
areas                   20/256           160/2048     ( 7.8%) 
surfedges            97728/512000     390912/2048000  (19.1%) 
edges                64339/256000     257356/1024000  (25.1%) 
LDR worldlights        381/8192        33528/720896   ( 4.7%) 
HDR worldlights        381/8192        33528/720896   ( 4.7%) 
leafwaterdata            0/32768           0/393216   ( 0.0%) 
waterstrips           1291/32768       12910/327680   ( 3.9%) 
waterverts               0/65536           0/786432   ( 0.0%) 
waterindices         25587/65536       51174/131072   (39.0%) 
cubemapsamples          80/1024         1280/16384    ( 7.8%) 
overlays               156/512         54912/180224   (30.5%) 
LDR lightdata         [variable]    11296588/0        ( 0.0%) 
HDR lightdata         [variable]    11296588/0        ( 0.0%) 
visdata               [variable]       44525/16777216 ( 0.3%) 
entdata               [variable]      555938/393216   (141.4%) VERY FULL!
LDR ambient table     3514/65536       14056/262144   ( 5.4%) 
HDR ambient table     3514/65536       14056/262144   ( 5.4%) 
LDR leaf ambient     10281/65536      287868/1835008  (15.7%) 
HDR leaf ambient     10280/65536      287840/1835008  (15.7%) 
occluders                0/0               0/0        ( 0.0%) 
occluder polygons        0/0               0/0        ( 0.0%) 
occluder vert ind        0/0               0/0        ( 0.0%) 
detail props          [variable]           1/12       ( 8.3%) 
static props          [variable]           1/115632   ( 0.0%) 
pakfile               [variable]     6715714/0        ( 0.0%) 
physics               [variable]     1355260/4194304  (32.3%) 
physics terrain       [variable]           2/1048576  ( 0.0%) 

Level flags = 0

Total triangle count: 35138
Writing c:\modding\mo2\bmsvr2026\bmss_translator\output\bm_c1a3b_d.bsp
35 seconds elapsed



Using shader api: shaderapiempty.dll
materialPath: E:\SteamLibrary\steamapps\common\Half-Life 2 VR\ep2\materials
Loading c:\modding\mo2\bmsvr2026\bmss_translator\output\bm_c1a3b_d.vmf
ConVarRef mat_reduceparticles doesn't point to an existing ConVar
fixing up env_cubemap materials on brush sides...
0...1...2...3...4...5...6...7...8...9...100...1...2...3...4...5...6...7...8...9...10Processing areas...done (0)
Building Faces...done (0)
Chop Details...done (0)
Find Visible Detail Sides...
Merged 504 detail faces...done (0)
Merging details...done (0)
FixTjuncs...
PruneNodes...
WriteBSP...
done (1)
writing c:\modding\mo2\bmsvr2026\bmss_translator\output\bm_c1a3b_d.prt...Building visibility clusters...
done (0)
Creating default LDR cubemaps for env_cubemap using skybox materials:
   skybox/bm_sky_underground_00*.vmt
 ! Run buildcubemaps in the engine to get the correct cube maps.
Creating default HDR cubemaps for env_cubemap using skybox materials:
   skybox/bm_sky_underground_00*.vmt
 ! Run buildcubemaps in the engine to get the correct cube maps.
Finding displacement neighbors...
Finding lightmap sample positions...
Displacement Alpha : 0...1...2...3...4...5...6...7...8...9...10
Building Physics collision data...
done (1) (1355260 bytes)
Static prop models/props_blackmesa/c1a1c_crate.mdl outside the map (-233.00, -2074.00, -35.50)
Static prop models/props_junk/warehouse_pallet02_static.mdl outside the map (-185.00, 1412.00, 161.00)
Static prop models/props_industrial/warehouse_rack_rail02.mdl outside the map (-184.00, 1392.00, 153.50)
Static prop models/props_industrial/warehouse_rack_rail02.mdl outside the map (-184.00, 1392.00, 81.50)
Static prop models/props_industrial/warehouse_rack_rail02.mdl outside the map (-184.00, 1232.00, 169.50)
Static prop models/props_industrial/warehouse_rack_rail02.mdl outside the map (-184.00, 1232.00, 81.50)
Static prop models/props_junk/warehouse_pallet02_static.mdl outside the map (78.00, -1623.00, 200.00)
Static prop models/props_marines/sandbag_static.mdl outside the map (272.00, -1452.00, 58.00)
Static prop models/props_marines/sandbag_static.mdl outside the map (203.00, -1504.00, 63.00)
Static prop models/props_marines/sandbag_static.mdl outside the map (210.00, -1504.00, 41.00)
Static prop models/props_blackmesa/c1a1c_crate.mdl outside the map (183.20, -2040.68, -47.50)
Static prop models/props_junk/warehouse_pallet01_static.mdl outside the map (-184.00, 1280.00, 89.00)
Static prop models/props_blackmesa/bms_metalcrate_48x48.mdl outside the map (-228.00, -1672.00, 164.25)
Static prop models/props_blackmesa/bms_metalcrate_48x48.mdl outside the map (-228.00, -1721.00, 164.25)
Static prop models/props_junk/warehouse_pallet01_static.mdl outside the map (-228.06, -1620.41, 56.08)
Static prop models/props_junk/warehouse_pallet01_static.mdl outside the map (-228.06, -1724.41, 56.08)
Static prop models/props_junk/warehouse_pallet02_static.mdl outside the map (-228.06, -1724.41, 105.57)
Static prop models/props_junk/warehouse_pallet02_static.mdl outside the map (-228.06, -1672.41, 56.08)
Placing detail props : 0...1...2...3...4...5...6...7...8...9...10
Compacting texture/material tables...
Reduced 7640 texinfos to 5549
Reduced 381 texdatas to 343 (17825 bytes to 16645)
Writing c:\modding\mo2\bmsvr2026\bmss_translator\output\bm_c1a3b_d.bsp
4 seconds elapsed



12 threads
reading c:\modding\mo2\bmsvr2026\bmss_translator\output\bm_c1a3b_d.bsp
reading c:\modding\mo2\bmsvr2026\bmss_translator\output\bm_c1a3b_d.prt
 548 portalclusters
1251 numportals
0...1...2...3...4...5...6...7...8...9...100...1...2...3...4...5...6...7...8...9...10Optimized: 147 visible clusters (0.31%)
Total clusters visible: 47041
Average clusters visible: 85
Building PAS...
Average clusters audible: 207
visdatasize:44525  compressed from 78912
writing c:\modding\mo2\bmsvr2026\bmss_translator\output\bm_c1a3b_d.bsp
0 seconds elapsed



[Reading texlights from 'lights.rad']
[52 texlights parsed from 'lights.rad']

Loading c:\modding\mo2\bmsvr2026\bmss_translator\output\bm_c1a3b_d.bsp
12365 faces
20 degenerate faces
486273 square feet [70023408.00 square inches]
0 Displacements
0 Square Feet [0.00 Square Inches]
12345 patches before subdivision
166565 patches after subdivision
381 direct lights
0...1...2...3...4...5...6...7...8...9...100...1...2...3...4...5...6...7...8...9...10transfers 26241878, max 882
transfer lists: 200.2 megs
0...1...2...3...4...5...6...7...8...9...10	Bounce #1 added RGB(76391, 65202, 48969)
0...1...2...3...4...5...6...7...8...9...10	Bounce #2 added RGB(13203, 11165, 8024)
0...1...2...3...4...5...6...7...8...9...10	Bounce #3 added RGB(2167, 1885, 1328)
0...1...2...3...4...5...6...7...8...9...10	Bounce #4 added RGB(418, 385, 266)
0...1...2...3...4...5...6...7...8...9...10	Bounce #5 added RGB(84, 86, 58)
0...1...2...3...4...5...6...7...8...9...10	Bounce #6 added RGB(19, 22, 14)
0...1...2...3...4...5...6...7...8...9...10	Bounce #7 added RGB(5, 6, 4)
0...1...2...3...4...5...6...7...8...9...10	Bounce #8 added RGB(1, 2, 1)
0...1...2...3...4...5...6...7...8...9...10	Bounce #9 added RGB(0, 1, 0)
Build Patch/Sample Hash Table(s).....Done<0.0261 sec>
0...1...2...3...4...5...6...7...8...9...10FinalLightFace Done
0 of 0 (0% of) surface lights went in leaf ambient cubes.
0...1...2...3...4...5...6...7...8...9...10Writing leaf ambient...done
Ready to Finish

Object names       Objects/Maxobjs  Memory / Maxmem  Fullness 
------------       ---------------  ---------------  -------- 
models                  93/1024         4464/49152    ( 9.1%) 
brushes               3756/8192        45072/98304    (45.8%) 
brushsides           29341/65536      234728/524288   (44.8%) 
planes               18030/65536      360600/1310720  (27.5%) 
vertexes             23590/65536      283080/786432   (36.0%) 
nodes                 3420/65536      109440/2097152  ( 5.2%) 
texinfos              5549/12288      399528/884736   (45.2%) 
texdata                343/2048        10976/65536    (16.7%) 
dispinfos                0/0               0/0        ( 0.0%) 
disp_verts               0/0               0/0        ( 0.0%) 
disp_tris                0/0               0/0        ( 0.0%) 
disp_lmsamples           0/0               0/0        ( 0.0%) 
faces                12365/65536      692440/3670016  (18.9%) 
hdr faces                0/65536           0/3670016  ( 0.0%) 
origfaces             9358/65536      524048/3670016  (14.3%) 
leaves                3514/65536      112448/2097152  ( 5.4%) 
leaffaces            15909/65536       31818/131072   (24.3%) 
leafbrushes           6722/65536       13444/131072   (10.3%) 
areas                   20/256           160/2048     ( 7.8%) 
surfedges            97728/512000     390912/2048000  (19.1%) 
edges                64339/256000     257356/1024000  (25.1%) 
LDR worldlights        381/8192        33528/720896   ( 4.7%) 
HDR worldlights          0/8192            0/720896   ( 0.0%) 
leafwaterdata            0/32768           0/393216   ( 0.0%) 
waterstrips           1291/32768       12910/327680   ( 3.9%) 
waterverts               0/65536           0/786432   ( 0.0%) 
waterindices         25587/65536       51174/131072   (39.0%) 
cubemapsamples          80/1024         1280/16384    ( 7.8%) 
overlays               156/512         54912/180224   (30.5%) 
LDR lightdata         [variable]    11296588/0        ( 0.0%) 
HDR lightdata         [variable]           0/0        ( 0.0%) 
visdata               [variable]       44525/16777216 ( 0.3%) 
entdata               [variable]      555959/393216   (141.4%) VERY FULL!
LDR ambient table     3514/65536       14056/262144   ( 5.4%) 
HDR ambient table     3514/65536       14056/262144   ( 5.4%) 
LDR leaf ambient     10280/65536      287840/1835008  (15.7%) 
HDR leaf ambient      3514/65536       98392/1835008  ( 5.4%) 
occluders                0/0               0/0        ( 0.0%) 
occluder polygons        0/0               0/0        ( 0.0%) 
occluder vert ind        0/0               0/0        ( 0.0%) 
detail props          [variable]           1/12       ( 8.3%) 
static props          [variable]           1/115632   ( 0.0%) 
pakfile               [variable]     6715714/0        ( 0.0%) 
physics               [variable]     1355260/4194304  (32.3%) 
physics terrain       [variable]           2/1048576  ( 0.0%) 

Level flags = 0

Total triangle count: 35138
Writing c:\modding\mo2\bmsvr2026\bmss_translator\output\bm_c1a3b_d.bsp
36 seconds elapsed



[Reading texlights from 'lights.rad']
[52 texlights parsed from 'lights.rad']

Loading c:\modding\mo2\bmsvr2026\bmss_translator\output\bm_c1a3b_d.bsp
12365 faces
20 degenerate faces
486273 square feet [70023408.00 square inches]
0 Displacements
0 Square Feet [0.00 Square Inches]
12345 patches before subdivision
166565 patches after subdivision
381 direct lights
0...1...2...3...4...5...6...7...8...9...100...1...2...3...4...5...6...7...8...9...10transfers 26241878, max 882
transfer lists: 200.2 megs
0...1...2...3...4...5...6...7...8...9...10	Bounce #1 added RGB(76393, 65205, 48971)
0...1...2...3...4...5...6...7...8...9...10	Bounce #2 added RGB(13203, 11165, 8024)
0...1...2...3...4...5...6...7...8...9...10	Bounce #3 added RGB(2167, 1885, 1328)
0...1...2...3...4...5...6...7...8...9...10	Bounce #4 added RGB(418, 385, 266)
0...1...2...3...4...5...6...7...8...9...10	Bounce #5 added RGB(84, 86, 58)
0...1...2...3...4...5...6...7...8...9...10	Bounce #6 added RGB(19, 22, 14)
0...1...2...3...4...5...6...7...8...9...10	Bounce #7 added RGB(5, 6, 4)
0...1...2...3...4...5...6...7...8...9...10	Bounce #8 added RGB(1, 2, 1)
0...1...2...3...4...5...6...7...8...9...10	Bounce #9 added RGB(0, 1, 0)
Build Patch/Sample Hash Table(s).....Done<0.0285 sec>
0...1...2...3...4...5...6...7...8...9...10FinalLightFace Done
0 of 0 (0% of) surface lights went in leaf ambient cubes.
0...1...2...3...4...5...6...7...8...9...10Writing leaf ambient...done
Ready to Finish

Object names       Objects/Maxobjs  Memory / Maxmem  Fullness 
------------       ---------------  ---------------  -------- 
models                  93/1024         4464/49152    ( 9.1%) 
brushes               3756/8192        45072/98304    (45.8%) 
brushsides           29341/65536      234728/524288   (44.8%) 
planes               18030/65536      360600/1310720  (27.5%) 
vertexes             23590/65536      283080/786432   (36.0%) 
nodes                 3420/65536      109440/2097152  ( 5.2%) 
texinfos              5549/12288      399528/884736   (45.2%) 
texdata                343/2048        10976/65536    (16.7%) 
dispinfos                0/0               0/0        ( 0.0%) 
disp_verts               0/0               0/0        ( 0.0%) 
disp_tris                0/0               0/0        ( 0.0%) 
disp_lmsamples           0/0               0/0        ( 0.0%) 
faces                12365/65536      692440/3670016  (18.9%) 
hdr faces            12365/65536      692440/3670016  (18.9%) 
origfaces             9358/65536      524048/3670016  (14.3%) 
leaves                3514/65536      112448/2097152  ( 5.4%) 
leaffaces            15909/65536       31818/131072   (24.3%) 
leafbrushes           6722/65536       13444/131072   (10.3%) 
areas                   20/256           160/2048     ( 7.8%) 
surfedges            97728/512000     390912/2048000  (19.1%) 
edges                64339/256000     257356/1024000  (25.1%) 
LDR worldlights        381/8192        33528/720896   ( 4.7%) 
HDR worldlights        381/8192        33528/720896   ( 4.7%) 
leafwaterdata            0/32768           0/393216   ( 0.0%) 
waterstrips           1291/32768       12910/327680   ( 3.9%) 
waterverts               0/65536           0/786432   ( 0.0%) 
waterindices         25587/65536       51174/131072   (39.0%) 
cubemapsamples          80/1024         1280/16384    ( 7.8%) 
overlays               156/512         54912/180224   (30.5%) 
LDR lightdata         [variable]    11296588/0        ( 0.0%) 
HDR lightdata         [variable]    11296588/0        ( 0.0%) 
visdata               [variable]       44525/16777216 ( 0.3%) 
entdata               [variable]      555959/393216   (141.4%) VERY FULL!
LDR ambient table     3514/65536       14056/262144   ( 5.4%) 
HDR ambient table     3514/65536       14056/262144   ( 5.4%) 
LDR leaf ambient     10280/65536      287840/1835008  (15.7%) 
HDR leaf ambient     10281/65536      287868/1835008  (15.7%) 
occluders                0/0               0/0        ( 0.0%) 
occluder polygons        0/0               0/0        ( 0.0%) 
occluder vert ind        0/0               0/0        ( 0.0%) 
detail props          [variable]           1/12       ( 8.3%) 
static props          [variable]           1/115632   ( 0.0%) 
pakfile               [variable]     6715714/0        ( 0.0%) 
physics               [variable]     1355260/4194304  (32.3%) 
physics terrain       [variable]           2/1048576  ( 0.0%) 

Level flags = 0

Total triangle count: 35138
Writing c:\modding\mo2\bmsvr2026\bmss_translator\output\bm_c1a3b_d.bsp
36 seconds elapsed
<<<<<<< HEAD



Using shader api: shaderapiempty.dll
materialPath: E:\SteamLibrary\steamapps\common\Half-Life 2 VR\ep2\materials
Loading c:\modding\mo2\bmsvr2026\bmss_translator\output\bm_c1a3b_d.vmf
ConVarRef mat_reduceparticles doesn't point to an existing ConVar
fixing up env_cubemap materials on brush sides...
0...1...2...3...4...5...6...7...8...9...100...1...2...3...4...5...6...7...8...9...10Processing areas...done (0)
Building Faces...done (0)
Chop Details...done (0)
Find Visible Detail Sides...
Merged 504 detail faces...done (0)
Merging details...done (0)
FixTjuncs...
PruneNodes...
WriteBSP...
done (1)
writing c:\modding\mo2\bmsvr2026\bmss_translator\output\bm_c1a3b_d.prt...Building visibility clusters...
done (0)
Creating default LDR cubemaps for env_cubemap using skybox materials:
   skybox/bm_sky_underground_00*.vmt
 ! Run buildcubemaps in the engine to get the correct cube maps.
Creating default HDR cubemaps for env_cubemap using skybox materials:
   skybox/bm_sky_underground_00*.vmt
 ! Run buildcubemaps in the engine to get the correct cube maps.
Finding displacement neighbors...
Finding lightmap sample positions...
Displacement Alpha : 0...1...2...3...4...5...6...7...8...9...10
Building Physics collision data...
done (1) (1363916 bytes)
Placing detail props : 0...1...2...3...4...5...6...7...8...9...10
Compacting texture/material tables...
Reduced 7611 texinfos to 5677
Reduced 381 texdatas to 343 (17825 bytes to 16645)
Writing c:\modding\mo2\bmsvr2026\bmss_translator\output\bm_c1a3b_d.bsp
4 seconds elapsed



12 threads
reading c:\modding\mo2\bmsvr2026\bmss_translator\output\bm_c1a3b_d.bsp
reading c:\modding\mo2\bmsvr2026\bmss_translator\output\bm_c1a3b_d.prt
 443 portalclusters
 901 numportals
0...1...2...3...4...5...6...7...8...9...100...1...2...3...4...5...6...7...8...9...10Optimized: 92 visible clusters (0.32%)
Total clusters visible: 28869
Average clusters visible: 65
Building PAS...
Average clusters audible: 172
visdatasize:32399  compressed from 49616
writing c:\modding\mo2\bmsvr2026\bmss_translator\output\bm_c1a3b_d.bsp
0 seconds elapsed



[Reading texlights from 'lights.rad']
[52 texlights parsed from 'lights.rad']

Loading c:\modding\mo2\bmsvr2026\bmss_translator\output\bm_c1a3b_d.bsp
12416 faces
20 degenerate faces
487998 square feet [70271840.00 square inches]
0 Displacements
0 Square Feet [0.00 Square Inches]
12396 patches before subdivision
167148 patches after subdivision
381 direct lights
0...1...2...3...4...5...6...7...8...9...100...1...2...3...4...5...6...7...8...9...10transfers 27379072, max 912
transfer lists: 208.9 megs
0...1...2...3...4...5...6...7...8...9...10	Bounce #1 added RGB(79924, 68129, 51235)
0...1...2...3...4...5...6...7...8...9...10	Bounce #2 added RGB(13953, 11774, 8444)
0...1...2...3...4...5...6...7...8...9...10	Bounce #3 added RGB(2295, 1987, 1391)
0...1...2...3...4...5...6...7...8...9...10	Bounce #4 added RGB(443, 404, 276)
0...1...2...3...4...5...6...7...8...9...10	Bounce #5 added RGB(89, 89, 60)
0...1...2...3...4...5...6...7...8...9...10	Bounce #6 added RGB(20, 22, 15)
0...1...2...3...4...5...6...7...8...9...10	Bounce #7 added RGB(5, 6, 4)
0...1...2...3...4...5...6...7...8...9...10	Bounce #8 added RGB(1, 2, 1)
0...1...2...3...4...5...6...7...8...9...10	Bounce #9 added RGB(0, 1, 0)
Build Patch/Sample Hash Table(s).....Done<0.0249 sec>
0...1...2...3...4...5...6...7...8...9...10FinalLightFace Done
0 of 0 (0% of) surface lights went in leaf ambient cubes.
0...1...2...3...4...5...6...7...8...9...10Writing leaf ambient...done
Ready to Finish

Object names       Objects/Maxobjs  Memory / Maxmem  Fullness 
------------       ---------------  ---------------  -------- 
models                  93/1024         4464/49152    ( 9.1%) 
brushes               3731/8192        44772/98304    (45.5%) 
brushsides           29144/65536      233152/524288   (44.5%) 
planes               17890/65536      357800/1310720  (27.3%) 
vertexes             24708/65536      296496/786432   (37.7%) 
nodes                 3248/65536      103936/2097152  ( 5.0%) 
texinfos              5677/12288      408744/884736   (46.2%) 
texdata                343/2048        10976/65536    (16.7%) 
dispinfos                0/0               0/0        ( 0.0%) 
disp_verts               0/0               0/0        ( 0.0%) 
disp_tris                0/0               0/0        ( 0.0%) 
disp_lmsamples           0/0               0/0        ( 0.0%) 
faces                12416/65536      695296/3670016  (18.9%) 
hdr faces                0/65536           0/3670016  ( 0.0%) 
origfaces             9516/65536      532896/3670016  (14.5%) 
leaves                3342/65536      106944/2097152  ( 5.1%) 
leaffaces            15176/65536       30352/131072   (23.2%) 
leafbrushes           6573/65536       13146/131072   (10.0%) 
areas                   20/256           160/2048     ( 7.8%) 
surfedges            98439/512000     393756/2048000  (19.2%) 
edges                64715/256000     258860/1024000  (25.3%) 
LDR worldlights        381/8192        33528/720896   ( 4.7%) 
HDR worldlights          0/8192            0/720896   ( 0.0%) 
leafwaterdata            0/32768           0/393216   ( 0.0%) 
waterstrips           1340/32768       13400/327680   ( 4.1%) 
waterverts               0/65536           0/786432   ( 0.0%) 
waterindices         26247/65536       52494/131072   (40.0%) 
cubemapsamples          80/1024         1280/16384    ( 7.8%) 
overlays               156/512         54912/180224   (30.5%) 
LDR lightdata         [variable]    11282012/0        ( 0.0%) 
HDR lightdata         [variable]           0/0        ( 0.0%) 
visdata               [variable]       32399/16777216 ( 0.2%) 
entdata               [variable]      555926/393216   (141.4%) VERY FULL!
LDR ambient table     3342/65536       13368/262144   ( 5.1%) 
HDR ambient table     3342/65536       13368/262144   ( 5.1%) 
LDR leaf ambient      9339/65536      261492/1835008  (14.3%) 
HDR leaf ambient      3342/65536       93576/1835008  ( 5.1%) 
occluders                0/0               0/0        ( 0.0%) 
occluder polygons        0/0               0/0        ( 0.0%) 
occluder vert ind        0/0               0/0        ( 0.0%) 
detail props          [variable]           1/12       ( 8.3%) 
static props          [variable]           1/116638   ( 0.0%) 
pakfile               [variable]     6715714/0        ( 0.0%) 
physics               [variable]     1363916/4194304  (32.5%) 
physics terrain       [variable]           2/1048576  ( 0.0%) 

Level flags = 0

Total triangle count: 35115
Writing c:\modding\mo2\bmsvr2026\bmss_translator\output\bm_c1a3b_d.bsp
38 seconds elapsed



[Reading texlights from 'lights.rad']
[52 texlights parsed from 'lights.rad']

Loading c:\modding\mo2\bmsvr2026\bmss_translator\output\bm_c1a3b_d.bsp
12416 faces
20 degenerate faces
487998 square feet [70271840.00 square inches]
0 Displacements
0 Square Feet [0.00 Square Inches]
12396 patches before subdivision
167148 patches after subdivision
381 direct lights
0...1...2...3...4...5...6...7...8...9...100...1...2...3...4...5...6...7...8...9...10transfers 27379072, max 912
transfer lists: 208.9 megs
0...1...2...3...4...5...6...7...8...9...10	Bounce #1 added RGB(79924, 68130, 51235)
0...1...2...3...4...5...6...7...8...9...10	Bounce #2 added RGB(13953, 11775, 8444)
0...1...2...3...4...5...6...7...8...9...10	Bounce #3 added RGB(2295, 1987, 1391)
0...1...2...3...4...5...6...7...8...9...10	Bounce #4 added RGB(443, 404, 276)
0...1...2...3...4...5...6...7...8...9...10	Bounce #5 added RGB(89, 89, 60)
0...1...2...3...4...5...6...7...8...9...10	Bounce #6 added RGB(20, 22, 15)
0...1...2...3...4...5...6...7...8...9...10	Bounce #7 added RGB(5, 6, 4)
0...1...2...3...4...5...6...7...8...9...10	Bounce #8 added RGB(1, 2, 1)
0...1...2...3...4...5...6...7...8...9...10	Bounce #9 added RGB(0, 1, 0)
Build Patch/Sample Hash Table(s).....Done<0.0254 sec>
0...1...2...3...4...5...6...7...8...9...10FinalLightFace Done
0 of 0 (0% of) surface lights went in leaf ambient cubes.
0...1...2...3...4...5...6...7...8...9...10Writing leaf ambient...done
Ready to Finish

Object names       Objects/Maxobjs  Memory / Maxmem  Fullness 
------------       ---------------  ---------------  -------- 
models                  93/1024         4464/49152    ( 9.1%) 
brushes               3731/8192        44772/98304    (45.5%) 
brushsides           29144/65536      233152/524288   (44.5%) 
planes               17890/65536      357800/1310720  (27.3%) 
vertexes             24708/65536      296496/786432   (37.7%) 
nodes                 3248/65536      103936/2097152  ( 5.0%) 
texinfos              5677/12288      408744/884736   (46.2%) 
texdata                343/2048        10976/65536    (16.7%) 
dispinfos                0/0               0/0        ( 0.0%) 
disp_verts               0/0               0/0        ( 0.0%) 
disp_tris                0/0               0/0        ( 0.0%) 
disp_lmsamples           0/0               0/0        ( 0.0%) 
faces                12416/65536      695296/3670016  (18.9%) 
hdr faces            12416/65536      695296/3670016  (18.9%) 
origfaces             9516/65536      532896/3670016  (14.5%) 
leaves                3342/65536      106944/2097152  ( 5.1%) 
leaffaces            15176/65536       30352/131072   (23.2%) 
leafbrushes           6573/65536       13146/131072   (10.0%) 
areas                   20/256           160/2048     ( 7.8%) 
surfedges            98439/512000     393756/2048000  (19.2%) 
edges                64715/256000     258860/1024000  (25.3%) 
LDR worldlights        381/8192        33528/720896   ( 4.7%) 
HDR worldlights        381/8192        33528/720896   ( 4.7%) 
leafwaterdata            0/32768           0/393216   ( 0.0%) 
waterstrips           1340/32768       13400/327680   ( 4.1%) 
waterverts               0/65536           0/786432   ( 0.0%) 
waterindices         26247/65536       52494/131072   (40.0%) 
cubemapsamples          80/1024         1280/16384    ( 7.8%) 
overlays               156/512         54912/180224   (30.5%) 
LDR lightdata         [variable]    11282012/0        ( 0.0%) 
HDR lightdata         [variable]    11282012/0        ( 0.0%) 
visdata               [variable]       32399/16777216 ( 0.2%) 
entdata               [variable]      555926/393216   (141.4%) VERY FULL!
LDR ambient table     3342/65536       13368/262144   ( 5.1%) 
HDR ambient table     3342/65536       13368/262144   ( 5.1%) 
LDR leaf ambient      9339/65536      261492/1835008  (14.3%) 
HDR leaf ambient      9340/65536      261520/1835008  (14.3%) 
occluders                0/0               0/0        ( 0.0%) 
occluder polygons        0/0               0/0        ( 0.0%) 
occluder vert ind        0/0               0/0        ( 0.0%) 
detail props          [variable]           1/12       ( 8.3%) 
static props          [variable]           1/116638   ( 0.0%) 
pakfile               [variable]     6715714/0        ( 0.0%) 
physics               [variable]     1363916/4194304  (32.5%) 
physics terrain       [variable]           2/1048576  ( 0.0%) 

Level flags = 0

Total triangle count: 35115
Writing c:\modding\mo2\bmsvr2026\bmss_translator\output\bm_c1a3b_d.bsp
37 seconds elapsed
=======
>>>>>>> e413d3818faff80df26a1b2890eefeb2c3f505ac
