PRT1
609
1203
4 1 204 (1624 0 64 ) (1368 0 64 ) (1368 0 -64 ) (1624 0 -64 ) 
4 1 2 (1368 96 64 ) (1368 96 -64 ) (1368 0 -64 ) (1368 0 64 ) 
4 2 205 (1368 0 64 ) (1272 0 64 ) (1272 0 -64 ) (1368 0 -64 ) 
4 4 46 (0 580 96 ) (0 580 0 ) (0 576 0 ) (0 576 96 ) 
4 4 7 (0 576 64 ) (0 576 0 ) (132 576 0 ) (132 576 64 ) 
4 4 5 (0 576 96 ) (0 576 64 ) (132 576 64 ) (132 576 96 ) 
4 5 48 (0 576 96 ) (0 576 64 ) (0 532 64 ) (0 532 96 ) 
4 5 9 (0 532 96 ) (0 532 64 ) (132 532 64 ) (132 532 96 ) 
4 5 7 (132 532 64 ) (0 532 64 ) (0 576 64 ) (132 576 64 ) 
4 6 13 (152 532 -128 ) (920 532 -128 ) (920 532 52 ) (152 532 52 ) 
4 6 11 (920 532 52 ) (920 532 64 ) (152 532 64 ) (152 532 52 ) 
4 7 48 (0 576 64 ) (0 576 0 ) (0 532 0 ) (0 532 64 ) 
4 7 16 (128 532 0 ) (132 532 0 ) (132 532 52 ) (128 532 52 ) 
4 7 17 (0 532 52 ) (0 532 0 ) (128 532 0 ) (128 532 52 ) 
4 7 12 (0 532 64 ) (0 532 52 ) (132 532 52 ) (132 532 64 ) 
4 7 8 (0 576 0 ) (128 576 0 ) (128 532 0 ) (0 532 0 ) 
4 8 61 (0 576 0 ) (0 576 -128 ) (0 532 -128 ) (0 532 0 ) 
4 8 17 (0 532 0 ) (0 532 -128 ) (128 532 -128 ) (128 532 0 ) 
4 9 53 (0 300 96 ) (0 416 96 ) (0 416 64 ) (0 300 64 ) 
4 9 50 (0 416 96 ) (0 480 96 ) (0 480 64 ) (0 416 64 ) 
4 9 48 (0 480 96 ) (0 532 96 ) (0 532 64 ) (0 480 64 ) 
4 9 12 (0 532 64 ) (132 532 64 ) (132 300 64 ) (0 300 64 ) 
4 9 10 (0 300 64 ) (132 300 64 ) (132 300 96 ) (0 300 96 ) 
4 10 53 (0 252 96 ) (0 300 96 ) (0 300 64 ) (0 252 64 ) 
4 10 25 (132 252 64 ) (0 252 64 ) (0 300 64 ) (132 300 64 ) 
4 11 24 (536 300 64 ) (152 300 64 ) (152 300 52 ) (536 300 52 ) 
4 11 19 (664 300 64 ) (536 300 64 ) (536 300 52 ) (664 300 52 ) 
4 11 18 (920 300 64 ) (664 300 64 ) (664 300 52 ) (920 300 52 ) 
4 11 13 (920 300 52 ) (152 300 52 ) (152 532 52 ) (920 532 52 ) 
4 12 53 (0 300 64 ) (0 416 64 ) (0 416 52 ) (0 300 52 ) 
4 12 50 (0 416 64 ) (0 480 64 ) (0 480 52 ) (0 416 52 ) 
4 12 48 (0 480 64 ) (0 532 64 ) (0 532 52 ) (0 480 52 ) 
4 12 25 (132 300 64 ) (0 300 64 ) (0 300 52 ) (132 300 52 ) 
4 12 16 (132 300 52 ) (128 300 52 ) (128 532 52 ) (132 532 52 ) 
4 12 17 (128 300 52 ) (0 300 52 ) (0 532 52 ) (128 532 52 ) 
4 13 28 (152 300 -128 ) (536 300 -128 ) (536 300 -64 ) (152 300 -64 ) 
4 13 27 (536 300 -64 ) (536 300 0 ) (152 300 0 ) (152 300 -64 ) 
4 13 24 (536 300 0 ) (536 300 52 ) (152 300 52 ) (152 300 0 ) 
4 13 23 (536 300 -128 ) (920 300 -128 ) (920 300 -64 ) (536 300 -64 ) 
4 13 19 (664 300 52 ) (536 300 52 ) (536 300 -64 ) (664 300 -64 ) 
4 13 18 (920 300 52 ) (664 300 52 ) (664 300 -64 ) (920 300 -64 ) 
4 13 14 (152 300 -128 ) (152 300 52 ) (152 532 52 ) (152 532 -128 ) 
4 14 30 (142 308 -128 ) (142 524 -128 ) (148 524 -128 ) (148 308 -128 ) 
4 14 15 (142 300 -128 ) (142 300 52 ) (142 532 52 ) (142 532 -128 ) 
4 15 31 (138 308 -128 ) (138 524 -128 ) (142 524 -128 ) (142 308 -128 ) 
4 15 16 (138 300 -128 ) (138 300 52 ) (138 532 52 ) (138 532 -128 ) 
4 16 32 (132 308 -128 ) (132 524 -128 ) (138 524 -128 ) (138 308 -128 ) 
4 16 25 (132 300 52 ) (128 300 52 ) (128 300 0 ) (132 300 0 ) 
4 16 17 (128 300 -128 ) (128 300 52 ) (128 532 52 ) (128 532 -128 ) 
4 17 84 (0 320 -128 ) (0 300 -128 ) (0 300 0 ) (0 320 0 ) 
4 17 61 (0 532 0 ) (0 532 -128 ) (0 320 -128 ) (0 320 0 ) 
4 17 53 (0 416 0 ) (0 300 0 ) (0 300 52 ) (0 416 52 ) 
4 17 50 (0 480 0 ) (0 416 0 ) (0 416 52 ) (0 480 52 ) 
4 17 48 (0 532 52 ) (0 532 0 ) (0 480 0 ) (0 480 52 ) 
4 17 29 (0 300 -128 ) (128 300 -128 ) (128 300 0 ) (0 300 0 ) 
4 17 25 (128 300 0 ) (128 300 52 ) (0 300 52 ) (0 300 0 ) 
4 18 23 (664 192 -64 ) (664 300 -64 ) (920 300 -64 ) (920 192 -64 ) 
4 18 19 (664 300 64 ) (664 300 -64 ) (664 192 -64 ) (664 192 64 ) 
4 19 27 (536 300 0 ) (536 300 -64 ) (536 192 -64 ) (536 192 0 ) 
4 19 26 (536 252 0 ) (536 192 0 ) (536 192 64 ) (536 252 64 ) 
4 19 24 (536 300 64 ) (536 300 0 ) (536 252 0 ) (536 252 64 ) 
4 19 23 (536 192 -64 ) (536 300 -64 ) (664 300 -64 ) (664 192 -64 ) 
4 19 20 (536 192 64 ) (536 192 -64 ) (664 192 -64 ) (664 192 64 ) 
4 20 21 (536 160 64 ) (536 160 -64 ) (664 160 -64 ) (664 160 64 ) 
4 21 22 (536 32 64 ) (536 32 -64 ) (664 32 -64 ) (664 32 64 ) 
4 22 222 (664 0 64 ) (536 0 64 ) (536 0 -64 ) (664 0 -64 ) 
4 23 28 (536 300 -64 ) (536 300 -128 ) (536 192 -128 ) (536 192 -64 ) 
4 24 27 (152 300 0 ) (536 300 0 ) (536 252 0 ) (152 252 0 ) 
4 24 26 (152 252 0 ) (536 252 0 ) (536 252 64 ) (152 252 64 ) 
4 25 53 (0 252 64 ) (0 300 64 ) (0 300 0 ) (0 252 0 ) 
4 25 29 (0 256 0 ) (0 300 0 ) (128 300 0 ) (128 256 0 ) 
4 26 27 (152 252 0 ) (536 252 0 ) (536 192 0 ) (152 192 0 ) 
4 27 28 (152 192 -64 ) (152 300 -64 ) (536 300 -64 ) (536 192 -64 ) 
4 29 84 (0 256 0 ) (0 300 0 ) (0 300 -128 ) (0 256 -128 ) 
4 30 31 (142 524 -128 ) (142 524 -136 ) (142 308 -136 ) (142 308 -128 ) 
4 31 32 (138 524 -128 ) (138 524 -136 ) (138 308 -136 ) (138 308 -128 ) 
4 33 43 (-28 1024 96 ) (-256 1024 96 ) (-256 1024 0 ) (-28 1024 0 ) 
4 33 34 (-32 1024 0 ) (-256 1024 0 ) (-256 1088 0 ) (-32 1088 0 ) 
4 34 63 (-256 1024 0 ) (-258 1024 0 ) (-258 1024 -128 ) (-256 1024 -128 ) 
4 34 60 (-32 1024 0 ) (-256 1024 0 ) (-256 1024 -128 ) (-32 1024 -128 ) 
4 34 35 (-258 1088 0 ) (-258 1088 -128 ) (-258 1024 -128 ) (-258 1024 0 ) 
4 35 64 (-258 1024 0 ) (-384 1024 0 ) (-384 1024 -128 ) (-258 1024 -128 ) 
4 35 36 (-384 1024 -128 ) (-384 1024 -8 ) (-384 1042 -8 ) (-384 1042 -128 ) 
4 36 70 (-384 1024 -128 ) (-384 1024 -8 ) (-387 1024 -8 ) (-387 1024 -128 ) 
4 36 37 (-387 1024 -8 ) (-387 1042 -8 ) (-387 1042 -128 ) (-387 1024 -128 ) 
4 37 71 (-387 1024 -8 ) (-389 1024 -8 ) (-389 1024 -128 ) (-387 1024 -128 ) 
4 37 38 (-389 1024 -8 ) (-389 1042 -8 ) (-389 1042 -128 ) (-389 1024 -128 ) 
4 38 72 (-389 1024 -8 ) (-392 1024 -8 ) (-392 1024 -128 ) (-389 1024 -128 ) 
4 38 39 (-392 1042 -128 ) (-392 1024 -128 ) (-392 1024 -8 ) (-392 1042 -8 ) 
4 39 100 (-392 1024 -144 ) (-392 1024 -128 ) (-560 1024 -128 ) (-560 1024 -144 ) 
4 39 72 (-392 1024 -128 ) (-392 1024 -8 ) (-560 1024 -8 ) (-560 1024 -128 ) 
4 39 69 (-392 1024 -8 ) (-392 1024 0 ) (-560 1024 0 ) (-560 1024 -8 ) 
4 39 45 (-392 1024 0 ) (-392 1024 96 ) (-560 1024 96 ) (-560 1024 0 ) 
4 39 42 (-392 1024 96 ) (-392 1024 259 ) (-560 1024 259 ) (-560 1024 96 ) 
4 40 173 (-2048 1024 0 ) (-2048 1024 96 ) (-2048 1092 96 ) (-2048 1092 0 ) 
4 40 143 (-2048 1024 64 ) (-2048 1024 0 ) (-1984 1024 0 ) (-1984 1024 64 ) 
4 40 138 (-2048 1024 96 ) (-2048 1024 64 ) (-1984 1024 64 ) (-1984 1024 96 ) 
4 40 136 (-1984 1024 0 ) (-1792 1024 0 ) (-1792 1024 96 ) (-1984 1024 96 ) 
4 40 41 (-2048 1024 0 ) (-2048 1088 0 ) (-1792 1088 0 ) (-1792 1024 0 ) 
4 41 174 (-2048 1024 -128 ) (-2048 1024 0 ) (-2048 1088 0 ) (-2048 1088 -128 ) 
4 41 166 (-2048 1024 0 ) (-2048 1024 -128 ) (-1984 1024 -128 ) (-1984 1024 0 ) 
4 41 160 (-1984 1024 -128 ) (-1792 1024 -128 ) (-1792 1024 0 ) (-1984 1024 0 ) 
4 42 45 (-560 882 96 ) (-560 1024 96 ) (-392 1024 96 ) (-392 882 96 ) 
4 43 60 (-256 1024 0 ) (-32 1024 0 ) (-32 896 0 ) (-256 896 0 ) 
4 43 44 (-256 896 96 ) (-256 896 0 ) (-60 896 0 ) (-60 896 96 ) 
4 44 62 (-64 640 0 ) (-256 640 0 ) (-256 896 0 ) (-64 896 0 ) 
4 44 46 (-256 640 0 ) (-60 640 0 ) (-60 640 96 ) (-256 640 96 ) 
4 45 73 (-560 882 0 ) (-560 938 0 ) (-392 938 0 ) (-392 882 0 ) 
4 45 69 (-560 938 0 ) (-560 1024 0 ) (-392 1024 0 ) (-392 938 0 ) 
4 46 61 (-64 640 0 ) (0 640 0 ) (0 576 0 ) (-64 576 0 ) 
4 46 62 (-256 640 0 ) (-64 640 0 ) (-64 576 0 ) (-256 576 0 ) 
4 46 48 (-256 576 0 ) (0 576 0 ) (0 576 96 ) (-256 576 96 ) 
4 47 74 (-480 640 0 ) (-448 640 0 ) (-448 576 0 ) (-480 576 0 ) 
4 48 61 (-64 576 0 ) (0 576 0 ) (0 480 0 ) (-64 480 0 ) 
4 48 62 (-256 576 0 ) (-64 576 0 ) (-64 480 0 ) (-256 480 0 ) 
4 48 50 (-256 480 0 ) (0 480 0 ) (0 480 96 ) (-256 480 96 ) 
4 49 355 (-120 0 1280 ) (-152 0 1280 ) (-152 0 1248 ) (-120 0 1248 ) 
4 50 61 (-64 480 0 ) (0 480 0 ) (0 416 0 ) (-64 416 0 ) 
4 50 62 (-256 480 0 ) (-64 480 0 ) (-64 416 0 ) (-256 416 0 ) 
4 50 55 (-60 416 96 ) (-256 416 96 ) (-256 416 0 ) (-60 416 0 ) 
4 50 53 (0 416 96 ) (-60 416 96 ) (-60 416 0 ) (0 416 0 ) 
4 51 68 (-352 480 0 ) (-320 480 0 ) (-320 416 0 ) (-352 416 0 ) 
4 52 74 (-480 480 0 ) (-448 480 0 ) (-448 416 0 ) (-480 416 0 ) 
5 53 85 (-60 252 0 ) (-60 320 0 ) (-48 320 0 ) (-48 256 0 ) (-52 252 0 ) 
4 53 84 (-48 320 0 ) (0 320 0 ) (0 256 0 ) (-48 256 0 ) 
4 53 61 (-60 320 0 ) (-60 416 0 ) (0 416 0 ) (0 320 0 ) 
4 53 55 (-60 416 96 ) (-60 416 0 ) (-60 252 0 ) (-60 252 96 ) 
4 53 54 (-60 252 96 ) (-60 252 0 ) (-56 252 0 ) (-56 252 96 ) 
3 54 85 (-60 248 0 ) (-60 252 0 ) (-56 252 0 ) 
4 54 55 (-60 252 0 ) (-60 248 0 ) (-60 248 96 ) (-60 252 96 ) 
4 55 87 (-256 96 0 ) (-256 320 0 ) (-64 320 0 ) (-64 96 0 ) 
4 55 85 (-64 320 0 ) (-60 320 0 ) (-60 244 0 ) (-64 240 0 ) 
4 55 61 (-64 416 0 ) (-60 416 0 ) (-60 320 0 ) (-64 320 0 ) 
4 55 62 (-256 320 0 ) (-256 416 0 ) (-64 416 0 ) (-64 320 0 ) 
4 56 362 (-60 0 96 ) (-256 0 96 ) (-256 0 0 ) (-60 0 0 ) 
4 56 89 (-64 0 0 ) (-256 0 0 ) (-256 64 0 ) (-64 64 0 ) 
4 57 365 (-768 0 96 ) (-768 0 0 ) (-572 0 0 ) (-572 0 96 ) 
4 57 361 (-768 0 184 ) (-768 0 96 ) (-572 0 96 ) (-572 0 184 ) 
4 57 93 (-576 0 0 ) (-768 0 0 ) (-768 132 0 ) (-576 132 0 ) 
4 57 59 (-768 132 0 ) (-768 0 0 ) (-768 0 184 ) (-768 132 184 ) 
4 58 103 (-1024 420 41.778969 ) (-1024 420 170.679214 ) (-1024 548 170.679199 ) (-1024 548 41.778976 ) 
4 58 82 (-961.002869 548 0 ) (-768 548 0 ) (-768 420 0 ) (-961.002930 420 0 ) 
4 59 365 (-1024 0 96 ) (-1024 0 0 ) (-768 0 0 ) (-768 0 96 ) 
4 59 361 (-1024 0 184 ) (-1024 0 96 ) (-768 0 96 ) (-768 0 184 ) 
4 59 129 (-1024 132 0 ) (-1024 0 0 ) (-1024 0 96 ) (-1024 132 96 ) 
4 59 127 (-1024 0 96 ) (-1024 0 184 ) (-1024 132 184 ) (-1024 132 96 ) 
4 59 99 (-768 0 0 ) (-1024 0 0 ) (-1024 128 0 ) (-768 128 0 ) 
4 60 63 (-256 1024 -128 ) (-256 896 -128 ) (-256 896 0 ) (-256 1024 0 ) 
4 60 62 (-256 896 0 ) (-256 896 -128 ) (-64 896 -128 ) (-64 896 0 ) 
4 61 85 (-64 320 -128 ) (-48 320 -128 ) (-48 320 0 ) (-64 320 0 ) 
4 61 84 (-48 320 -128 ) (0 320 -128 ) (0 320 0 ) (-48 320 0 ) 
4 61 62 (-64 640 -128 ) (-64 320 -128 ) (-64 320 0 ) (-64 640 0 ) 
4 62 101 (-224 672 -128 ) (-96 672 -128 ) (-96 576 -128 ) (-224 576 -128 ) 
4 62 87 (-256 320 -128 ) (-64 320 -128 ) (-64 320 0 ) (-256 320 0 ) 
4 62 66 (-256 896 -128 ) (-256 880 -128 ) (-256 880 0 ) (-256 896 0 ) 
4 62 65 (-256 688.002075 -128 ) (-256 672 -128 ) (-256 672 0 ) (-256 688.002075 0 ) 
4 62 68 (-256 672 -128 ) (-256 320 -128 ) (-256 320 0 ) (-256 672 0 ) 
4 63 66 (-258 896 -128 ) (-256 896 -128 ) (-256 896 0 ) (-258 896 0 ) 
4 63 64 (-258 1024 -128 ) (-258 896 -128 ) (-258 896 0 ) (-258 1024 0 ) 
4 64 70 (-384 1024 -128 ) (-384 938 -128 ) (-384 938 -8 ) (-384 1024 -8 ) 
4 64 67 (-272 896 -128 ) (-258 896 -128 ) (-258 896 0 ) (-272 896 0 ) 
4 65 68 (-272.002075 672 -128 ) (-256 672 -128 ) (-256 672 0 ) (-272.002106 672 0 ) 
4 66 67 (-258 896 0 ) (-258 896 -128 ) (-258 882 -128 ) (-258 882 0 ) 
4 68 96 (-316 320 -12 ) (-356 320 -12 ) (-356 320 -52 ) (-316 320 -52 ) 
4 68 75 (-384 551.983643 -128 ) (-384 320 -128 ) (-384 320 -24 ) (-384 551.983643 -24 ) 
4 68 74 (-384 320 -24 ) (-384 320 0 ) (-384 672 0 ) (-384 672 -24 ) 
4 69 73 (-560 938 0 ) (-560 938 -8 ) (-392 938 -8 ) (-392 938 0 ) 
4 69 72 (-392 938 -8 ) (-560 938 -8 ) (-560 1024 -8 ) (-392 1024 -8 ) 
4 70 71 (-387 1024 -128 ) (-387 938 -128 ) (-387 938 -8 ) (-387 1024 -8 ) 
4 71 72 (-389 1024 -128 ) (-389 938 -128 ) (-389 938 -8 ) (-389 1024 -8 ) 
4 72 100 (-560 1024 -128 ) (-392 1024 -128 ) (-392 938 -128 ) (-560 938 -128 ) 
4 72 73 (-560 938 -8 ) (-560 938 -128 ) (-392 938 -128 ) (-392 938 -8 ) 
4 73 100 (-392 882 -128 ) (-560 882 -128 ) (-560 938 -128 ) (-392 938 -128 ) 
4 74 77 (-560 640 -22 ) (-560 640 -24 ) (-560 580 -24 ) (-560 580 -22 ) 
3 74 76 (-474.015015 672 -24 ) (-416 672 -24 ) (-407.998199 583.980286 -24 ) 
5 74 75 (-560 320 -24 ) (-560 672 -24 ) (-474.015015 672 -24 ) (-384 551.983643 -24 ) (-384 320 -24 ) 
4 75 77 (-560 640 -128 ) (-560 580 -128 ) (-560 580 -24 ) (-560 640 -24 ) 
4 75 76 (-474.015625 672 -128 ) (-474.015625 672 -24 ) (-407.998138 583.979309 -24 ) (-407.998138 583.979309 -128 ) 
4 77 78 (-567 580 -128 ) (-567 580 -22 ) (-567 640 -22 ) (-567 640 -128 ) 
4 78 79 (-569 580 -128 ) (-569 580 -22 ) (-569 640 -22 ) (-569 640 -128 ) 
4 79 80 (-576 640 -128 ) (-576 580 -128 ) (-576 580 -22 ) (-576 640 -22 ) 
4 80 81 (-768 548 -128 ) (-576 548 -128 ) (-576 548 0 ) (-768 548 0 ) 
5 81 83 (-767.995972 420 -128 ) (-576 420 -128 ) (-576 420 0 ) (-768 420 0 ) (-768 420 -127.997330 ) 
4 81 82 (-768 548 0 ) (-768 548 -127.992188 ) (-768 420 -127.992188 ) (-768 420 0 ) 
4 83 98 (-576 320 -92 ) (-576 320 -12 ) (-768 320 -12 ) (-768 320 -92 ) 
4 83 95 (-576 320 -12 ) (-576 320 0 ) (-768 320 0 ) (-768 320 -12 ) 
4 83 92 (-768 320 -128 ) (-576 320 -128 ) (-576 320 -92 ) (-768 320 -92 ) 
4 84 85 (-48 320 0 ) (-48 320 -128 ) (-48 256 -128 ) (-48 256 0 ) 
4 85 87 (-64 320 0 ) (-64 320 -128 ) (-64 240 -128 ) (-64 240 0 ) 
4 86 371 (-64 0 -48 ) (-64 0 -96 ) (-48 0 -96 ) (-48 0 -48 ) 
4 86 89 (-64 0 -96 ) (-64 0 -48 ) (-64 32 -48 ) (-64 32 -96 ) 
4 87 90 (-256 128 -96 ) (-256 128 -48 ) (-256 176 -48 ) (-256 176 -96 ) 
4 87 88 (-256 82 0 ) (-256 82 -128 ) (-64 82 -128 ) (-64 82 0 ) 
4 88 89 (-256 78 0 ) (-256 78 -128 ) (-64 78 -128 ) (-64 78 0 ) 
4 89 373 (-208 0 0 ) (-256 0 0 ) (-256 0 -128 ) (-208 0 -128 ) 
4 89 372 (-64 0 0 ) (-208 0 0 ) (-208 0 -128 ) (-64 0 -128 ) 
4 91 97 (-316 280 -52 ) (-428 280 -52 ) (-428 240 -12 ) (-316 240 -12 ) 
4 92 98 (-576 320 -92 ) (-768 320 -92 ) (-768 240 -12 ) (-576 240 -12 ) 
4 92 95 (-768 240 -12 ) (-768 228 0 ) (-576 228 0 ) (-576 240 -12 ) 
4 92 93 (-576 132 -128 ) (-576 132 0 ) (-768 132 0 ) (-768 132 -128 ) 
4 93 401 (-576 0 0 ) (-768 0 0 ) (-768 0 -128 ) (-576 0 -128 ) 
4 93 99 (-768 128 -128 ) (-768 0 -128 ) (-768 0 0 ) (-768 128 0 ) 
4 94 97 (-425.679993 239.998062 -12 ) (-428 239.998062 -12 ) (-428 280 -12 ) (-425.679993 280 -12 ) 
4 95 98 (-576 239.998062 -12 ) (-768 239.998077 -12 ) (-768 320 -12 ) (-576 320 -12 ) 
4 96 97 (-356 280 -52 ) (-316 280 -52 ) (-316 280 -12 ) (-356 280 -12 ) 
4 99 404 (-784 0 0 ) (-1024 0 0 ) (-1024 0 -128 ) (-784 0 -128 ) 
4 99 401 (-768 0 0 ) (-784 0 0 ) (-784 0 -128 ) (-768 0 -128 ) 
4 99 148 (-1024 128 -128 ) (-1024 0 -128 ) (-1024 0 0 ) (-1024 128 0 ) 
4 102 109 (-1364 564 63 ) (-1260 564 63 ) (-1260 564 136 ) (-1364 564 136 ) 
4 102 106 (-1260 564 136 ) (-1260 564 175 ) (-1364 564 175 ) (-1364 564 136 ) 
4 103 109 (-1056 420 63.001022 ) (-1056 420 136 ) (-1056 548 136 ) (-1056 548 63.001038 ) 
4 103 107 (-1056 420 136 ) (-1056 420 184 ) (-1056 496 184 ) (-1056 496 136 ) 
4 103 106 (-1056 496 184 ) (-1056 548 184 ) (-1056 548 136 ) (-1056 496 136 ) 
4 103 104 (-1056 420 184 ) (-1056 420 192.012589 ) (-1056 548 192.012573 ) (-1056 548 184 ) 
5 104 107 (-1536 420 184 ) (-1536 476 184 ) (-1516 496 184 ) (-1056 496 184 ) (-1056 420 184 ) 
5 104 106 (-1480 532 184 ) (-1448 564 184 ) (-1056 564 184 ) (-1056 496 184 ) (-1444 496 184 ) 
3 104 105 (-1516 496 184 ) (-1480 532 184 ) (-1444 496 184 ) 
4 105 118 (-1536 544 136 ) (-1536 496 136 ) (-1536 496 184 ) (-1536 544 184 ) 
3 105 109 (-1480 532 136 ) (-1444 496 136 ) (-1516 496 136 ) 
4 105 108 (-1518 496 136 ) (-1516 496 136 ) (-1516 496 184 ) (-1518 496 184 ) 
4 105 107 (-1516 496 136 ) (-1444 496 136 ) (-1444 496 184 ) (-1516 496 184 ) 
4 105 106 (-1444 496 184 ) (-1444 496 136 ) (-1480 532 136 ) (-1480 532 184 ) 
5 106 109 (-1448 564 136 ) (-1056 564 136 ) (-1056 496 136 ) (-1444 496 136 ) (-1480 532 136 ) 
4 106 107 (-1444 496 136 ) (-1056 496 136 ) (-1056 496 184 ) (-1444 496 184 ) 
4 107 121 (-1136 420 159 ) (-1488 420 159 ) (-1488 420 136 ) (-1136 420 136 ) 
5 107 109 (-1536 420 136 ) (-1536 476 136 ) (-1516 496 136 ) (-1056 496 136 ) (-1056 420 136 ) 
4 107 108 (-1516 496 184 ) (-1516 496 136 ) (-1517 495 136 ) (-1517 495 184 ) 
4 109 121 (-1136 420 136 ) (-1488 420 136 ) (-1488 420 63 ) (-1136 420 63 ) 
4 110 123 (-1136 420 35 ) (-1136 420 47 ) (-1264 420 47 ) (-1264 420 35 ) 
4 110 113 (-1264 420 35 ) (-1264 420 47 ) (-1264 428 47 ) (-1264 428 35 ) 
4 110 112 (-1264 420 35 ) (-1264 424 35 ) (-1136 424 35 ) (-1136 420 35 ) 
4 110 111 (-1264 424 35 ) (-1264 428 35 ) (-1136 428 35 ) (-1136 424 35 ) 
4 111 152 (-1136 440 0 ) (-1136 424 0 ) (-1264 424 0 ) (-1264 440 0 ) 
4 111 113 (-1264 424 35 ) (-1264 428 35 ) (-1264 428 0 ) (-1264 424 0 ) 
4 111 112 (-1136 424 0 ) (-1136 424 35 ) (-1264 424 35 ) (-1264 424 0 ) 
4 112 153 (-1136 424 0 ) (-1136 420 0 ) (-1264 420 0 ) (-1264 424 0 ) 
4 112 123 (-1264 420 0 ) (-1136 420 0 ) (-1136 420 35 ) (-1264 420 35 ) 
4 112 113 (-1264 420 0 ) (-1264 420 35 ) (-1264 424 35 ) (-1264 424 0 ) 
4 113 154 (-1264 424 0 ) (-1264 420 0 ) (-1360 420 0 ) (-1360 424 0 ) 
4 113 123 (-1360 420 0 ) (-1264 420 0 ) (-1264 420 47 ) (-1360 420 47 ) 
4 113 116 (-1360 420 0 ) (-1360 420 35 ) (-1360 428 35 ) (-1360 428 0 ) 
4 113 114 (-1360 420 35 ) (-1360 420 47 ) (-1360 428 47 ) (-1360 428 35 ) 
4 114 123 (-1360 420 35 ) (-1360 420 47 ) (-1488 420 47 ) (-1488 420 35 ) 
4 114 116 (-1488 420 35 ) (-1488 428 35 ) (-1360 428 35 ) (-1360 420 35 ) 
4 115 155 (-1360 440 0 ) (-1360 428 0 ) (-1488 428 0 ) (-1488 440 0 ) 
4 115 116 (-1360 428 0 ) (-1360 428 35 ) (-1488 428 35 ) (-1488 428 0 ) 
4 116 156 (-1360 428 0 ) (-1360 420 0 ) (-1488 420 0 ) (-1488 428 0 ) 
4 116 123 (-1488 420 0 ) (-1360 420 0 ) (-1360 420 35 ) (-1488 420 35 ) 
4 117 119 (-1652 500 184 ) (-1652 540 184 ) (-1612 540 184 ) (-1612 500 184 ) 
4 118 119 (-1540 544 136 ) (-1540 496 136 ) (-1540 496 184 ) (-1540 544 184 ) 
4 119 120 (-1724 544 136 ) (-1724 496 136 ) (-1724 496 184 ) (-1724 544 184 ) 
4 120 137 (-1728 496 136 ) (-1728 496 184 ) (-1728 544 184 ) (-1728 544 136 ) 
4 121 122 (-1488 413 159 ) (-1488 413 63 ) (-1136 413 63 ) (-1136 413 159 ) 
4 122 130 (-1136 388 63 ) (-1136 388 96 ) (-1488 388 96 ) (-1488 388 63 ) 
4 122 126 (-1136 388 96 ) (-1136 388 159 ) (-1488 388 159 ) (-1488 388 96 ) 
4 122 124 (-1488 388 63 ) (-1488 413 63 ) (-1136 413 63 ) (-1136 388 63 ) 
4 123 156 (-1488 420 0 ) (-1360 420 0 ) (-1360 413 0 ) (-1488 413 0 ) 
4 123 154 (-1360 420 0 ) (-1264 420 0 ) (-1264 413 0 ) (-1360 413 0 ) 
4 123 153 (-1264 420 0 ) (-1136 420 0 ) (-1136 413 0 ) (-1264 413 0 ) 
4 123 124 (-1136 413 0 ) (-1136 413 47 ) (-1488 413 47 ) (-1488 413 0 ) 
4 124 156 (-1360 388 0 ) (-1488 388 0 ) (-1488 413 0 ) (-1360 413 0 ) 
4 124 154 (-1264 388 0 ) (-1360 388 0 ) (-1360 413 0 ) (-1264 413 0 ) 
4 124 153 (-1136 413 0 ) (-1136 388 0 ) (-1264 388 0 ) (-1264 413 0 ) 
4 124 130 (-1488 388 0 ) (-1136 388 0 ) (-1136 388 63 ) (-1488 388 63 ) 
3 125 128 (-1080 132 96 ) (-1084 132 96 ) (-1084 136 96 ) 
4 125 126 (-1084 136 96 ) (-1084 132 96 ) (-1084 132 184 ) (-1084 136 184 ) 
4 125 127 (-1084 132 96 ) (-1080 132 96 ) (-1080 132 184 ) (-1084 132 184 ) 
4 126 130 (-1540 388 96 ) (-1084 388 96 ) (-1084 132 96 ) (-1540 132 96 ) 
4 126 127 (-1540 132 184 ) (-1540 132 96 ) (-1084 132 96 ) (-1084 132 184 ) 
4 127 412 (-1024 0 96 ) (-1024 0 184 ) (-1540 0 184 ) (-1540 0 96 ) 
4 127 131 (-1084 0 96 ) (-1540 0 96 ) (-1540 68 96 ) (-1084 68 96 ) 
4 127 130 (-1540 68 96 ) (-1540 132 96 ) (-1084 132 96 ) (-1084 68 96 ) 
4 127 129 (-1024 132 96 ) (-1024 0 96 ) (-1084 0 96 ) (-1084 132 96 ) 
3 128 149 (-1084 132 0 ) (-1084 136 0 ) (-1080 132 0 ) 
4 128 130 (-1084 132 96 ) (-1084 136 96 ) (-1084 136 0 ) (-1084 132 0 ) 
4 128 129 (-1084 132 96 ) (-1084 132 0 ) (-1080 132 0 ) (-1080 132 96 ) 
4 129 413 (-1024 0 0 ) (-1024 0 96 ) (-1084 0 96 ) (-1084 0 0 ) 
4 129 149 (-1084 128 0 ) (-1084 132 0 ) (-1075.998535 132 0 ) (-1071.998047 128 0 ) 
4 129 150 (-1056 0 0 ) (-1084 0 0 ) (-1084 128 0 ) (-1056 128 0 ) 
4 129 148 (-1024 0 0 ) (-1056 0 0 ) (-1056 128 0 ) (-1024 128 0 ) 
4 129 131 (-1084 0 96 ) (-1084 68 96 ) (-1084 68 0 ) (-1084 0 0 ) 
4 129 130 (-1084 68 96 ) (-1084 132 96 ) (-1084 132 0 ) (-1084 68 0 ) 
4 130 157 (-1488 384 0 ) (-1488 68 0 ) (-1536 68 0 ) (-1536 384 0 ) 
4 130 156 (-1488 388 0 ) (-1360 388 0 ) (-1360 68 0 ) (-1488 68 0 ) 
4 130 154 (-1360 388 0 ) (-1264 388 0 ) (-1264 68 0 ) (-1360 68 0 ) 
4 130 153 (-1264 388 0 ) (-1136 388 0 ) (-1136 68 0 ) (-1264 68 0 ) 
4 130 151 (-1088 384 0 ) (-1088 68 0 ) (-1136 68 0 ) (-1136 384 0 ) 
4 130 149 (-1084 140 0 ) (-1084 128 0 ) (-1088 128 0 ) (-1088 144 0 ) 
4 130 150 (-1084 128 0 ) (-1084 68 0 ) (-1088 68 0 ) (-1088 128 0 ) 
4 130 131 (-1084 68 0 ) (-1084 68 96 ) (-1540 68 96 ) (-1540 68 0 ) 
4 131 413 (-1084 0 96 ) (-1540 0 96 ) (-1540 0 0 ) (-1084 0 0 ) 
4 131 158 (-1488 0 0 ) (-1540 0 0 ) (-1540 64 0 ) (-1488 64 0 ) 
4 131 157 (-1536 68 0 ) (-1488 68 0 ) (-1488 64 0 ) (-1536 64 0 ) 
4 131 156 (-1360 0 0 ) (-1488 0 0 ) (-1488 68 0 ) (-1360 68 0 ) 
4 131 154 (-1264 0 0 ) (-1360 0 0 ) (-1360 68 0 ) (-1264 68 0 ) 
4 131 153 (-1136 0 0 ) (-1264 0 0 ) (-1264 68 0 ) (-1136 68 0 ) 
4 131 151 (-1088 0 0 ) (-1136 0 0 ) (-1136 68 0 ) (-1088 68 0 ) 
4 131 150 (-1084 0 0 ) (-1088 0 0 ) (-1088 68 0 ) (-1084 68 0 ) 
4 132 137 (-1760 596 192 ) (-1824 596 192 ) (-1824 628 192 ) (-1760 628 192 ) 
4 133 137 (-1888 596 192 ) (-1952 596 192 ) (-1952 628 192 ) (-1888 628 192 ) 
4 134 137 (-1760 372 192 ) (-1824 372 192 ) (-1824 404 192 ) (-1760 404 192 ) 
4 135 137 (-1888 372 192 ) (-1952 372 192 ) (-1952 404 192 ) (-1888 404 192 ) 
4 136 160 (-1984 1024 0 ) (-1792 1024 0 ) (-1792 896 0 ) (-1984 896 0 ) 
4 136 143 (-1984 1024 0 ) (-1984 896 0 ) (-1984 896 64 ) (-1984 1024 64 ) 
4 136 138 (-1984 896 64 ) (-1984 896 96 ) (-1984 1024 96 ) (-1984 1024 64 ) 
4 137 139 (-1984 352 192 ) (-1984 660 192 ) (-1984 660 64 ) (-1984 352 64 ) 
4 138 175 (-2048 1024 96 ) (-2048 1024 64 ) (-2048 896 64 ) (-2048 896 96 ) 
4 138 143 (-1984 1024 64 ) (-1984 896 64 ) (-2048 896 64 ) (-2048 1024 64 ) 
4 139 144 (-1998 288 192 ) (-2000 288 192 ) (-2000 288 64 ) (-1998 288 64 ) 
4 139 145 (-2000 288 192 ) (-2028 288 192 ) (-2028 288 64 ) (-2000 288 64 ) 
4 139 142 (-2028 704 64 ) (-2028 288 64 ) (-2028 288 176 ) (-2028 704 176 ) 
4 139 140 (-2028 288 176 ) (-2028 288 192 ) (-2028 704 192 ) (-2028 704 176 ) 
4 140 191 (-2048 288 192 ) (-2048 320 192 ) (-2048 320 176 ) (-2048 288 176 ) 
4 140 182 (-2048 320 192 ) (-2048 672 192 ) (-2048 672 176 ) (-2048 320 176 ) 
4 140 177 (-2048 672 192 ) (-2048 704 192 ) (-2048 704 176 ) (-2048 672 176 ) 
4 140 145 (-2028 288 192 ) (-2048 288 192 ) (-2048 288 176 ) (-2028 288 176 ) 
4 140 142 (-2028 704 176 ) (-2028 288 176 ) (-2048 288 176 ) (-2048 704 176 ) 
4 141 176 (-2048 712 176 ) (-2048 712 64 ) (-2048 704 64 ) (-2048 704 176 ) 
4 141 142 (-2048 704 64 ) (-2028 704 64 ) (-2028 704 176 ) (-2048 704 176 ) 
4 142 194 (-2048 320 64 ) (-2048 288 64 ) (-2048 288 96 ) (-2048 320 96 ) 
4 142 191 (-2048 288 96 ) (-2048 288 176 ) (-2048 320 176 ) (-2048 320 96 ) 
4 142 182 (-2048 672 64 ) (-2048 320 64 ) (-2048 320 176 ) (-2048 672 176 ) 
4 142 177 (-2048 704 64 ) (-2048 672 64 ) (-2048 672 176 ) (-2048 704 176 ) 
4 142 145 (-2048 288 176 ) (-2048 288 64 ) (-2028 288 64 ) (-2028 288 176 ) 
4 143 178 (-2048 1024 64 ) (-2048 1024 0 ) (-2048 896 0 ) (-2048 896 64 ) 
4 143 166 (-2048 896 0 ) (-2048 1024 0 ) (-1984 1024 0 ) (-1984 896 0 ) 
4 144 145 (-2000 288 192 ) (-2000 288 64 ) (-2000 286 64 ) (-2000 286 192 ) 
4 145 195 (-2048 288 96 ) (-2048 288 64 ) (-2048 272 64 ) (-2048 272 96 ) 
4 145 191 (-2048 272 192 ) (-2048 288 192 ) (-2048 288 96 ) (-2048 272 96 ) 
4 146 147 (-1992 68 32 ) (-1992 68 80 ) (-2040 68 80 ) (-2040 68 32 ) 
4 147 414 (-2048 0 96 ) (-2048 0 0 ) (-1728 0 0 ) (-1728 0 96 ) 
4 147 197 (-2048 0 0 ) (-2048 0 96 ) (-2048 68 96 ) (-2048 68 0 ) 
4 147 172 (-1728 0 0 ) (-2048 0 0 ) (-2048 64 0 ) (-1728 64 0 ) 
4 148 419 (-1024 0 -128 ) (-1024 0 0 ) (-1056 0 0 ) (-1056 0 -128 ) 
4 148 150 (-1056 128 -128 ) (-1056 0 -128 ) (-1056 0 0 ) (-1056 128 0 ) 
4 149 151 (-1088 144 -128 ) (-1088 128 -128 ) (-1088 128 0 ) (-1088 144 0 ) 
4 149 150 (-1088 128 0 ) (-1088 128 -128 ) (-1071.998047 128 -128 ) (-1071.998047 128 0 ) 
4 150 419 (-1056 0 0 ) (-1088 0 0 ) (-1088 0 -128 ) (-1056 0 -128 ) 
4 150 151 (-1088 128 -128 ) (-1088 0 -128 ) (-1088 0 0 ) (-1088 128 0 ) 
4 151 419 (-1088 0 0 ) (-1136 0 0 ) (-1136 0 -128 ) (-1088 0 -128 ) 
4 151 153 (-1136 384 -128 ) (-1136 0 -128 ) (-1136 0 0 ) (-1136 384 0 ) 
4 152 153 (-1264 424 0 ) (-1264 424 -128 ) (-1136 424 -128 ) (-1136 424 0 ) 
4 153 419 (-1136 0 0 ) (-1264 0 0 ) (-1264 0 -128 ) (-1136 0 -128 ) 
4 153 154 (-1264 424 -128 ) (-1264 0 -128 ) (-1264 0 0 ) (-1264 424 0 ) 
4 154 419 (-1264 0 0 ) (-1360 0 0 ) (-1360 0 -128 ) (-1264 0 -128 ) 
4 154 156 (-1360 424 -128 ) (-1360 0 -128 ) (-1360 0 0 ) (-1360 424 0 ) 
4 155 156 (-1488 428 0 ) (-1488 428 -128 ) (-1360 428 -128 ) (-1360 428 0 ) 
4 156 419 (-1360 0 0 ) (-1488 0 0 ) (-1488 0 -128 ) (-1360 0 -128 ) 
4 156 158 (-1488 64 -128 ) (-1488 0 -128 ) (-1488 0 0 ) (-1488 64 0 ) 
4 156 157 (-1488 384 -128 ) (-1488 64 -128 ) (-1488 64 0 ) (-1488 384 0 ) 
4 157 158 (-1536 64 -128 ) (-1488 64 -128 ) (-1488 64 0 ) (-1536 64 0 ) 
4 158 419 (-1488 0 0 ) (-1540 0 0 ) (-1540 0 -128 ) (-1488 0 -128 ) 
4 158 159 (-1540 64 0 ) (-1540 64 -128 ) (-1540 0 -128 ) (-1540 0 0 ) 
4 159 420 (-1540 0 0 ) (-1616 0 0 ) (-1616 0 -128 ) (-1540 0 -128 ) 
4 159 170 (-1616 64 -128 ) (-1616 0 -128 ) (-1616 0 0 ) (-1616 64 0 ) 
4 160 166 (-1984 1024 -128 ) (-1984 896 -128 ) (-1984 896 0 ) (-1984 1024 0 ) 
4 160 162 (-1984 896 0 ) (-1984 896 -128 ) (-1968 896 -128 ) (-1968 896 0 ) 
4 161 167 (-1984 634.001953 -128 ) (-1984 632 -128 ) (-1984 632 0 ) (-1984 634.002014 0 ) 
4 161 163 (-1984 632 0 ) (-1984 632 -128 ) (-1982 632 -128 ) (-1982 632 0 ) 
4 162 166 (-1984 896 -128 ) (-1984 880 -128 ) (-1984 880 0 ) (-1984 896 0 ) 
4 163 167 (-1984 632 -128 ) (-1984 336 -128 ) (-1984 336 0 ) (-1984 632 0 ) 
4 163 164 (-1984 336 0 ) (-1984 336 -128 ) (-1982 336 -128 ) (-1982 336 0 ) 
4 164 167 (-1984 336 -128 ) (-1984 334 -128 ) (-1984 334 0 ) (-1984 336 0 ) 
4 165 168 (-1984 288 -128 ) (-1984 96 -128 ) (-1984 96 0 ) (-1984 288 0 ) 
4 166 179 (-2048 672 0 ) (-2048 1024 0 ) (-2048 1024 -128 ) (-2048 672 -128 ) 
4 166 167 (-2048 672 -128 ) (-1984 672 -128 ) (-1984 672 0 ) (-2048 672 0 ) 
4 167 199 (-2048 288 0 ) (-2048 320 0 ) (-2048 320 -128 ) (-2048 288 -128 ) 
4 167 183 (-2048 320 0 ) (-2048 672 0 ) (-2048 672 -128 ) (-2048 320 -128 ) 
4 167 168 (-2048 288 -128 ) (-1984 288 -128 ) (-1984 288 0 ) (-2048 288 0 ) 
4 168 200 (-2048 96 0 ) (-2048 288 0 ) (-2048 288 -128 ) (-2048 96 -128 ) 
4 169 170 (-1616 64 -96 ) (-1616 64 -48 ) (-1664 64 -48 ) (-1664 64 -96 ) 
4 170 420 (-1616 0 0 ) (-1710 0 0 ) (-1710 0 -128 ) (-1616 0 -128 ) 
4 170 171 (-1710 64 0 ) (-1710 64 -128 ) (-1710 0 -128 ) (-1710 0 0 ) 
4 171 421 (-1710 0 0 ) (-1714 0 0 ) (-1714 0 -128 ) (-1710 0 -128 ) 
4 171 172 (-1714 64 0 ) (-1714 64 -128 ) (-1714 0 -128 ) (-1714 0 0 ) 
4 172 434 (-1920 0 0 ) (-2048 0 0 ) (-2048 0 -128 ) (-1920 0 -128 ) 
4 172 430 (-1904 0 0 ) (-1920 0 0 ) (-1920 0 -128 ) (-1904 0 -128 ) 
4 172 422 (-1714 0 0 ) (-1904 0 0 ) (-1904 0 -128 ) (-1714 0 -128 ) 
4 172 201 (-2048 0 -128 ) (-2048 0 0 ) (-2048 64 0 ) (-2048 64 -128 ) 
4 173 178 (-2048 1024 0 ) (-2048 1024 64 ) (-2368 1024 64 ) (-2368 1024 0 ) 
4 173 175 (-2048 1024 64 ) (-2048 1024 96 ) (-2368 1024 96 ) (-2368 1024 64 ) 
4 173 174 (-2368 1024 0 ) (-2368 1088 0 ) (-2048 1088 0 ) (-2048 1024 0 ) 
4 174 180 (-2176 1024 0 ) (-2368 1024 0 ) (-2368 1024 -128 ) (-2176 1024 -128 ) 
4 174 179 (-2048 1024 -128 ) (-2048 1024 0 ) (-2176 1024 0 ) (-2176 1024 -128 ) 
4 175 178 (-2368 896 64 ) (-2368 1024 64 ) (-2048 1024 64 ) (-2048 896 64 ) 
4 176 177 (-2132 704 64 ) (-2048 704 64 ) (-2048 704 176 ) (-2132 704 176 ) 
4 177 182 (-2048 672 64 ) (-2048 672 192 ) (-2176 672 192 ) (-2176 672 64 ) 
4 178 180 (-2368 896 0 ) (-2368 1024 0 ) (-2176 1024 0 ) (-2176 896 0 ) 
4 178 179 (-2176 1024 0 ) (-2048 1024 0 ) (-2048 896 0 ) (-2176 896 0 ) 
4 179 183 (-2176 672 -128 ) (-2048 672 -128 ) (-2048 672 0 ) (-2176 672 0 ) 
4 179 181 (-2176 896 -128 ) (-2176 880 -128 ) (-2176 880 0 ) (-2176 896 0 ) 
4 179 180 (-2176 1024 -128 ) (-2176 896 -128 ) (-2176 896 0 ) (-2176 1024 0 ) 
4 180 181 (-2176 896 -128 ) (-2176 896 0 ) (-2192 896 0 ) (-2192 896 -128 ) 
4 182 194 (-2048 320 64 ) (-2048 320 96 ) (-2176 320 96 ) (-2176 320 64 ) 
4 182 192 (-2160 320 192 ) (-2176 320 192 ) (-2176 320 96 ) (-2160 320 96 ) 
4 182 191 (-2048 320 96 ) (-2048 320 192 ) (-2160 320 192 ) (-2160 320 96 ) 
4 182 185 (-2176 512 64 ) (-2176 320 64 ) (-2176 320 192 ) (-2176 512 192 ) 
4 183 199 (-2176 320 -128 ) (-2048 320 -128 ) (-2048 320 0 ) (-2176 320 0 ) 
4 183 186 (-2176 512 -128 ) (-2176 480 -128 ) (-2176 480 0 ) (-2176 512 0 ) 
4 183 184 (-2176 672 0 ) (-2176 672 -128 ) (-2176 512 -128 ) (-2176 512 0 ) 
4 184 187 (-2196 640 -128 ) (-2196 512 -128 ) (-2196 512 0 ) (-2196 640 0 ) 
4 184 186 (-2196 512 0 ) (-2196 512 -128 ) (-2176 512 -128 ) (-2176 512 0 ) 
4 185 188 (-2196 352 192 ) (-2196 480 192 ) (-2196 480 64 ) (-2196 352 64 ) 
4 187 190 (-2372 512 -32 ) (-2372 512 192 ) (-2372 640 192 ) (-2372 640 -32 ) 
4 188 189 (-2240 480 192 ) (-2240 480 64 ) (-2240 352 64 ) (-2240 352 192 ) 
4 189 190 (-2372 352 -31.998978 ) (-2372 352 192 ) (-2372 480 192 ) (-2372 480 -31.998962 ) 
4 191 195 (-2048 288 96 ) (-2048 272 96 ) (-2160 272 96 ) (-2160 288 96 ) 
4 191 194 (-2160 320 96 ) (-2048 320 96 ) (-2048 288 96 ) (-2160 288 96 ) 
4 191 193 (-2160 288 96 ) (-2160 286 96 ) (-2160 286 192 ) (-2160 288 192 ) 
4 191 192 (-2160 320 96 ) (-2160 288 96 ) (-2160 288 192 ) (-2160 320 192 ) 
4 192 194 (-2176 320 96 ) (-2160 320 96 ) (-2160 288 96 ) (-2176 288 96 ) 
4 192 193 (-2160 288 96 ) (-2160 288 192 ) (-2162 288 192 ) (-2162 288 96 ) 
3 193 196 (-2160 288 96 ) (-2160 286 96 ) (-2162 288 96 ) 
4 194 196 (-2160 288 96 ) (-2162 288 96 ) (-2162 288 64 ) (-2160 288 64 ) 
4 194 195 (-2048 288 64 ) (-2048 288 96 ) (-2160 288 96 ) (-2160 288 64 ) 
4 195 196 (-2160 288 96 ) (-2160 288 64 ) (-2160 286 64 ) (-2160 286 96 ) 
4 197 557 (-2048 0 0 ) (-2048 0 96 ) (-2116 0 96 ) (-2116 0 0 ) 
4 197 201 (-2048 0 0 ) (-2112 0 0 ) (-2112 64 0 ) (-2048 64 0 ) 
4 198 560 (-2336 0 96 ) (-2532 0 96 ) (-2532 0 0 ) (-2336 0 0 ) 
4 198 203 (-2336 0 0 ) (-2528 0 0 ) (-2528 288 0 ) (-2336 288 0 ) 
4 199 200 (-2176 288 -128 ) (-2048 288 -128 ) (-2048 288 0 ) (-2176 288 0 ) 
4 200 203 (-2336 288 0 ) (-2336 288 -128 ) (-2336 96 -128 ) (-2336 96 0 ) 
4 200 202 (-2336 96 0 ) (-2336 96 -128 ) (-2320 96 -128 ) (-2320 96 0 ) 
4 201 567 (-2048 0 -128 ) (-2048 0 0 ) (-2112 0 0 ) (-2112 0 -128 ) 
4 202 203 (-2336 96 -128 ) (-2336 80 -128 ) (-2336 80 0 ) (-2336 96 0 ) 
4 203 573 (-2336 0 0 ) (-2528 0 0 ) (-2528 0 -128 ) (-2336 0 -128 ) 
4 204 207 (1368 -160 -64 ) (1624 -160 -64 ) (1624 -160 64 ) (1368 -160 64 ) 
4 204 205 (1368 0 -64 ) (1368 -160 -64 ) (1368 -160 64 ) (1368 0 64 ) 
4 205 211 (1208 -160 -64 ) (1306 -160 -64 ) (1306 -160 -48 ) (1208 -160 -48 ) 
4 205 209 (1306 -160 -48 ) (1306 -160 64 ) (1208 -160 64 ) (1208 -160 -48 ) 
4 205 208 (1306 -160 -64 ) (1368 -160 -64 ) (1368 -160 64 ) (1306 -160 64 ) 
4 205 206 (1208 -32 -64 ) (1208 -160 -64 ) (1208 -160 48 ) (1208 -32 48 ) 
4 206 213 (1176 -32 -64 ) (1176 -160 -64 ) (1176 -160 -48 ) (1176 -32 -48 ) 
4 206 212 (1176 -160 -48 ) (1176 -160 48 ) (1176 -32 48 ) (1176 -32 -48 ) 
4 207 208 (1368 -160 64 ) (1368 -160 -64 ) (1368 -192 -64 ) (1368 -192 64 ) 
4 208 211 (1306 -160 -48 ) (1306 -160 -64 ) (1306 -192 -64 ) (1306 -192 -48 ) 
4 208 209 (1306 -160 64 ) (1306 -160 -48 ) (1306 -192 -48 ) (1306 -192 64 ) 
4 209 211 (1208 -160 -48 ) (1306 -160 -48 ) (1306 -192 -48 ) (1208 -192 -48 ) 
4 210 214 (1306 -832 -48 ) (1306 -832 64 ) (1202 -832 64 ) (1202 -832 -48 ) 
4 212 222 (1024 0 64 ) (1024 0 -48 ) (1024 -192 -48 ) (1024 -192 64 ) 
4 212 213 (1024 0 -48 ) (1176 0 -48 ) (1176 -192 -48 ) (1024 -192 -48 ) 
4 213 222 (1024 0 -48 ) (1024 0 -64 ) (1024 -192 -64 ) (1024 -192 -48 ) 
4 213 215 (1024 -192 -64 ) (1024 0 -64 ) (1048 0 -64 ) (1048 -192 -64 ) 
4 214 254 (1024 -1024 -56 ) (1024 -1024 -64 ) (1312 -1024 -64 ) (1312 -1024 -56 ) 
4 214 250 (1024 -1024 -48 ) (1024 -1024 -56 ) (1312 -1024 -56 ) (1312 -1024 -48 ) 
4 214 248 (1024 -1024 80 ) (1024 -1024 -48 ) (1190 -1024 -48 ) (1190 -1024 80 ) 
4 214 245 (1190 -1024 -48 ) (1312 -1024 -48 ) (1312 -1024 80 ) (1190 -1024 80 ) 
4 214 230 (1312 -1024 128 ) (1024 -1024 128 ) (1024 -1024 80 ) (1312 -1024 80 ) 
4 214 224 (1024 -832 -64 ) (1024 -1024 -64 ) (1024 -1024 128 ) (1024 -832 128 ) 
4 214 218 (1312 -1024 -64 ) (1024 -1024 -64 ) (1024 -960 -64 ) (1312 -960 -64 ) 
4 214 216 (1024 -960 -64 ) (1024 -832 -64 ) (1312 -832 -64 ) (1312 -960 -64 ) 
4 215 223 (1024 0 -64 ) (1024 0 -128 ) (1024 -192 -128 ) (1024 -192 -64 ) 
4 216 224 (1024 -960 -184 ) (1024 -960 -64 ) (1024 -832 -64 ) (1024 -832 -184 ) 
4 216 218 (1312 -960 -64 ) (1024 -960 -64 ) (1024 -960 -184 ) (1312 -960 -184 ) 
4 217 260 (1536 -1024 -184 ) (1536 -1024 -192 ) (1546 -1024 -192 ) (1546 -1024 -184 ) 
4 217 259 (1546 -1024 -192 ) (1706 -1024 -192 ) (1706 -1024 -184 ) (1546 -1024 -184 ) 
4 217 258 (1706 -1024 -192 ) (1732 -1024 -192 ) (1732 -1024 -184 ) (1706 -1024 -184 ) 
4 217 255 (1732 -1024 -96 ) (1536 -1024 -96 ) (1536 -1024 -184 ) (1732 -1024 -184 ) 
4 217 220 (1728 -1024 -192 ) (1536 -1024 -192 ) (1536 -960 -192 ) (1728 -960 -192 ) 
4 218 256 (1024 -1024 -96 ) (1024 -1024 -184 ) (1312 -1024 -184 ) (1312 -1024 -96 ) 
4 218 254 (1312 -1024 -64 ) (1024 -1024 -64 ) (1024 -1024 -96 ) (1312 -1024 -96 ) 
4 218 224 (1024 -1024 -184 ) (1024 -1024 -64 ) (1024 -960 -64 ) (1024 -960 -184 ) 
4 218 219 (1024 -960 -184 ) (1312 -960 -184 ) (1312 -1024 -184 ) (1024 -1024 -184 ) 
4 219 262 (1024 -1024 -184 ) (1024 -1024 -192 ) (1312 -1024 -192 ) (1312 -1024 -184 ) 
4 219 225 (1024 -1024 -192 ) (1024 -1024 -184 ) (1024 -960 -184 ) (1024 -960 -192 ) 
4 219 221 (1312 -1024 -192 ) (1024 -1024 -192 ) (1024 -960 -192 ) (1312 -960 -192 ) 
4 220 270 (1546 -1024 -192 ) (1536 -1024 -192 ) (1536 -1024 -320 ) (1546 -1024 -320 ) 
4 220 269 (1706 -1024 -192 ) (1546 -1024 -192 ) (1546 -1024 -320 ) (1706 -1024 -320 ) 
4 220 268 (1728 -1024 -192 ) (1706 -1024 -192 ) (1706 -1024 -320 ) (1728 -1024 -320 ) 
4 221 272 (1312 -1024 -192 ) (1024 -1024 -192 ) (1024 -1024 -320 ) (1312 -1024 -320 ) 
4 221 225 (1024 -1024 -320 ) (1024 -1024 -192 ) (1024 -960 -192 ) (1024 -960 -320 ) 
4 222 223 (1024 -192 -64 ) (792 -192 -64 ) (792 0 -64 ) (1024 0 -64 ) 
4 224 310 (636 -1024 -56 ) (288 -1024 -56 ) (288 -1024 -184 ) (636 -1024 -184 ) 
4 224 308 (964 -1024 -56 ) (636 -1024 -56 ) (636 -1024 -184 ) (964 -1024 -184 ) 
4 224 306 (1024 -1024 -184 ) (1024 -1024 -56 ) (964 -1024 -56 ) (964 -1024 -184 ) 
4 224 299 (636 -1024 -48 ) (288 -1024 -48 ) (288 -1024 -56 ) (636 -1024 -56 ) 
4 224 298 (964 -1024 -48 ) (636 -1024 -48 ) (636 -1024 -56 ) (964 -1024 -56 ) 
4 224 296 (1024 -1024 -56 ) (1024 -1024 -48 ) (964 -1024 -48 ) (964 -1024 -56 ) 
4 224 293 (636 -1024 80 ) (288 -1024 80 ) (288 -1024 -48 ) (636 -1024 -48 ) 
4 224 292 (964 -1024 80 ) (636 -1024 80 ) (636 -1024 -48 ) (964 -1024 -48 ) 
4 224 286 (1024 -1024 -48 ) (1024 -1024 80 ) (964 -1024 80 ) (964 -1024 -48 ) 
4 224 284 (636 -1024 128 ) (288 -1024 128 ) (288 -1024 80 ) (636 -1024 80 ) 
4 224 283 (964 -1024 128 ) (636 -1024 128 ) (636 -1024 80 ) (964 -1024 80 ) 
4 224 281 (1024 -1024 80 ) (1024 -1024 128 ) (964 -1024 128 ) (964 -1024 80 ) 
4 224 225 (288 -1024 -184 ) (288 -960 -184 ) (1024 -960 -184 ) (1024 -1024 -184 ) 
4 225 314 (1024 -1024 -320 ) (1024 -1024 -192 ) (288 -1024 -192 ) (288 -1024 -320 ) 
4 225 310 (636 -1024 -184 ) (288 -1024 -184 ) (288 -1024 -192 ) (636 -1024 -192 ) 
4 225 308 (964 -1024 -184 ) (636 -1024 -184 ) (636 -1024 -192 ) (964 -1024 -192 ) 
4 225 306 (1024 -1024 -192 ) (1024 -1024 -184 ) (964 -1024 -184 ) (964 -1024 -192 ) 
4 226 234 (1750 -1780 80 ) (1750 -1812 80 ) (1686 -1812 80 ) (1686 -1780 80 ) 
4 227 234 (1750 -1940 80 ) (1750 -1972 80 ) (1686 -1972 80 ) (1686 -1940 80 ) 
4 228 234 (1626 -1780 80 ) (1626 -1812 80 ) (1562 -1812 80 ) (1562 -1780 80 ) 
4 229 234 (1626 -1940 80 ) (1626 -1972 80 ) (1562 -1972 80 ) (1562 -1940 80 ) 
4 230 281 (1024 -1024 128 ) (1024 -1024 80 ) (1024 -1476 80 ) (1024 -1476 128 ) 
4 230 248 (1024 -1476 80 ) (1024 -1024 80 ) (1190 -1024 80 ) (1190 -1476 80 ) 
4 230 245 (1190 -1024 80 ) (1312 -1024 80 ) (1312 -1476 80 ) (1190 -1476 80 ) 
4 231 329 (1284 -2048 128 ) (1040 -2048 128 ) (1040 -2048 80 ) (1284 -2048 80 ) 
4 231 249 (1040 -1564 80 ) (1190 -1564 80 ) (1190 -2048 80 ) (1040 -2048 80 ) 
4 231 247 (1190 -1564 80 ) (1284 -1564 80 ) (1284 -2048 80 ) (1190 -2048 80 ) 
4 232 238 (1530 -1480 -48 ) (1530 -1728 -48 ) (1530 -1728 80 ) (1530 -1480 80 ) 
4 232 233 (1564 -1728 -48 ) (1668 -1728 -48 ) (1668 -1728 64 ) (1564 -1728 64 ) 
4 233 234 (1564 -1740 -48 ) (1668 -1740 -48 ) (1668 -1740 64 ) (1564 -1740 64 ) 
4 234 239 (1530 -1952 -16 ) (1530 -1952 48 ) (1530 -1792 48 ) (1530 -1792 -16 ) 
4 234 236 (1564 -2004 -48 ) (1668 -2004 -48 ) (1668 -2004 64 ) (1564 -2004 64 ) 
4 235 330 (1706 -2048 80 ) (1530 -2048 80 ) (1530 -2048 64 ) (1706 -2048 64 ) 
4 235 240 (1530 -2048 64 ) (1530 -2048 80 ) (1530 -2016 80 ) (1530 -2016 64 ) 
4 235 237 (1530 -2048 64 ) (1530 -2016 64 ) (1706 -2016 64 ) (1706 -2048 64 ) 
4 236 237 (1668 -2016 64 ) (1564 -2016 64 ) (1564 -2016 -48 ) (1668 -2016 -48 ) 
4 237 330 (1530 -2048 64 ) (1530 -2048 -48 ) (1706 -2048 -48 ) (1706 -2048 64 ) 
4 237 240 (1530 -2016 -48 ) (1530 -2048 -48 ) (1530 -2048 64 ) (1530 -2016 64 ) 
4 238 242 (1514 -1649 -48 ) (1514 -1744 -48 ) (1514 -1744 80 ) (1514 -1649 80 ) 
4 238 241 (1514 -1480 -48 ) (1514 -1649 -48 ) (1514 -1649 80 ) (1514 -1480 80 ) 
4 239 242 (1514 -1952 -16 ) (1514 -1952 48 ) (1514 -1792 48 ) (1514 -1792 -16 ) 
4 240 330 (1530 -2048 80 ) (1514 -2048 80 ) (1514 -2048 -48 ) (1530 -2048 -48 ) 
4 240 242 (1514 -2000 -48 ) (1514 -2048 -48 ) (1514 -2048 80 ) (1514 -2000 80 ) 
4 241 251 (1312 -1649 -48 ) (1312 -1568 -48 ) (1382 -1568 -48 ) (1382 -1649 -48 ) 
4 241 247 (1312 -1480 -48 ) (1312 -1649 -48 ) (1312 -1649 80 ) (1312 -1480 80 ) 
4 241 242 (1406 -1649 -48 ) (1514 -1649 -48 ) (1514 -1649 80 ) (1406 -1649 80 ) 
4 241 244 (1312 -1649 80 ) (1312 -1649 -48 ) (1386 -1649 -48 ) (1386 -1649 80 ) 
4 242 330 (1514 -2048 80 ) (1406 -2048 80 ) (1406 -2048 -48 ) (1514 -2048 -48 ) 
4 242 243 (1406 -1669 -48 ) (1406 -2048 -48 ) (1406 -2048 80 ) (1406 -1669 80 ) 
4 243 330 (1406 -2048 80 ) (1386 -2048 80 ) (1386 -2048 -48 ) (1406 -2048 -48 ) 
4 243 244 (1386 -1669 -48 ) (1386 -2048 -48 ) (1386 -2048 80 ) (1386 -1669 80 ) 
4 244 331 (1386 -2048 80 ) (1312 -2048 80 ) (1312 -2048 -48 ) (1386 -2048 -48 ) 
4 244 253 (1386 -2048 -48 ) (1312 -2048 -48 ) (1312 -1663 -48 ) (1386 -1663 -48 ) 
4 244 251 (1312 -1656 -48 ) (1312 -1649 -48 ) (1382 -1649 -48 ) (1382 -1656 -48 ) 
4 244 247 (1312 -1649 -48 ) (1312 -2048 -48 ) (1312 -2048 80 ) (1312 -1649 80 ) 
4 245 250 (1190 -1476 -48 ) (1190 -1024 -48 ) (1312 -1024 -48 ) (1312 -1476 -48 ) 
4 245 248 (1190 -1024 -48 ) (1190 -1476 -48 ) (1190 -1476 80 ) (1190 -1024 80 ) 
4 245 246 (1190 -1476 80 ) (1190 -1476 -48 ) (1312 -1476 -48 ) (1312 -1476 80 ) 
4 246 247 (1190 -1480 80 ) (1190 -1480 -48 ) (1312 -1480 -48 ) (1312 -1480 80 ) 
4 247 331 (1312 -2048 80 ) (1190 -2048 80 ) (1190 -2048 -48 ) (1312 -2048 -48 ) 
4 247 253 (1312 -2048 -48 ) (1190 -2048 -48 ) (1190 -1663 -48 ) (1312 -1663 -48 ) 
4 247 251 (1190 -1656 -48 ) (1190 -1568 -48 ) (1312 -1568 -48 ) (1312 -1656 -48 ) 
4 247 249 (1190 -1564 -48 ) (1190 -2048 -48 ) (1190 -2048 80 ) (1190 -1564 80 ) 
4 248 286 (1024 -1024 80 ) (1024 -1024 -48 ) (1024 -1476 -48 ) (1024 -1476 80 ) 
4 248 250 (1024 -1476 -48 ) (1024 -1024 -48 ) (1190 -1024 -48 ) (1190 -1476 -48 ) 
4 249 331 (1190 -2048 80 ) (1024 -2048 80 ) (1024 -2048 -48 ) (1190 -2048 -48 ) 
4 249 291 (1024 -1633 -48 ) (1024 -2048 -48 ) (1024 -2048 80 ) (1024 -1633 80 ) 
4 249 289 (1024 -1577 -48 ) (1024 -1633 -48 ) (1024 -1633 80 ) (1024 -1577 80 ) 
4 249 288 (1024 -1564 -48 ) (1024 -1577 -48 ) (1024 -1577 80 ) (1024 -1564 80 ) 
4 249 253 (1190 -2048 -48 ) (1024 -2048 -48 ) (1024 -1663 -48 ) (1190 -1663 -48 ) 
4 249 251 (1024 -1656 -48 ) (1024 -1568 -48 ) (1190 -1568 -48 ) (1190 -1656 -48 ) 
4 250 296 (1024 -1024 -48 ) (1024 -1024 -56 ) (1024 -1476 -56 ) (1024 -1476 -48 ) 
4 250 254 (1024 -1476 -56 ) (1024 -1024 -56 ) (1312 -1024 -56 ) (1312 -1476 -56 ) 
4 251 302 (1024 -1656 -50 ) (1024 -1656 -48 ) (1024 -1568 -48 ) (1024 -1568 -50 ) 
4 252 303 (1024 -1568 -56 ) (1024 -1656 -56 ) (1024 -1656 -54 ) (1024 -1568 -54 ) 
4 252 257 (1024 -1656 -56 ) (1024 -1568 -56 ) (1382 -1568 -56 ) (1382 -1656 -56 ) 
4 253 331 (1386 -2048 -48 ) (1024 -2048 -48 ) (1024 -2048 -56 ) (1386 -2048 -56 ) 
4 253 304 (1024 -1663 -56 ) (1024 -2048 -56 ) (1024 -2048 -48 ) (1024 -1663 -48 ) 
4 253 257 (1024 -2048 -56 ) (1024 -1663 -56 ) (1386 -1663 -56 ) (1386 -2048 -56 ) 
4 254 306 (1024 -1024 -56 ) (1024 -1024 -96 ) (1024 -1476 -96 ) (1024 -1476 -56 ) 
4 254 256 (1312 -1476 -96 ) (1024 -1476 -96 ) (1024 -1024 -96 ) (1312 -1024 -96 ) 
4 255 260 (1536 -1024 -184 ) (1546 -1024 -184 ) (1546 -1344 -184 ) (1536 -1344 -184 ) 
4 255 259 (1546 -1024 -184 ) (1706 -1024 -184 ) (1706 -1344 -184 ) (1546 -1344 -184 ) 
4 255 258 (1706 -1024 -184 ) (1732 -1024 -184 ) (1732 -1344 -184 ) (1706 -1344 -184 ) 
4 256 306 (1024 -1024 -96 ) (1024 -1024 -184 ) (1024 -1476 -184 ) (1024 -1476 -96 ) 
4 256 262 (1024 -1476 -184 ) (1024 -1024 -184 ) (1312 -1024 -184 ) (1312 -1476 -184 ) 
4 257 331 (1386 -2048 -56 ) (1024 -2048 -56 ) (1024 -2048 -184 ) (1386 -2048 -184 ) 
4 257 312 (1024 -1564 -184 ) (1024 -2048 -184 ) (1024 -2048 -56 ) (1024 -1564 -56 ) 
4 257 265 (1294 -1980.899902 -184 ) (1294 -1728 -184 ) (1382 -1728 -184 ) (1382 -1980.899902 -184 ) 
4 257 266 (1382 -2048 -184 ) (1294 -2048 -184 ) (1294 -1984 -184 ) (1382 -1984 -184 ) 
4 257 267 (1294 -2048 -184 ) (1024 -2048 -184 ) (1024 -1728 -184 ) (1294 -1728 -184 ) 
4 257 264 (1386 -2048 -184 ) (1382 -2048 -184 ) (1382 -1728 -184 ) (1386 -1728 -184 ) 
4 257 263 (1024 -1728 -184 ) (1024 -1564 -184 ) (1386 -1564 -184 ) (1386 -1728 -184 ) 
4 258 268 (1706 -1024 -192 ) (1728 -1024 -192 ) (1728 -1344 -192 ) (1706 -1344 -192 ) 
4 258 259 (1706 -1024 -192 ) (1706 -1344 -192 ) (1706 -1344 -184 ) (1706 -1024 -184 ) 
4 259 269 (1546 -1024 -192 ) (1706 -1024 -192 ) (1706 -1344 -192 ) (1546 -1344 -192 ) 
4 259 260 (1546 -1024 -192 ) (1546 -1344 -192 ) (1546 -1344 -184 ) (1546 -1024 -184 ) 
4 260 273 (1546 -1152 -192 ) (1546 -1344 -192 ) (1536 -1344 -192 ) (1536 -1152 -192 ) 
4 260 270 (1536 -1024 -192 ) (1546 -1024 -192 ) (1546 -1152 -192 ) (1536 -1152 -192 ) 
4 261 262 (1312 -1344 -192 ) (1312 -1360 -192 ) (1312 -1360 -184 ) (1312 -1344 -184 ) 
4 262 306 (1024 -1024 -184 ) (1024 -1024 -192 ) (1024 -1476 -192 ) (1024 -1476 -184 ) 
4 262 274 (1024 -1472 -192 ) (1024 -1152 -192 ) (1312 -1152 -192 ) (1312 -1472 -192 ) 
4 262 272 (1024 -1152 -192 ) (1024 -1024 -192 ) (1312 -1024 -192 ) (1312 -1152 -192 ) 
4 263 312 (1024 -1564 -192 ) (1024 -1728 -192 ) (1024 -1728 -184 ) (1024 -1564 -184 ) 
4 263 275 (1024 -1728 -192 ) (1024 -1568 -192 ) (1546 -1568 -192 ) (1546 -1728 -192 ) 
4 263 265 (1294 -1728 -192 ) (1382 -1728 -192 ) (1382 -1728 -184 ) (1294 -1728 -184 ) 
4 263 267 (1024 -1728 -192 ) (1294 -1728 -192 ) (1294 -1728 -184 ) (1024 -1728 -184 ) 
4 263 264 (1382 -1728 -192 ) (1386 -1728 -192 ) (1386 -1728 -184 ) (1382 -1728 -184 ) 
4 264 332 (1386 -2048 -184 ) (1382 -2048 -184 ) (1382 -2048 -192 ) (1386 -2048 -192 ) 
4 264 276 (1382 -1728 -192 ) (1386 -1728 -192 ) (1386 -2048 -192 ) (1382 -2048 -192 ) 
4 264 265 (1382 -1728 -184 ) (1382 -1728 -192 ) (1382 -1968.493896 -192 ) (1382 -1980.899902 -184 ) 
4 264 266 (1382 -1984 -192 ) (1382 -2048 -192 ) (1382 -2048 -184 ) (1382 -1984 -184 ) 
4 265 278 (1294 -1728 -192 ) (1382 -1728 -192 ) (1382 -1968.493896 -192 ) (1294 -1968.493896 -192 ) 
4 265 267 (1294 -1728 -184 ) (1294 -1728 -192 ) (1294 -1968.493896 -192 ) (1294 -1980.899902 -184 ) 
4 266 332 (1382 -2048 -184 ) (1294 -2048 -184 ) (1294 -2048 -192 ) (1382 -2048 -192 ) 
4 266 279 (1382 -1984 -192 ) (1382 -2048 -192 ) (1294 -2048 -192 ) (1294 -1984 -192 ) 
4 266 267 (1294 -1984 -192 ) (1294 -2048 -192 ) (1294 -2048 -184 ) (1294 -1984 -184 ) 
4 267 332 (1294 -2048 -184 ) (1024 -2048 -184 ) (1024 -2048 -192 ) (1294 -2048 -192 ) 
4 267 312 (1024 -1728 -192 ) (1024 -2048 -192 ) (1024 -2048 -184 ) (1024 -1728 -184 ) 
4 267 280 (1024 -2048 -192 ) (1024 -1728 -192 ) (1294 -1728 -192 ) (1294 -2048 -192 ) 
4 268 269 (1706 -1024 -320 ) (1706 -1344 -320 ) (1706 -1344 -192 ) (1706 -1024 -192 ) 
4 269 273 (1546 -1152 -320 ) (1546 -1344 -320 ) (1546 -1344 -192 ) (1546 -1152 -192 ) 
4 269 270 (1546 -1024 -320 ) (1546 -1152 -320 ) (1546 -1152 -192 ) (1546 -1024 -192 ) 
4 270 273 (1536 -1152 -320 ) (1546 -1152 -320 ) (1546 -1152 -192 ) (1536 -1152 -192 ) 
4 270 271 (1536 -1136 -320 ) (1536 -1152 -320 ) (1536 -1152 -192 ) (1536 -1136 -192 ) 
4 271 273 (1520 -1152 -320 ) (1536 -1152 -320 ) (1536 -1152 -192 ) (1520 -1152 -192 ) 
4 272 314 (1024 -1024 -192 ) (1024 -1024 -320 ) (1024 -1152 -320 ) (1024 -1152 -192 ) 
4 272 274 (1024 -1152 -320 ) (1312 -1152 -320 ) (1312 -1152 -192 ) (1024 -1152 -192 ) 
4 273 274 (1312 -1152 -192 ) (1312 -1152 -320 ) (1312 -1344 -320 ) (1312 -1344 -192 ) 
4 274 314 (1024 -1152 -320 ) (1024 -1472 -320 ) (1024 -1472 -192 ) (1024 -1152 -192 ) 
4 275 317 (1024 -1568 -320 ) (1024 -1728 -320 ) (1024 -1728 -192 ) (1024 -1568 -192 ) 
4 275 278 (1294 -1728 -320 ) (1382 -1728 -320 ) (1382 -1728 -192 ) (1294 -1728 -192 ) 
4 275 276 (1382 -1728 -320 ) (1386 -1728 -320 ) (1386 -1728 -192 ) (1382 -1728 -192 ) 
4 275 280 (1024 -1728 -320 ) (1294 -1728 -320 ) (1294 -1728 -192 ) (1024 -1728 -192 ) 
4 276 332 (1386 -2048 -192 ) (1382 -2048 -192 ) (1382 -2048 -320 ) (1386 -2048 -320 ) 
4 276 278 (1382 -1728 -192 ) (1382 -1728 -320 ) (1382 -1770 -320 ) (1382 -1968.493896 -192 ) 
3 276 277 (1382 -1798.003052 -320 ) (1382 -1984 -320 ) (1382 -1984 -196 ) 
4 276 279 (1382 -1984 -320 ) (1382 -2048 -320 ) (1382 -2048 -192 ) (1382 -1984 -192 ) 
4 277 279 (1294 -1984 -195.998016 ) (1294 -1984 -320 ) (1382 -1984 -320 ) (1382 -1984 -196 ) 
3 277 280 (1294 -1798 -320 ) (1294 -1984 -320 ) (1294 -1984 -195.998016 ) 
4 278 280 (1294 -1728 -192 ) (1294 -1728 -320 ) (1294 -1770 -320 ) (1294 -1968.493896 -192 ) 
4 279 332 (1382 -2048 -192 ) (1294 -2048 -192 ) (1294 -2048 -320 ) (1382 -2048 -320 ) 
4 279 280 (1294 -1984 -320 ) (1294 -2048 -320 ) (1294 -2048 -192 ) (1294 -1984 -192 ) 
4 280 332 (1294 -2048 -192 ) (1024 -2048 -192 ) (1024 -2048 -320 ) (1294 -2048 -320 ) 
4 280 319 (1024 -1953 -320 ) (1024 -2048 -320 ) (1024 -2048 -192 ) (1024 -1953 -192 ) 
4 280 317 (1024 -1728 -320 ) (1024 -1953 -320 ) (1024 -1953 -192 ) (1024 -1728 -192 ) 
4 281 286 (1024 -1024 80 ) (1024 -1476 80 ) (964 -1476 80 ) (964 -1024 80 ) 
4 281 283 (964 -1024 80 ) (964 -1476 80 ) (964 -1476 128 ) (964 -1024 128 ) 
4 281 282 (964 -1476 128 ) (964 -1476 80 ) (968 -1476 80 ) (968 -1476 128 ) 
3 282 287 (964 -1480 80 ) (964 -1476 80 ) (968 -1476 80 ) 
4 282 283 (964 -1476 80 ) (964 -1480 80 ) (964 -1480 128 ) (964 -1476 128 ) 
4 283 292 (636 -1024 80 ) (964 -1024 80 ) (964 -1508 80 ) (636 -1508 80 ) 
4 283 285 (636 -1476 80 ) (636 -1480 80 ) (636 -1480 128 ) (636 -1476 128 ) 
4 283 284 (636 -1024 80 ) (636 -1476 80 ) (636 -1476 128 ) (636 -1024 128 ) 
4 284 293 (288 -1476 80 ) (288 -1024 80 ) (636 -1024 80 ) (636 -1476 80 ) 
4 284 285 (631.976929 -1476 80 ) (636 -1476 80 ) (636 -1476 128 ) (631.976990 -1476 128 ) 
3 285 294 (631.976929 -1476 80 ) (636 -1476 80 ) (636 -1480 80 ) 
4 286 296 (964 -1476 -48 ) (964 -1024 -48 ) (1024 -1024 -48 ) (1024 -1476 -48 ) 
4 286 292 (964 -1024 -48 ) (964 -1476 -48 ) (964 -1476 80 ) (964 -1024 80 ) 
4 286 287 (964 -1476 80 ) (964 -1476 -48 ) (968 -1476 -48 ) (968 -1476 80 ) 
3 287 297 (964 -1480 -48 ) (964 -1476 -48 ) (968 -1476 -48 ) 
4 287 292 (964 -1476 -48 ) (964 -1480 -48 ) (964 -1480 80 ) (964 -1476 80 ) 
4 288 302 (1024 -1568 -48 ) (1024 -1577 -48 ) (974 -1577 -48 ) (974 -1568 -48 ) 
4 288 289 (970 -1577 -48 ) (1024 -1577 -48 ) (1024 -1577 80 ) (970 -1577 80 ) 
4 289 302 (974 -1577 -48 ) (1024 -1577 -48 ) (1024 -1633 -48 ) (974 -1633 -48 ) 
4 289 291 (970 -1633 -48 ) (1024 -1633 -48 ) (1024 -1633 80 ) (970 -1633 80 ) 
4 289 290 (970 -1577 64 ) (970 -1577 -48 ) (970 -1633 -48 ) (970 -1633 64 ) 
4 291 343 (1024 -2048 -48 ) (1024 -2048 80 ) (970 -2048 80 ) (970 -2048 -48 ) 
4 291 305 (974 -2048 -48 ) (970 -2048 -48 ) (970 -1663 -48 ) (974 -1663 -48 ) 
4 291 304 (1024 -2048 -48 ) (974 -2048 -48 ) (974 -1663 -48 ) (1024 -1663 -48 ) 
4 291 302 (974 -1656 -48 ) (974 -1633 -48 ) (1024 -1633 -48 ) (1024 -1656 -48 ) 
4 292 298 (636 -1024 -48 ) (964 -1024 -48 ) (964 -1508 -48 ) (636 -1508 -48 ) 
4 292 294 (636 -1476 -48 ) (636 -1480 -48 ) (636 -1480 80 ) (636 -1476 80 ) 
4 292 293 (636 -1024 -48 ) (636 -1476 -48 ) (636 -1476 80 ) (636 -1024 80 ) 
4 293 299 (288 -1476 -48 ) (288 -1024 -48 ) (636 -1024 -48 ) (636 -1476 -48 ) 
4 293 294 (631.975952 -1476 -48 ) (636 -1476 -48 ) (636 -1476 80 ) (631.975952 -1476 80 ) 
3 294 300 (631.975952 -1476 -48 ) (636 -1476 -48 ) (636 -1480 -48 ) 
4 295 468 (0 -1348 -16 ) (0 -1148 -16 ) (0 -1148 -48 ) (0 -1348 -48 ) 
4 295 301 (0 -1348 -48 ) (0 -1148 -48 ) (64 -1148 -48 ) (64 -1348 -48 ) 
4 296 306 (1024 -1024 -56 ) (1024 -1476 -56 ) (964 -1476 -56 ) (964 -1024 -56 ) 
4 296 298 (964 -1024 -56 ) (964 -1476 -56 ) (964 -1476 -48 ) (964 -1024 -48 ) 
4 296 297 (964 -1476 -48 ) (964 -1476 -56 ) (968 -1476 -56 ) (968 -1476 -48 ) 
3 297 307 (964 -1480 -56 ) (964 -1476 -56 ) (968 -1476 -56 ) 
4 297 298 (964 -1476 -56 ) (964 -1480 -56 ) (964 -1480 -48 ) (964 -1476 -48 ) 
4 298 308 (636 -1024 -56 ) (964 -1024 -56 ) (964 -1508 -56 ) (636 -1508 -56 ) 
4 298 300 (636 -1476 -56 ) (636 -1480 -56 ) (636 -1480 -48 ) (636 -1476 -48 ) 
4 298 299 (636 -1024 -56 ) (636 -1476 -56 ) (636 -1476 -48 ) (636 -1024 -48 ) 
4 299 310 (288 -1476 -56 ) (288 -1024 -56 ) (636 -1024 -56 ) (636 -1476 -56 ) 
4 299 300 (631.975952 -1476 -56 ) (636 -1476 -56 ) (636 -1476 -48 ) (631.975952 -1476 -48 ) 
3 300 311 (631.975952 -1476 -56 ) (636 -1476 -56 ) (636 -1480 -56 ) 
4 301 468 (0 -1348 -48 ) (0 -1148 -48 ) (0 -1148 -56 ) (0 -1348 -56 ) 
4 301 313 (0 -1348 -56 ) (0 -1148 -56 ) (64 -1148 -56 ) (64 -1348 -56 ) 
4 303 312 (1024 -1568 -56 ) (1024 -1656 -56 ) (974 -1656 -56 ) (974 -1568 -56 ) 
4 304 343 (1024 -2048 -56 ) (1024 -2048 -48 ) (974 -2048 -48 ) (974 -2048 -56 ) 
4 304 312 (1024 -1663 -56 ) (1024 -2048 -56 ) (974 -2048 -56 ) (974 -1663 -56 ) 
4 304 305 (974 -1663 -56 ) (974 -2048 -56 ) (974 -2048 -48 ) (974 -1663 -48 ) 
4 305 343 (974 -2048 -48 ) (970 -2048 -48 ) (970 -2048 -56 ) (974 -2048 -56 ) 
4 305 312 (974 -2048 -56 ) (970 -2048 -56 ) (970 -1663 -56 ) (974 -1663 -56 ) 
4 306 314 (964 -1024 -192 ) (1024 -1024 -192 ) (1024 -1472 -192 ) (964 -1472 -192 ) 
4 306 308 (964 -1024 -192 ) (964 -1476 -192 ) (964 -1476 -56 ) (964 -1024 -56 ) 
4 306 307 (964 -1476 -56 ) (964 -1476 -192 ) (968 -1476 -192 ) (968 -1476 -56 ) 
4 307 308 (964 -1476 -192 ) (964 -1480 -192 ) (964 -1480 -56 ) (964 -1476 -56 ) 
4 308 316 (916 -1508 -192 ) (684 -1508 -192 ) (684 -1504 -192 ) (916 -1504 -192 ) 
4 308 315 (640 -1504 -192 ) (640 -1472 -192 ) (960 -1472 -192 ) (960 -1504 -192 ) 
4 308 314 (636 -1024 -192 ) (964 -1024 -192 ) (964 -1472 -192 ) (636 -1472 -192 ) 
4 308 311 (636 -1476 -192 ) (636 -1480 -192 ) (636 -1480 -56 ) (636 -1476 -56 ) 
4 308 310 (636 -1024 -192 ) (636 -1476 -192 ) (636 -1476 -56 ) (636 -1024 -56 ) 
4 308 309 (684 -1508 -192 ) (916 -1508 -192 ) (916 -1508 -140 ) (684 -1508 -140 ) 
4 309 316 (916 -1532 -192 ) (684 -1532 -192 ) (684 -1508 -192 ) (916 -1508 -192 ) 
4 310 314 (288 -1472 -192 ) (288 -1024 -192 ) (636 -1024 -192 ) (636 -1472 -192 ) 
4 310 311 (632 -1476 -192 ) (636 -1476 -192 ) (636 -1476 -56 ) (632 -1476 -56 ) 
4 312 343 (1024 -2048 -192 ) (1024 -2048 -56 ) (970 -2048 -56 ) (970 -2048 -192 ) 
4 312 319 (1024 -2048 -192 ) (970 -2048 -192 ) (970 -1953 -192 ) (1024 -1953 -192 ) 
4 312 317 (970 -1953 -192 ) (970 -1568 -192 ) (1024 -1568 -192 ) (1024 -1953 -192 ) 
4 313 468 (0 -1348 -56 ) (0 -1148 -56 ) (0 -1148 -192 ) (0 -1348 -192 ) 
4 313 326 (0 -1344 -192 ) (0 -1152 -192 ) (64 -1152 -192 ) (64 -1344 -192 ) 
4 314 323 (288 -1152 -320 ) (288 -1344 -320 ) (288 -1344 -192 ) (288 -1152 -192 ) 
4 314 315 (640 -1472 -320 ) (960 -1472 -320 ) (960 -1472 -192 ) (640 -1472 -192 ) 
4 315 316 (684 -1504 -320 ) (916 -1504 -320 ) (916 -1504 -192 ) (684 -1504 -192 ) 
4 317 319 (970 -1953 -320 ) (1024 -1953 -320 ) (1024 -1953 -192 ) (970 -1953 -192 ) 
4 317 318 (970 -1693 -320 ) (970 -1953 -320 ) (970 -1953 -192 ) (970 -1693 -192 ) 
4 318 320 (842 -1953 -320 ) (970 -1953 -320 ) (970 -1953 -192 ) (842 -1953 -192 ) 
4 319 344 (1024 -2048 -320 ) (1024 -2048 -192 ) (970 -2048 -192 ) (970 -2048 -320 ) 
4 319 320 (970 -1953 -192 ) (970 -1953 -320 ) (970 -2048 -320 ) (970 -2048 -192 ) 
4 320 345 (970 -2048 -192 ) (842 -2048 -192 ) (842 -2048 -320 ) (970 -2048 -320 ) 
4 320 321 (842 -1953 -197 ) (842 -1953 -320 ) (842 -2048 -320 ) (842 -2048 -197 ) 
4 321 347 (836 -2048 -320 ) (842 -2048 -320 ) (842 -2048 -197 ) (836 -2048 -197 ) 
4 322 324 (176 -1152 -288 ) (176 -1152 -240 ) (128 -1152 -240 ) (128 -1152 -288 ) 
4 323 324 (286 -1152 -192 ) (286 -1152 -320 ) (286 -1344 -320 ) (286 -1344 -192 ) 
4 324 325 (82 -1152 -192 ) (82 -1152 -320 ) (82 -1344 -320 ) (82 -1344 -192 ) 
4 325 326 (78 -1152 -192 ) (78 -1152 -320 ) (78 -1344 -320 ) (78 -1344 -192 ) 
4 326 484 (0 -1344 -192 ) (0 -1152 -192 ) (0 -1152 -320 ) (0 -1344 -320 ) 
4 326 327 (32 -1344 -288 ) (32 -1344 -240 ) (0 -1344 -240 ) (0 -1344 -288 ) 
4 327 485 (0 -1344 -240 ) (0 -1344 -288 ) (0 -1360 -288 ) (0 -1360 -240 ) 
4 328 333 (1706 -2164 -320 ) (1706 -2220 -320 ) (1706 -2220 -208 ) (1706 -2164 -208 ) 
4 329 331 (1040 -2048 80 ) (1284 -2048 80 ) (1284 -2144 80 ) (1040 -2144 80 ) 
4 329 333 (1284 -2144 80 ) (1284 -2240 80 ) (1040 -2240 80 ) (1040 -2144 80 ) 
4 330 331 (1386 -2144 -48 ) (1386 -2144 80 ) (1386 -2048 80 ) (1386 -2048 -48 ) 
4 330 333 (1706 -2144 -48 ) (1706 -2144 80 ) (1386 -2144 80 ) (1386 -2144 -48 ) 
4 331 343 (1024 -2048 80 ) (1024 -2048 -184 ) (1024 -2144 -184 ) (1024 -2144 80 ) 
4 331 332 (1386 -2144 -184 ) (1024 -2144 -184 ) (1024 -2048 -184 ) (1386 -2048 -184 ) 
4 331 333 (1386 -2144 80 ) (1024 -2144 80 ) (1024 -2144 -184 ) (1386 -2144 -184 ) 
4 332 344 (1024 -2048 -192 ) (1024 -2048 -320 ) (1024 -2144 -320 ) (1024 -2144 -192 ) 
4 332 343 (1024 -2048 -184 ) (1024 -2048 -192 ) (1024 -2144 -192 ) (1024 -2144 -184 ) 
4 332 333 (1024 -2144 -320 ) (1386 -2144 -320 ) (1386 -2144 -184 ) (1024 -2144 -184 ) 
4 333 344 (1024 -2144 -320 ) (1024 -2240 -320 ) (1024 -2240 -192 ) (1024 -2144 -192 ) 
4 333 343 (1024 -2240 -192 ) (1024 -2240 80 ) (1024 -2144 80 ) (1024 -2144 -192 ) 
4 333 334 (1034 -2240 -320 ) (1226 -2240 -320 ) (1226 -2240 -160 ) (1034 -2240 -160 ) 
4 334 336 (1226 -2272 -320 ) (1226 -2272 -160 ) (1034 -2272 -160 ) (1034 -2272 -320 ) 
4 335 337 (1258 -2360 -432 ) (1258 -2440 -432 ) (1258 -2440 -320 ) (1258 -2360 -320 ) 
4 335 336 (1258 -2440 -320 ) (1258 -2440 832 ) (1258 -2360 832 ) (1258 -2360 -320 ) 
4 336 348 (1024 -2528 -320 ) (1024 -2528 832 ) (1024 -2272 832 ) (1024 -2272 -320 ) 
4 336 340 (1226 -2528 544 ) (1226 -2528 672 ) (1034 -2528 672 ) (1034 -2528 544 ) 
4 336 338 (1030 -2528 672 ) (1230 -2528 672 ) (1230 -2528 704 ) (1030 -2528 704 ) 
4 336 337 (1024 -2272 -320 ) (1258 -2272 -320 ) (1258 -2528 -320 ) (1024 -2528 -320 ) 
4 337 349 (1024 -2528 -432 ) (1024 -2528 -320 ) (1024 -2272 -320 ) (1024 -2272 -432 ) 
4 338 340 (1034 -2528 672 ) (1226 -2528 672 ) (1226 -2556 672 ) (1034 -2556 672 ) 
4 338 339 (1030 -2556 672 ) (1230 -2556 672 ) (1230 -2556 704 ) (1030 -2556 704 ) 
4 339 351 (1024 -2560 672 ) (1024 -2560 816 ) (1024 -2556 816 ) (1024 -2556 672 ) 
4 339 341 (1386 -2560 816 ) (1024 -2560 816 ) (1024 -2560 672 ) (1386 -2560 672 ) 
4 339 340 (1226 -2560 672 ) (1034 -2560 672 ) (1034 -2556 672 ) (1226 -2556 672 ) 
4 340 342 (1226 -2560 544 ) (1226 -2560 672 ) (1034 -2560 672 ) (1034 -2560 544 ) 
4 341 352 (1024 -2820 816 ) (1024 -2560 816 ) (1024 -2560 672 ) (1024 -2820 672 ) 
4 341 342 (1024 -2816 672 ) (1024 -2560 672 ) (1386 -2560 672 ) (1386 -2816 672 ) 
4 342 354 (1024 -2816 544 ) (1024 -2816 672 ) (1024 -2576 672 ) (1024 -2576 544 ) 
4 342 353 (1024 -2576 672 ) (1024 -2560 672 ) (1024 -2560 544 ) (1024 -2576 544 ) 
4 343 344 (1024 -2240 -192 ) (970 -2240 -192 ) (970 -2048 -192 ) (1024 -2048 -192 ) 
4 344 346 (970 -2176 -320 ) (970 -2192 -320 ) (970 -2192 -192 ) (970 -2176 -192 ) 
4 344 345 (970 -2048 -320 ) (970 -2176 -320 ) (970 -2176 -192 ) (970 -2048 -192 ) 
4 345 347 (842 -2048 -320 ) (842 -2075 -320 ) (842 -2075 -197 ) (842 -2048 -197 ) 
4 345 346 (954 -2176 -320 ) (970 -2176 -320 ) (970 -2176 -192 ) (954 -2176 -192 ) 
4 348 350 (1002 -2360 -320 ) (1002 -2440 -320 ) (1002 -2440 832 ) (1002 -2360 832 ) 
4 348 349 (1024 -2528 -320 ) (1002 -2528 -320 ) (1002 -2272 -320 ) (1024 -2272 -320 ) 
4 349 350 (1002 -2360 -432 ) (1002 -2440 -432 ) (1002 -2440 -320 ) (1002 -2360 -320 ) 
4 351 352 (1024 -2560 672 ) (1024 -2560 816 ) (906 -2560 816 ) (906 -2560 672 ) 
4 352 354 (1024 -2576 672 ) (1024 -2816 672 ) (906 -2816 672 ) (906 -2576 672 ) 
4 352 353 (954 -2560 672 ) (1024 -2560 672 ) (1024 -2576 672 ) (938 -2576 672 ) 
4 353 354 (1024 -2576 672 ) (938 -2576 672 ) (938 -2576 544 ) (1024 -2576 544 ) 
4 356 358 (-224 -912 288 ) (-224 -912 160 ) (-224 -1004 160 ) (-224 -1004 288 ) 
4 357 363 (-208 -912 96 ) (-208 -1004 96 ) (-224 -1004 96 ) (-224 -912 96 ) 
4 357 358 (-224 -912 128 ) (-224 -912 96 ) (-224 -1004 96 ) (-224 -1004 128 ) 
4 358 463 (-528 -1024 448 ) (-528 -1024 96 ) (-224 -1024 96 ) (-224 -1024 448 ) 
4 358 367 (-384 -1024 96 ) (-528 -1024 96 ) (-528 -912 96 ) (-384 -912 96 ) 
4 358 364 (-224 -1024 96 ) (-384 -1024 96 ) (-384 -912 96 ) (-224 -912 96 ) 
4 358 360 (-528 -912 96 ) (-528 -1004 96 ) (-528 -1004 128 ) (-528 -912 128 ) 
4 358 359 (-528 -1004 288 ) (-528 -912 288 ) (-528 -912 160 ) (-528 -1004 160 ) 
4 360 369 (-528 -912 96 ) (-528 -1004 96 ) (-544 -1004 96 ) (-544 -912 96 ) 
4 361 412 (-1024 0 184 ) (-1024 0 96 ) (-1024 -452 96 ) (-1024 -452 184 ) 
4 361 365 (-1024 -452 96 ) (-1024 0 96 ) (-572 0 96 ) (-572 -452 96 ) 
4 362 373 (-256 0 0 ) (-208 0 0 ) (-208 -400 0 ) (-256 -400 0 ) 
4 362 372 (-208 0 0 ) (-64 0 0 ) (-64 -400 0 ) (-208 -400 0 ) 
4 363 364 (-224 -912 0 ) (-224 -1004 0 ) (-224 -1004 96 ) (-224 -912 96 ) 
4 364 463 (-224 -1024 96 ) (-384 -1024 96 ) (-384 -1024 0 ) (-224 -1024 0 ) 
4 364 379 (-224 -1024 0 ) (-384 -1024 0 ) (-384 -1004 0 ) (-224 -1004 0 ) 
4 364 378 (-384 -1004 0 ) (-384 -912 0 ) (-224 -912 0 ) (-224 -1004 0 ) 
4 364 367 (-384 -912 0 ) (-384 -1024 0 ) (-384 -1024 96 ) (-384 -912 96 ) 
4 365 413 (-1024 0 96 ) (-1024 0 0 ) (-1024 -452 0 ) (-1024 -452 96 ) 
4 365 404 (-1024 -452 0 ) (-1024 0 0 ) (-784 0 0 ) (-784 -452 0 ) 
4 365 401 (-784 0 0 ) (-576 0 0 ) (-576 -452 0 ) (-784 -452 0 ) 
4 365 398 (-572 -192 0 ) (-572 -384 0 ) (-576 -384 0 ) (-576 -192 0 ) 
4 366 382 (-528 -864 0 ) (-528 -672 0 ) (-384 -672 0 ) (-384 -864 0 ) 
4 366 368 (-528 -672 96 ) (-528 -672 0 ) (-528 -868 0 ) (-528 -868 96 ) 
4 367 463 (-384 -1024 96 ) (-528 -1024 96 ) (-528 -1024 0 ) (-384 -1024 0 ) 
4 367 383 (-384 -1024 0 ) (-528 -1024 0 ) (-528 -912 0 ) (-384 -912 0 ) 
4 367 369 (-528 -912 0 ) (-528 -1004 0 ) (-528 -1004 96 ) (-528 -912 96 ) 
4 368 391 (-544 -864 0 ) (-544 -672 0 ) (-528 -672 0 ) (-528 -864 0 ) 
4 368 370 (-544 -672 96 ) (-544 -672 0 ) (-544 -868 0 ) (-544 -868 96 ) 
4 370 403 (-768 -672 0 ) (-576 -672 0 ) (-576 -864 0 ) (-768 -864 0 ) 
4 370 400 (-576 -672 0 ) (-544 -672 0 ) (-544 -864 0 ) (-576 -864 0 ) 
4 371 372 (-64 0 -48 ) (-64 0 -96 ) (-64 -16 -96 ) (-64 -16 -48 ) 
4 372 373 (-208 -400 0 ) (-208 0 0 ) (-208 0 -128 ) (-208 -400 -128 ) 
4 373 375 (-256 -192 -128 ) (-256 -400 -128 ) (-256 -400 0 ) (-256 -192 0 ) 
4 373 374 (-256 -176 -128 ) (-256 -192 -128 ) (-256 -192 0 ) (-256 -176 0 ) 
4 374 375 (-272 -192 -128 ) (-256 -192 -128 ) (-256 -192 0 ) (-272 -192 0 ) 
4 375 377 (-412 -384 -128 ) (-412 -385.998932 -128 ) (-412 -385.998932 0 ) (-412 -384 0 ) 
4 375 376 (-412 -192 0 ) (-412 -192 -128 ) (-412 -384 -128 ) (-412 -384 0 ) 
4 376 390 (-528 -384 0 ) (-528 -192 0 ) (-528 -192 -128 ) (-528 -384 -128 ) 
4 376 377 (-413.782959 -384 -128 ) (-412 -384 -128 ) (-412 -384 0 ) (-413.782928 -384 0 ) 
4 378 383 (-384 -912 -32 ) (-384 -1004 -32 ) (-384 -1004 0 ) (-384 -912 0 ) 
4 378 381 (-384 -1004 -32 ) (-384 -912 -32 ) (-224 -912 -32 ) (-224 -1004 -32 ) 
4 378 379 (-384 -1004 0 ) (-384 -1004 -32 ) (-224 -1004 -32 ) (-224 -1004 0 ) 
4 379 463 (-224 -1024 0 ) (-384 -1024 0 ) (-384 -1024 -32 ) (-224 -1024 -32 ) 
4 379 383 (-384 -1004 -32 ) (-384 -1024 -32 ) (-384 -1024 0 ) (-384 -1004 0 ) 
4 379 381 (-384 -1024 -32 ) (-384 -1004 -32 ) (-224 -1004 -32 ) (-224 -1024 -32 ) 
4 380 384 (-208 -912 -128 ) (-208 -1004 -128 ) (-224 -1004 -128 ) (-224 -912 -128 ) 
4 380 381 (-224 -1004 -32 ) (-224 -912 -32 ) (-224 -912 -128 ) (-224 -1004 -128 ) 
4 381 463 (-224 -1024 -32 ) (-384 -1024 -32 ) (-384 -1024 -128 ) (-224 -1024 -128 ) 
4 381 389 (-224 -912 -128 ) (-224 -1024 -128 ) (-384 -1024 -128 ) (-384 -912 -128 ) 
4 381 383 (-384 -912 -128 ) (-384 -1024 -128 ) (-384 -1024 -32 ) (-384 -912 -32 ) 
4 382 391 (-528 -864 0 ) (-528 -672 0 ) (-528 -672 -128 ) (-528 -864 -128 ) 
4 383 463 (-384 -1024 0 ) (-528 -1024 0 ) (-528 -1024 -128 ) (-384 -1024 -128 ) 
4 383 392 (-528 -912 -32 ) (-528 -912 -128 ) (-528 -1004 -128 ) (-528 -1004 -32 ) 
4 383 389 (-528 -1024 -128 ) (-528 -912 -128 ) (-384 -912 -128 ) (-384 -1024 -128 ) 
4 384 389 (-224 -912 -128 ) (-224 -912 -160 ) (-224 -1004 -160 ) (-224 -1004 -128 ) 
4 385 389 (-224 -912 -192 ) (-224 -912 -320 ) (-224 -1004 -320 ) (-224 -1004 -192 ) 
4 386 389 (-224 -912 -352 ) (-224 -912 -480 ) (-224 -1004 -480 ) (-224 -1004 -352 ) 
4 387 389 (-224 -912 -512 ) (-224 -912 -640 ) (-224 -1004 -640 ) (-224 -1004 -512 ) 
4 388 389 (-224 -912 -672 ) (-224 -912 -800 ) (-224 -1004 -800 ) (-224 -1004 -672 ) 
4 389 521 (-224 -1024 -992 ) (-224 -1024 -321 ) (-528 -1024 -321 ) (-528 -1024 -992 ) 
4 389 512 (-224 -1024 -321 ) (-224 -1024 -320 ) (-528 -1024 -320 ) (-528 -1024 -321 ) 
4 389 495 (-512 -1024 -192 ) (-528 -1024 -192 ) (-528 -1024 -320 ) (-512 -1024 -320 ) 
4 389 489 (-224 -1024 -320 ) (-224 -1024 -192 ) (-512 -1024 -192 ) (-512 -1024 -320 ) 
4 389 463 (-224 -1024 -192 ) (-224 -1024 -128 ) (-528 -1024 -128 ) (-528 -1024 -192 ) 
4 389 397 (-528 -1004 -672 ) (-528 -912 -672 ) (-528 -912 -800 ) (-528 -1004 -800 ) 
4 389 396 (-528 -1004 -512 ) (-528 -912 -512 ) (-528 -912 -640 ) (-528 -1004 -640 ) 
4 389 395 (-528 -1004 -352 ) (-528 -912 -352 ) (-528 -912 -480 ) (-528 -1004 -480 ) 
4 389 394 (-528 -1004 -192 ) (-528 -912 -192 ) (-528 -912 -320 ) (-528 -1004 -320 ) 
4 389 393 (-528 -1004 -128 ) (-528 -912 -128 ) (-528 -912 -160 ) (-528 -1004 -160 ) 
4 390 398 (-544 -384 0 ) (-544 -192 0 ) (-544 -192 -128 ) (-544 -384 -128 ) 
4 391 400 (-544 -864 0 ) (-544 -672 0 ) (-544 -672 -128 ) (-544 -864 -128 ) 
4 392 393 (-544 -1004 -128 ) (-544 -912 -128 ) (-528 -912 -128 ) (-528 -1004 -128 ) 
4 398 401 (-576 -192 -128 ) (-576 -384 -128 ) (-576 -384 0 ) (-576 -192 0 ) 
4 399 403 (-576 -656 -128 ) (-576 -672 -128 ) (-576 -672 0 ) (-576 -656 0 ) 
4 399 400 (-576 -672 0 ) (-576 -672 -128 ) (-560 -672 -128 ) (-560 -672 0 ) 
4 400 403 (-576 -672 -128 ) (-576 -864 -128 ) (-576 -864 0 ) (-576 -672 0 ) 
4 401 404 (-784 0 -128 ) (-784 -452 -128 ) (-784 -452 0 ) (-784 0 0 ) 
4 401 402 (-784 -452 0 ) (-784 -452 -128 ) (-576 -452 -128 ) (-576 -452 0 ) 
4 402 405 (-784 -452 -128 ) (-784 -464 -128 ) (-784 -464 0 ) (-784 -452 0 ) 
4 402 403 (-768 -480 -128 ) (-576 -480 -128 ) (-576 -480 0 ) (-768 -480 0 ) 
4 403 407 (-700 -864 -128 ) (-644 -864 -128 ) (-644 -864 -16 ) (-700 -864 -16 ) 
4 404 423 (-1024 -128 -128 ) (-1024 -452 -128 ) (-1024 -452 0 ) (-1024 -128 0 ) 
4 404 419 (-1024 0 0 ) (-1024 0 -128 ) (-1024 -128 -128 ) (-1024 -128 0 ) 
4 404 405 (-1024 -452 -128 ) (-784 -452 -128 ) (-784 -452 0 ) (-1024 -452 0 ) 
4 405 424 (-1024 -452 -128 ) (-1024 -464 -128 ) (-1024 -464 0 ) (-1024 -452 0 ) 
4 405 406 (-1024 -464 -128 ) (-800 -464 -128 ) (-800 -464 0 ) (-1024 -464 0 ) 
4 406 424 (-1024 -464 -128 ) (-1024 -576 -128 ) (-1024 -576 0 ) (-1024 -464 0 ) 
4 408 411 (-992 -704 -320 ) (-992 -960 -320 ) (-992 -960 -192 ) (-992 -704 -192 ) 
4 408 410 (-992 -960 -192 ) (-992 -960 -320 ) (-976 -960 -320 ) (-976 -960 -192 ) 
4 409 500 (-976 -1024 -192 ) (-992 -1024 -192 ) (-992 -1024 -320 ) (-976 -1024 -320 ) 
4 409 411 (-992 -1008.001953 -320 ) (-992 -1024 -320 ) (-992 -1024 -192 ) (-992 -1008.002014 -192 ) 
4 410 411 (-992 -960 -320 ) (-992 -976 -320 ) (-992 -976 -192 ) (-992 -960 -192 ) 
4 411 500 (-992 -1024 -192 ) (-1024 -1024 -192 ) (-1024 -1024 -320 ) (-992 -1024 -320 ) 
4 411 447 (-1024 -704 -320 ) (-1024 -1024 -320 ) (-1024 -1024 -192 ) (-1024 -704 -192 ) 
4 412 413 (-1540 0 96 ) (-1024 0 96 ) (-1024 -452 96 ) (-1540 -452 96 ) 
4 413 425 (-1536 -128 0 ) (-1344 -128 0 ) (-1344 -448 0 ) (-1536 -448 0 ) 
4 413 423 (-1344 -128 0 ) (-1024 -128 0 ) (-1024 -452 0 ) (-1344 -452 0 ) 
4 413 419 (-1540 -128 0 ) (-1540 0 0 ) (-1024 0 0 ) (-1024 -128 0 ) 
4 414 557 (-2048 0 96 ) (-2048 0 0 ) (-2048 -132 0 ) (-2048 -132 96 ) 
4 414 434 (-2048 -132 0 ) (-2048 0 0 ) (-1920 0 0 ) (-1920 -132 0 ) 
5 414 430 (-1920 0 0 ) (-1904 0 0 ) (-1904 -128 0 ) (-1908 -132 0 ) (-1920 -132 0 ) 
4 414 422 (-1904 0 0 ) (-1728 0 0 ) (-1728 -128 0 ) (-1904 -128 0 ) 
4 414 415 (-1916 -132 0 ) (-1912 -132 0 ) (-1912 -132 96 ) (-1916 -132 96 ) 
4 414 416 (-2048 -132 0 ) (-1916 -132 0 ) (-1916 -132 96 ) (-2048 -132 96 ) 
3 415 430 (-1916 -132 0 ) (-1912 -132 0 ) (-1916 -136 0 ) 
4 415 416 (-1916 -132 96 ) (-1916 -132 0 ) (-1916 -136 0 ) (-1916 -136 96 ) 
4 416 557 (-2048 -132 0 ) (-2048 -292 0 ) (-2048 -292 96 ) (-2048 -132 96 ) 
4 416 434 (-2048 -292 0 ) (-2048 -132 0 ) (-1920 -132 0 ) (-1920 -292 0 ) 
4 416 430 (-1920 -132 0 ) (-1916 -132 0 ) (-1916 -140 0 ) (-1920 -144 0 ) 
4 417 537 (-1792 -1024 96 ) (-1920 -1024 96 ) (-1920 -1024 0 ) (-1792 -1024 0 ) 
4 417 442 (-1792 -1024 0 ) (-1920 -1024 0 ) (-1920 -976 0 ) (-1840 -976 0 ) 
4 417 440 (-1920 -976 0 ) (-1920 -912 0 ) (-1904 -912 0 ) (-1840 -976 0 ) 
3 417 433 (-1920 -912 0 ) (-1920 -896 0 ) (-1904 -912 0 ) 
4 417 418 (-1920 -896 0 ) (-1920 -1024 0 ) (-1920 -1024 96 ) (-1920 -896 96 ) 
4 418 558 (-2048 -540 0 ) (-2048 -1024 0 ) (-2048 -1024 96 ) (-2048 -540 96 ) 
4 418 537 (-1920 -1024 96 ) (-2048 -1024 96 ) (-2048 -1024 0 ) (-1920 -1024 0 ) 
4 418 442 (-1920 -1024 0 ) (-2048 -1024 0 ) (-2048 -976 0 ) (-1920 -976 0 ) 
4 418 440 (-2048 -976 0 ) (-2048 -912 0 ) (-1920 -912 0 ) (-1920 -976 0 ) 
4 418 436 (-2048 -912 0 ) (-2048 -540 0 ) (-1920 -540 0 ) (-1920 -912 0 ) 
4 419 426 (-1536 -128 -128 ) (-1344 -128 -128 ) (-1344 -128 -48 ) (-1536 -128 -48 ) 
4 419 425 (-1344 -128 -48 ) (-1344 -128 0 ) (-1536 -128 0 ) (-1536 -128 -48 ) 
4 419 423 (-1344 -128 -128 ) (-1024 -128 -128 ) (-1024 -128 0 ) (-1344 -128 0 ) 
4 419 420 (-1540 0 -128 ) (-1540 -128 -128 ) (-1540 -128 0 ) (-1540 0 0 ) 
4 420 421 (-1710 0 -128 ) (-1710 -128 -128 ) (-1710 -128 0 ) (-1710 0 0 ) 
4 421 422 (-1714 0 -128 ) (-1714 -128 -128 ) (-1714 -128 0 ) (-1714 0 0 ) 
4 422 430 (-1904 0 -128 ) (-1904 -128 -128 ) (-1904 -128 0 ) (-1904 0 0 ) 
4 422 428 (-1760 -128 -96 ) (-1760 -128 -48 ) (-1808 -128 -48 ) (-1808 -128 -96 ) 
4 423 426 (-1344 -128 -48 ) (-1344 -128 -128 ) (-1344 -448 -128 ) (-1344 -448 -48 ) 
4 423 425 (-1344 -128 0 ) (-1344 -128 -48 ) (-1344 -448 -48 ) (-1344 -448 0 ) 
4 423 424 (-1344 -452 0 ) (-1344 -452 -128 ) (-1024 -452 -128 ) (-1024 -452 0 ) 
4 425 426 (-1536 -448 -48 ) (-1536 -128 -48 ) (-1344 -128 -48 ) (-1344 -448 -48 ) 
4 427 452 (-1504 -576 -128 ) (-1568 -576 -128 ) (-1568 -512 -128 ) (-1504 -512 -128 ) 
4 429 435 (-1920 -334 -128 ) (-1920 -336 -128 ) (-1920 -336 0 ) (-1920 -334 0 ) 
4 429 431 (-1920 -336 0 ) (-1920 -336 -128 ) (-1918 -336 -128 ) (-1918 -336 0 ) 
4 430 434 (-1920 0 -128 ) (-1920 -144 -128 ) (-1920 -144 0 ) (-1920 0 0 ) 
4 431 435 (-1920 -336 -128 ) (-1920 -496 -128 ) (-1920 -496 0 ) (-1920 -336 0 ) 
4 431 432 (-1920 -496 0 ) (-1920 -496 -128 ) (-1918 -496 -128 ) (-1918 -496 0 ) 
4 432 435 (-1920 -496 -128 ) (-1920 -498 -128 ) (-1920 -498 0 ) (-1920 -496 0 ) 
4 433 440 (-1920 -912 -128 ) (-1904 -912 -128 ) (-1904 -912 0 ) (-1920 -912 0 ) 
4 433 436 (-1920 -896 -128 ) (-1920 -912 -128 ) (-1920 -912 0 ) (-1920 -896 0 ) 
4 434 567 (-2048 0 0 ) (-2048 0 -128 ) (-2048 -292 -128 ) (-2048 -292 0 ) 
4 434 435 (-2048 -292 -128 ) (-1920 -292 -128 ) (-1920 -292 0 ) (-2048 -292 0 ) 
4 435 576 (-2048 -512 -128 ) (-2048 -540 -128 ) (-2048 -540 0 ) (-2048 -512 0 ) 
4 435 570 (-2048 -320 -128 ) (-2048 -512 -128 ) (-2048 -512 0 ) (-2048 -320 0 ) 
4 435 568 (-2048 -292 -128 ) (-2048 -320 -128 ) (-2048 -320 0 ) (-2048 -292 0 ) 
4 435 436 (-2048 -540 -128 ) (-1920 -540 -128 ) (-1920 -540 0 ) (-2048 -540 0 ) 
4 436 581 (-2048 -704 -128 ) (-2048 -832 -128 ) (-2048 -832 0 ) (-2048 -704 0 ) 
4 436 582 (-2048 -832 -128 ) (-2048 -912 -128 ) (-2048 -912 0 ) (-2048 -832 0 ) 
4 436 579 (-2048 -576 -128 ) (-2048 -704 -128 ) (-2048 -704 0 ) (-2048 -576 0 ) 
4 436 577 (-2048 -540 -128 ) (-2048 -576 -128 ) (-2048 -576 0 ) (-2048 -540 0 ) 
4 436 440 (-2048 -912 -128 ) (-1920 -912 -128 ) (-1920 -912 0 ) (-2048 -912 0 ) 
4 437 443 (-1040 -976 -128 ) (-1104 -976 -128 ) (-1104 -912 -128 ) (-1040 -912 -128 ) 
4 438 444 (-1248 -976 -128 ) (-1312 -976 -128 ) (-1312 -912 -128 ) (-1248 -912 -128 ) 
4 439 456 (-1472 -976 -128 ) (-1600 -976 -128 ) (-1600 -960 -128 ) (-1472 -960 -128 ) 
4 439 441 (-1600 -976 -128 ) (-1472 -976 -128 ) (-1472 -976 -117.333054 ) (-1600 -976 -117.333054 ) 
4 440 582 (-2048 -912 -128 ) (-2048 -976 -128 ) (-2048 -976 0 ) (-2048 -912 0 ) 
4 440 442 (-2048 -976 -128 ) (-1840 -976 -128 ) (-1840 -976 0 ) (-2048 -976 0 ) 
4 441 547 (-1600 -1024 -85.332939 ) (-1600 -1024 -128 ) (-1472 -1024 -128 ) (-1472 -1024 -85.332947 ) 
4 441 456 (-1472 -1024 -128 ) (-1600 -1024 -128 ) (-1600 -976 -128 ) (-1472 -976 -128 ) 
4 442 582 (-2048 -976 -128 ) (-2048 -1024 -128 ) (-2048 -1024 0 ) (-2048 -976 0 ) 
4 442 553 (-2016 -1024 0 ) (-2048 -1024 0 ) (-2048 -1024 -128 ) (-2016 -1024 -128 ) 
4 442 552 (-1792 -1024 0 ) (-2016 -1024 0 ) (-2016 -1024 -128 ) (-1792 -1024 -128 ) 
4 443 447 (-1104 -912 -192 ) (-1040 -912 -192 ) (-1040 -976 -192 ) (-1104 -976 -192 ) 
4 444 447 (-1312 -912 -192 ) (-1248 -912 -192 ) (-1248 -976 -192 ) (-1312 -976 -192 ) 
4 445 454 (-1408 -576 -320 ) (-1408 -640 -320 ) (-1408 -640 -192 ) (-1408 -576 -192 ) 
4 445 453 (-1408 -512 -320 ) (-1408 -576 -320 ) (-1408 -576 -192 ) (-1408 -512 -192 ) 
4 445 451 (-1408 -448 -320 ) (-1408 -512 -320 ) (-1408 -512 -192 ) (-1408 -448 -192 ) 
4 446 454 (-1408 -688 -320 ) (-1408 -704 -320 ) (-1408 -704 -192 ) (-1408 -688 -192 ) 
4 446 448 (-1408 -704 -320 ) (-1392 -704 -320 ) (-1392 -704 -192 ) (-1408 -704 -192 ) 
4 447 541 (-1024 -1024 -320 ) (-1024 -1024 -192 ) (-1376 -1024 -192 ) (-1376 -1024 -320 ) 
4 447 450 (-1376 -864 -320 ) (-1376 -880 -320 ) (-1376 -880 -192 ) (-1376 -864 -192 ) 
4 447 449 (-1376 -1008 -320 ) (-1376 -1024 -320 ) (-1376 -1024 -192 ) (-1376 -1008 -192 ) 
4 447 448 (-1376 -704 -192 ) (-1376 -704 -320 ) (-1376 -864 -320 ) (-1376 -864 -192 ) 
4 448 454 (-1408 -704 -320 ) (-1408 -864 -320 ) (-1408 -864 -192 ) (-1408 -704 -192 ) 
4 448 450 (-1392 -864 -320 ) (-1376 -864 -320 ) (-1376 -864 -192 ) (-1392 -864 -192 ) 
4 449 541 (-1376 -1024 -192 ) (-1392 -1024 -192 ) (-1392 -1024 -320 ) (-1376 -1024 -320 ) 
4 451 453 (-1664 -512 -192 ) (-1664 -512 -320 ) (-1408 -512 -320 ) (-1408 -512 -192 ) 
4 452 453 (-1504 -576 -192 ) (-1568 -576 -192 ) (-1568 -512 -192 ) (-1504 -512 -192 ) 
4 453 458 (-1664 -576 -320 ) (-1664 -576 -192 ) (-1664 -528 -192 ) (-1664 -528 -320 ) 
4 453 457 (-1664 -576 -192 ) (-1664 -576 -320 ) (-1600 -576 -320 ) (-1600 -576 -192 ) 
4 453 455 (-1600 -576 -320 ) (-1472 -576 -320 ) (-1472 -576 -192 ) (-1600 -576 -192 ) 
4 453 454 (-1472 -576 -320 ) (-1408 -576 -320 ) (-1408 -576 -192 ) (-1472 -576 -192 ) 
4 454 455 (-1472 -576 -192 ) (-1472 -576 -320 ) (-1472 -864 -320 ) (-1472 -864 -192 ) 
4 455 457 (-1600 -576 -192 ) (-1600 -576 -320 ) (-1600 -864 -320 ) (-1600 -864 -192 ) 
4 455 456 (-1600 -864 -192 ) (-1600 -864 -320 ) (-1472 -864 -320 ) (-1472 -864 -192 ) 
4 456 547 (-1472 -1024 -213.332230 ) (-1472 -1024 -128 ) (-1600 -1024 -128 ) (-1600 -1024 -213.334198 ) 
4 457 458 (-1664 -576 -192 ) (-1664 -576 -320 ) (-1664 -864 -320 ) (-1664 -864 -192 ) 
4 459 463 (-224 -1076 160 ) (-224 -1076 288 ) (-224 -1052 288 ) (-224 -1052 160 ) 
4 459 462 (-224 -1076 288 ) (-224 -1076 160 ) (-208 -1076 160 ) (-208 -1076 288 ) 
4 460 463 (-224 -1076 0 ) (-224 -1076 128 ) (-224 -1052 128 ) (-224 -1052 0 ) 
4 460 462 (-224 -1076 128 ) (-224 -1076 0 ) (-208 -1076 0 ) (-208 -1076 128 ) 
4 461 463 (-224 -1076 -160 ) (-224 -1076 -32 ) (-224 -1052 -32 ) (-224 -1052 -160 ) 
4 461 462 (-224 -1076 -32 ) (-224 -1076 -160 ) (-208 -1076 -160 ) (-208 -1076 -32 ) 
4 462 488 (-208 -1116 -192 ) (-224 -1116 -192 ) (-224 -1076 -192 ) (-208 -1076 -192 ) 
4 462 483 (-176 -1076 -192 ) (-176 -1116 -192 ) (-208 -1116 -192 ) (-208 -1076 -192 ) 
4 462 463 (-224 -1076 -192 ) (-224 -1116 -192 ) (-224 -1116 288 ) (-224 -1076 288 ) 
4 463 495 (-528 -1024 -192 ) (-512 -1024 -192 ) (-512 -1136 -192 ) (-528 -1136 -192 ) 
4 463 489 (-512 -1024 -192 ) (-224 -1024 -192 ) (-224 -1136 -192 ) (-512 -1136 -192 ) 
4 463 466 (-528 -1120 -32 ) (-528 -1052 -32 ) (-528 -1052 -160 ) (-528 -1120 -160 ) 
4 463 465 (-528 -1120 128 ) (-528 -1052 128 ) (-528 -1052 0 ) (-528 -1120 0 ) 
4 463 464 (-528 -1120 288 ) (-528 -1052 288 ) (-528 -1052 160 ) (-528 -1120 160 ) 
4 467 538 (-1024 -1024 -8 ) (-1024 -1024 -192 ) (-1024 -1136 -192 ) (-1024 -1136 -8 ) 
4 467 500 (-1024 -1136 -192 ) (-1024 -1024 -192 ) (-896 -1024 -192 ) (-896 -1136 -192 ) 
4 467 481 (-1024 -1136 -192 ) (-892 -1136 -192 ) (-892 -1136 -8 ) (-1024 -1136 -8 ) 
4 468 492 (-208 -1348 -192 ) (-252 -1348 -192 ) (-252 -1152 -192 ) (-208 -1152 -192 ) 
4 468 491 (-252 -1152 -192 ) (-252 -1148 -192 ) (-208 -1148 -192 ) (-208 -1152 -192 ) 
4 468 486 (-116 -1348 -192 ) (-208 -1348 -192 ) (-208 -1344 -192 ) (-112 -1344 -192 ) 
4 468 484 (0 -1152 -192 ) (0 -1344 -192 ) (-208 -1344 -192 ) (-208 -1152 -192 ) 
4 468 472 (-252 -1348 -16 ) (-252 -1148 -16 ) (-252 -1148 -192 ) (-252 -1348 -192 ) 
4 468 469 (-124 -1348 -192 ) (-120 -1348 -192 ) (-120 -1348 -16 ) (-124 -1348 -16 ) 
4 468 470 (-252 -1348 -16 ) (-252 -1348 -192 ) (-124 -1348 -192 ) (-124 -1348 -16 ) 
3 469 486 (-124 -1352 -192 ) (-124 -1348 -192 ) (-120 -1348 -192 ) 
4 469 470 (-124 -1348 -16 ) (-124 -1348 -192 ) (-124 -1352 -192 ) (-124 -1352 -16 ) 
4 470 493 (-244 -1412 -192 ) (-252 -1412 -192 ) (-252 -1408 -192 ) (-240 -1408 -192 ) 
4 470 492 (-252 -1408 -192 ) (-252 -1348 -192 ) (-208 -1348 -192 ) (-208 -1408 -192 ) 
4 470 487 (-208 -1408 -192 ) (-208 -1360 -192 ) (-128 -1360 -192 ) (-128 -1408 -192 ) 
5 470 486 (-208 -1360 -192 ) (-208 -1348 -192 ) (-124 -1348 -192 ) (-124 -1355.998535 -192 ) (-128.001984 -1360 -192 ) 
4 470 472 (-252 -1412 -16 ) (-252 -1348 -16 ) (-252 -1348 -192 ) (-252 -1412 -192 ) 
4 470 471 (-252 -1412 -16 ) (-252 -1412 -192 ) (-248 -1412 -192 ) (-248 -1412 -16 ) 
3 471 493 (-252 -1416 -192 ) (-252 -1412 -192 ) (-248 -1412 -192 ) 
4 471 472 (-252 -1416 -16 ) (-252 -1412 -16 ) (-252 -1412 -192 ) (-252 -1416 -192 ) 
4 472 501 (-256 -1664 -192 ) (-516 -1664 -192 ) (-516 -1472 -192 ) (-256 -1472 -192 ) 
4 472 497 (-512 -1456.001953 -192 ) (-512 -1472 -192 ) (-516 -1472 -192 ) (-516 -1460.001465 -192 ) 
4 472 493 (-252 -1408 -192 ) (-252 -1420.001465 -192 ) (-256 -1424.001953 -192 ) (-256 -1408 -192 ) 
4 472 494 (-256 -1472 -192 ) (-512 -1472 -192 ) (-512 -1408 -192 ) (-256 -1408 -192 ) 
4 472 492 (-252 -1152 -192 ) (-252 -1408 -192 ) (-512 -1408 -192 ) (-512 -1152 -192 ) 
4 472 491 (-512 -1148 -192 ) (-252 -1148 -192 ) (-252 -1152 -192 ) (-512 -1152 -192 ) 
4 472 475 (-252 -1664 -192 ) (-252 -1664 -80 ) (-516 -1664 -80 ) (-516 -1664 -192 ) 
4 472 473 (-516 -1468 -16 ) (-516 -1464 -16 ) (-516 -1464 -192 ) (-516 -1468 -192 ) 
4 472 474 (-516 -1664 -192 ) (-516 -1664 -16 ) (-516 -1468 -16 ) (-516 -1468 -192 ) 
3 473 497 (-516 -1464 -192 ) (-516 -1468 -192 ) (-520 -1468 -192 ) 
4 473 474 (-516 -1468 -192 ) (-516 -1468 -16 ) (-520 -1468 -16 ) (-520 -1468 -192 ) 
4 474 501 (-672 -1664 -192 ) (-672 -1472 -192 ) (-516 -1472 -192 ) (-516 -1664 -192 ) 
4 474 497 (-524 -1468 -192 ) (-516 -1468 -192 ) (-516 -1472 -192 ) (-528 -1472 -192 ) 
4 474 475 (-672 -1664 -80 ) (-672 -1664 -192 ) (-516 -1664 -192 ) (-516 -1664 -80 ) 
4 475 476 (-672 -1680 -80 ) (-672 -1680 -192 ) (-252 -1680 -192 ) (-252 -1680 -80 ) 
4 476 478 (-252 -1692 -64 ) (-672 -1692 -64 ) (-672 -1692 -192 ) (-252 -1692 -192 ) 
4 477 478 (-252 -1692 -80 ) (-252 -1692 -192 ) (-252 -1796 -192 ) (-252 -1796 -80 ) 
4 478 480 (-672 -1692 -192 ) (-672 -1796 -192 ) (-672 -1796 -80 ) (-672 -1692 -80 ) 
4 478 479 (-252 -1796 -64 ) (-672 -1796 -64 ) (-672 -1796 -192 ) (-252 -1796 -192 ) 
4 481 538 (-1024 -1136 -192 ) (-1024 -1732 -192 ) (-1024 -1732 -8 ) (-1024 -1136 -8 ) 
4 481 510 (-1024 -1732 -192 ) (-1024 -1680 -192 ) (-928 -1680 -192 ) (-928 -1732 -192 ) 
4 481 509 (-928 -1680 -192 ) (-896 -1680 -192 ) (-896 -1728 -192 ) (-928 -1728 -192 ) 
4 481 508 (-1024 -1680 -192 ) (-1024 -1664 -192 ) (-896 -1664 -192 ) (-896 -1680 -192 ) 
4 481 506 (-1024 -1664 -192 ) (-1024 -1472 -192 ) (-896 -1472 -192 ) (-896 -1664 -192 ) 
4 481 505 (-896 -1472 -192 ) (-892 -1472 -192 ) (-892 -1664 -192 ) (-896 -1664 -192 ) 
4 481 500 (-1024 -1472 -192 ) (-1024 -1136 -192 ) (-896 -1136 -192 ) (-896 -1472 -192 ) 
4 481 482 (-1024 -1732 -192 ) (-928 -1732 -192 ) (-928 -1732 -157 ) (-1024 -1732 -157 ) 
4 482 539 (-1024 -1732 -192 ) (-1024 -1744 -192 ) (-1024 -1744 -157 ) (-1024 -1732 -157 ) 
4 482 511 (-1024 -1744 -192 ) (-1024 -1732 -192 ) (-928 -1732 -192 ) (-928 -1744 -192 ) 
4 483 513 (-176 -1116 -320 ) (-208 -1116 -320 ) (-208 -1076 -320 ) (-176 -1076 -320 ) 
4 483 488 (-208 -1076 -320 ) (-208 -1116 -320 ) (-208 -1116 -192 ) (-208 -1076 -192 ) 
4 484 515 (-32 -1344 -320 ) (-208 -1344 -320 ) (-208 -1152 -320 ) (-32 -1152 -320 ) 
4 484 492 (-208 -1152 -320 ) (-208 -1344 -320 ) (-208 -1344 -192 ) (-208 -1152 -192 ) 
4 484 486 (-208 -1344 -192 ) (-208 -1344 -320 ) (-112 -1344 -320 ) (-112 -1344 -192 ) 
4 484 485 (0 -1344 -288 ) (0 -1344 -240 ) (-16 -1344 -240 ) (-16 -1344 -288 ) 
4 486 492 (-208 -1344 -320 ) (-208 -1360 -320 ) (-208 -1360 -192 ) (-208 -1344 -192 ) 
4 486 487 (-208 -1360 -192 ) (-208 -1360 -320 ) (-128.002014 -1360 -320 ) (-128.002014 -1360 -192 ) 
4 487 492 (-208 -1360 -320 ) (-208 -1408 -320 ) (-208 -1408 -192 ) (-208 -1360 -192 ) 
4 488 513 (-208 -1076 -320 ) (-208 -1116 -320 ) (-224 -1116 -320 ) (-224 -1076 -320 ) 
4 488 489 (-224 -1052 -320 ) (-224 -1116 -320 ) (-224 -1116 -192 ) (-224 -1052 -192 ) 
4 489 514 (-224 -1052 -320 ) (-224 -1136 -320 ) (-512 -1136 -320 ) (-512 -1052 -320 ) 
4 489 512 (-512 -1024 -320 ) (-224 -1024 -320 ) (-224 -1052 -320 ) (-512 -1052 -320 ) 
4 489 495 (-512 -1024 -320 ) (-512 -1136 -320 ) (-512 -1136 -192 ) (-512 -1024 -192 ) 
4 489 490 (-512 -1136 -192 ) (-512 -1136 -320 ) (-224 -1136 -320 ) (-224 -1136 -192 ) 
4 490 496 (-512 -1136 -320 ) (-512 -1144 -320 ) (-512 -1144 -192 ) (-512 -1136 -192 ) 
4 490 491 (-512 -1148 -192 ) (-512 -1148 -320 ) (-208 -1148 -320 ) (-208 -1148 -192 ) 
4 491 492 (-512 -1152 -192 ) (-512 -1152 -320 ) (-208 -1152 -320 ) (-208 -1152 -192 ) 
4 492 516 (-256 -1408 -320 ) (-512 -1408 -320 ) (-512 -1152 -320 ) (-256 -1152 -320 ) 
4 492 515 (-208 -1152 -320 ) (-208 -1344 -320 ) (-256 -1344 -320 ) (-256 -1152 -320 ) 
4 492 493 (-256 -1408 -320 ) (-240 -1408 -320 ) (-240 -1408 -192 ) (-256 -1408 -192 ) 
4 492 494 (-512 -1408 -192 ) (-512 -1408 -320 ) (-256 -1408 -320 ) (-256 -1408 -192 ) 
4 493 494 (-256 -1408 -192 ) (-256 -1408 -320 ) (-256 -1424.001953 -320 ) (-256 -1424.001953 -192 ) 
4 494 516 (-256 -1472 -320 ) (-512 -1472 -320 ) (-512 -1408 -320 ) (-256 -1408 -320 ) 
4 494 501 (-512 -1472 -320 ) (-256 -1472 -320 ) (-256 -1472 -192 ) (-512 -1472 -192 ) 
4 494 497 (-512 -1456.002075 -320 ) (-512 -1472 -320 ) (-512 -1472 -192 ) (-512 -1456.002075 -192 ) 
4 495 514 (-512 -1052 -320 ) (-512 -1136 -320 ) (-528 -1136 -320 ) (-528 -1052 -320 ) 
4 495 512 (-528 -1024 -320 ) (-512 -1024 -320 ) (-512 -1052 -320 ) (-528 -1052 -320 ) 
4 495 498 (-528 -1052 -320 ) (-528 -1120 -320 ) (-528 -1120 -192 ) (-528 -1052 -192 ) 
4 495 496 (-528 -1136 -192 ) (-528 -1136 -320 ) (-512 -1136 -320 ) (-512 -1136 -192 ) 
4 497 501 (-528 -1472 -320 ) (-512 -1472 -320 ) (-512 -1472 -192 ) (-528 -1472 -192 ) 
4 499 501 (-592 -1472 -288 ) (-592 -1472 -240 ) (-640 -1472 -240 ) (-640 -1472 -288 ) 
4 500 541 (-1024 -1024 -192 ) (-1024 -1024 -320 ) (-1024 -1472 -320 ) (-1024 -1472 -192 ) 
4 500 506 (-1024 -1472 -320 ) (-896 -1472 -320 ) (-896 -1472 -192 ) (-1024 -1472 -192 ) 
4 501 502 (-686 -1472 -192 ) (-686 -1472 -320 ) (-686 -1664 -320 ) (-686 -1664 -192 ) 
4 502 503 (-690 -1472 -192 ) (-690 -1472 -320 ) (-690 -1664 -320 ) (-690 -1664 -192 ) 
4 503 507 (-736 -1664 -288 ) (-736 -1664 -240 ) (-784 -1664 -240 ) (-784 -1664 -288 ) 
4 503 504 (-880 -1472 -192 ) (-880 -1472 -320 ) (-880 -1664 -320 ) (-880 -1664 -192 ) 
4 504 505 (-892 -1472 -192 ) (-892 -1472 -320 ) (-892 -1664 -320 ) (-892 -1664 -192 ) 
4 505 506 (-896 -1472 -192 ) (-896 -1472 -320 ) (-896 -1664 -320 ) (-896 -1664 -192 ) 
4 506 541 (-1024 -1472 -320 ) (-1024 -1664 -320 ) (-1024 -1664 -192 ) (-1024 -1472 -192 ) 
4 506 508 (-1024 -1664 -320 ) (-896 -1664 -320 ) (-896 -1664 -192 ) (-1024 -1664 -192 ) 
4 508 541 (-1024 -1664 -320 ) (-1024 -1680 -320 ) (-1024 -1680 -192 ) (-1024 -1664 -192 ) 
4 508 510 (-1024 -1680 -320 ) (-928 -1680 -320 ) (-928 -1680 -192 ) (-1024 -1680 -192 ) 
4 508 509 (-928 -1680 -320 ) (-896 -1680 -320 ) (-896 -1680 -192 ) (-928 -1680 -192 ) 
4 509 510 (-928 -1680 -192 ) (-928 -1680 -320 ) (-928 -1728 -320 ) (-928 -1728 -192 ) 
4 510 543 (-1024 -1728 -320 ) (-1024 -1732 -320 ) (-1024 -1732 -192 ) (-1024 -1728 -192 ) 
4 510 541 (-1024 -1680 -320 ) (-1024 -1728 -320 ) (-1024 -1728 -192 ) (-1024 -1680 -192 ) 
4 510 511 (-1024 -1732 -320 ) (-928 -1732 -320 ) (-928 -1732 -192 ) (-1024 -1732 -192 ) 
4 511 544 (-1024 -1732 -320 ) (-1024 -1744 -320 ) (-1024 -1744 -192 ) (-1024 -1732 -192 ) 
4 512 521 (-528 -1024 -321 ) (-224 -1024 -321 ) (-224 -1052 -321 ) (-528 -1052 -321 ) 
4 512 514 (-528 -1052 -321 ) (-224 -1052 -321 ) (-224 -1052 -320 ) (-528 -1052 -320 ) 
4 513 520 (-176 -1076 -321 ) (-176 -1116 -321 ) (-224 -1116 -321 ) (-224 -1076 -321 ) 
4 513 514 (-224 -1076 -321 ) (-224 -1116 -321 ) (-224 -1116 -320 ) (-224 -1076 -320 ) 
4 514 521 (-528 -1052 -321 ) (-224 -1052 -321 ) (-224 -1136 -321 ) (-528 -1136 -321 ) 
4 515 526 (-256 -1152 -321 ) (-64 -1152 -321 ) (-64 -1344 -321 ) (-256 -1344 -321 ) 
4 515 525 (-64 -1152 -321 ) (-32 -1152 -321 ) (-32 -1344 -321 ) (-64 -1344 -321 ) 
4 515 516 (-256 -1152 -320 ) (-256 -1152 -321 ) (-256 -1344 -321 ) (-256 -1344 -320 ) 
4 516 529 (-512 -1152 -321 ) (-256 -1152 -321 ) (-256 -1472 -321 ) (-512 -1472 -321 ) 
4 517 521 (-224 -1052 -352 ) (-224 -1052 -480 ) (-224 -1076 -480 ) (-224 -1076 -352 ) 
4 517 520 (-224 -1076 -352 ) (-224 -1076 -480 ) (-208 -1076 -480 ) (-208 -1076 -352 ) 
4 518 521 (-224 -1076 -640 ) (-224 -1076 -512 ) (-224 -1052 -512 ) (-224 -1052 -640 ) 
4 518 520 (-224 -1076 -512 ) (-224 -1076 -640 ) (-208 -1076 -640 ) (-208 -1076 -512 ) 
4 519 521 (-224 -1052 -800 ) (-224 -1076 -800 ) (-224 -1076 -672 ) (-224 -1052 -672 ) 
4 519 520 (-224 -1076 -672 ) (-224 -1076 -800 ) (-208 -1076 -800 ) (-208 -1076 -672 ) 
4 520 521 (-224 -1116 -321 ) (-224 -1076 -321 ) (-224 -1076 -992 ) (-224 -1116 -992 ) 
4 521 524 (-528 -1120 -672 ) (-528 -1052 -672 ) (-528 -1052 -800 ) (-528 -1120 -800 ) 
4 521 523 (-528 -1120 -512 ) (-528 -1052 -512 ) (-528 -1052 -640 ) (-528 -1120 -640 ) 
4 521 522 (-528 -1120 -352 ) (-528 -1052 -352 ) (-528 -1052 -480 ) (-528 -1120 -480 ) 
4 525 527 (-32 -1152 -322 ) (-32 -1344 -322 ) (-64 -1344 -322 ) (-64 -1152 -322 ) 
4 525 526 (-64 -1152 -321 ) (-64 -1152 -322 ) (-64 -1344 -322 ) (-64 -1344 -321 ) 
4 526 529 (-256 -1152 -321 ) (-256 -1152 -322 ) (-256 -1344 -322 ) (-256 -1344 -321 ) 
4 526 528 (-64 -1344 -322 ) (-256 -1344 -322 ) (-256 -1152 -322 ) (-64 -1152 -322 ) 
4 527 528 (-64 -1152 -328 ) (-64 -1344 -328 ) (-64 -1344 -322 ) (-64 -1152 -322 ) 
4 528 530 (-256 -1152 -322 ) (-256 -1152 -328 ) (-256 -1344 -328 ) (-256 -1344 -322 ) 
4 529 530 (-512 -1472 -322 ) (-512 -1152 -322 ) (-256 -1152 -322 ) (-256 -1472 -322 ) 
4 531 588 (-2048 -1528 112 ) (-2048 -1104 112 ) (-2048 -1104 96 ) (-2048 -1528 96 ) 
4 531 536 (-2048 -1528 96 ) (-2048 -1104 96 ) (-1792 -1360 96 ) (-1792 -1528 96 ) 
4 532 536 (-1888 -1568 96 ) (-1856 -1568 96 ) (-1856 -1632 96 ) (-1888 -1632 96 ) 
4 533 535 (-1468 -1272 32 ) (-1468 -1272 80 ) (-1468 -1224 80 ) (-1468 -1224 32 ) 
3 534 548 (-1792 -1152 0 ) (-1792 -1024 0 ) (-1664 -1152 0 ) 
4 534 537 (-1792 -1024 0 ) (-1792 -1152 0 ) (-1792 -1152 96 ) (-1792 -1024 96 ) 
4 534 535 (-1792 -1152 96 ) (-1792 -1152 0 ) (-1664 -1152 0 ) (-1664 -1152 96 ) 
3 535 550 (-1600 -1346 0 ) (-1600 -1344 0 ) (-1598 -1344 0 ) 
4 535 549 (-1600 -1152 0 ) (-1468 -1152 0 ) (-1468 -1344 0 ) (-1600 -1344 0 ) 
4 535 551 (-1792 -1348 0 ) (-1792 -1152 0 ) (-1600 -1152 0 ) (-1600 -1348 0 ) 
4 535 537 (-1792 -1152 0 ) (-1792 -1348 0 ) (-1792 -1348 96 ) (-1792 -1152 96 ) 
4 536 591 (-2048 -1664 96 ) (-2048 -1104 96 ) (-2048 -1104 0 ) (-2048 -1664 0 ) 
4 536 553 (-2048 -1664 0 ) (-2048 -1104 0 ) (-2016 -1136 0 ) (-2016 -1664 0 ) 
4 536 552 (-2016 -1136 0 ) (-1792 -1360 0 ) (-1792 -1664 0 ) (-2016 -1664 0 ) 
4 537 592 (-2048 -1092 96 ) (-2048 -1024 96 ) (-2048 -1024 0 ) (-2048 -1092 0 ) 
4 537 553 (-2048 -1092 0 ) (-2048 -1024 0 ) (-2016 -1024 0 ) (-2016 -1124 0 ) 
4 537 552 (-2016 -1024 0 ) (-1792 -1024 0 ) (-1792 -1348 0 ) (-2016 -1124 0 ) 
4 538 545 (-1216 -1732 -192 ) (-1344 -1732 -192 ) (-1344 -1728 -192 ) (-1216 -1728 -192 ) 
4 538 543 (-1024 -1728 -192 ) (-1024 -1732 -192 ) (-1056 -1732 -192 ) (-1056 -1728 -192 ) 
4 538 541 (-1408 -1024 -192 ) (-1024 -1024 -192 ) (-1024 -1728 -192 ) (-1408 -1728 -192 ) 
4 538 540 (-1344 -1732 -192 ) (-1216 -1732 -192 ) (-1216 -1732 -157 ) (-1344 -1732 -157 ) 
4 538 539 (-1056 -1732 -192 ) (-1024 -1732 -192 ) (-1024 -1732 -157 ) (-1056 -1732 -157 ) 
4 539 544 (-1024 -1744 -192 ) (-1056 -1744 -192 ) (-1056 -1732 -192 ) (-1024 -1732 -192 ) 
4 540 546 (-1216 -1744 -192 ) (-1344 -1744 -192 ) (-1344 -1732 -192 ) (-1216 -1732 -192 ) 
4 541 556 (-1344 -1248 -320 ) (-1344 -1152 -320 ) (-1184 -1152 -320 ) (-1184 -1248 -320 ) 
4 541 545 (-1216 -1728 -192 ) (-1344 -1728 -192 ) (-1344 -1728 -320 ) (-1216 -1728 -320 ) 
4 541 543 (-1024 -1728 -192 ) (-1056 -1728 -192 ) (-1056 -1728 -320 ) (-1024 -1728 -320 ) 
4 541 542 (-1408 -1220 -320 ) (-1408 -1276 -320 ) (-1408 -1276 -208 ) (-1408 -1220 -208 ) 
4 543 544 (-1056 -1732 -192 ) (-1056 -1732 -320 ) (-1024 -1732 -320 ) (-1024 -1732 -192 ) 
4 545 546 (-1344 -1732 -192 ) (-1344 -1732 -320 ) (-1216 -1732 -320 ) (-1216 -1732 -192 ) 
4 547 549 (-1472 -1152 -127.997986 ) (-1472 -1152 0 ) (-1600 -1152 0 ) (-1600 -1152 -128 ) 
4 548 552 (-1792 -1152 -128 ) (-1792 -1152 0 ) (-1792 -1024 0 ) (-1792 -1024 -128 ) 
4 548 551 (-1792 -1152 0 ) (-1792 -1152 -128 ) (-1664 -1152 -128 ) (-1664 -1152 0 ) 
4 549 550 (-1600 -1344 0 ) (-1600 -1344 -128 ) (-1598 -1344 -128 ) (-1598 -1344 0 ) 
4 549 551 (-1600 -1152 0 ) (-1600 -1152 -128 ) (-1600 -1344 -128 ) (-1600 -1344 0 ) 
4 550 551 (-1600 -1344 -128 ) (-1600 -1346 -128 ) (-1600 -1346 0 ) (-1600 -1344 0 ) 
4 551 552 (-1792 -1664 0 ) (-1792 -1152 0 ) (-1792 -1152 -128 ) (-1792 -1664 -128 ) 
4 552 554 (-1792 -1536 -128 ) (-1792 -1664 -128 ) (-2016 -1664 -128 ) (-2016 -1536 -128 ) 
4 552 553 (-2016 -1024 -128 ) (-2016 -1664 -128 ) (-2016 -1664 0 ) (-2016 -1024 0 ) 
4 553 593 (-2048 -1696 0 ) (-2048 -1024 0 ) (-2048 -1024 -128 ) (-2048 -1696 -128 ) 
4 553 555 (-2016 -1536 -128 ) (-2016 -1696 -128 ) (-2048 -1696 -128 ) (-2048 -1536 -128 ) 
4 554 555 (-2016 -1536 -128 ) (-2016 -1536 -160 ) (-2016 -1664 -160 ) (-2016 -1664 -128 ) 
4 555 597 (-2048 -1536 -160 ) (-2048 -1696 -160 ) (-2048 -1696 -128 ) (-2048 -1536 -128 ) 
4 557 567 (-2112 0 0 ) (-2048 0 0 ) (-2048 -292 0 ) (-2112 -292 0 ) 
4 558 592 (-2048 -1024 0 ) (-2048 -1024 96 ) (-2116 -1024 96 ) (-2116 -1024 0 ) 
4 558 581 (-2116 -832 0 ) (-2116 -704 0 ) (-2048 -704 0 ) (-2048 -832 0 ) 
4 558 582 (-2048 -1024 0 ) (-2116 -1024 0 ) (-2116 -832 0 ) (-2048 -832 0 ) 
4 558 579 (-2116 -704 0 ) (-2116 -576 0 ) (-2048 -576 0 ) (-2048 -704 0 ) 
4 558 577 (-2112 -540 0 ) (-2048 -540 0 ) (-2048 -576 0 ) (-2112 -576 0 ) 
4 558 559 (-2116 -576 0 ) (-2116 -768 0 ) (-2116 -768 96 ) (-2116 -576 96 ) 
4 559 581 (-2144 -704 0 ) (-2116 -704 0 ) (-2116 -768 0 ) (-2144 -768 0 ) 
4 559 579 (-2144 -576 0 ) (-2116 -576 0 ) (-2116 -704 0 ) (-2144 -704 0 ) 
4 560 575 (-2528 -496 0 ) (-2528 -508 0 ) (-2532 -508 0 ) (-2532 -500 0 ) 
4 560 573 (-2528 0 0 ) (-2336 0 0 ) (-2336 -508 0 ) (-2528 -508 0 ) 
4 560 561 (-2532 -503.997864 0 ) (-2532 -508 0 ) (-2532 -508 96 ) (-2532 -503.997864 96 ) 
4 560 562 (-2532 -508 0 ) (-2336 -508 0 ) (-2336 -508 96 ) (-2532 -508 96 ) 
3 561 575 (-2532 -503.997864 0 ) (-2532 -508 0 ) (-2536 -508 0 ) 
4 561 562 (-2536 -508 0 ) (-2532 -508 0 ) (-2532 -508 96 ) (-2536 -508 96 ) 
4 562 580 (-2880 -512 0 ) (-2336 -512 0 ) (-2336 -704 0 ) (-2880 -704 0 ) 
4 562 575 (-2540.001465 -508 0 ) (-2528 -508 0 ) (-2528 -512 0 ) (-2544.001953 -512 0 ) 
4 562 573 (-2528 -508 0 ) (-2336 -508 0 ) (-2336 -512 0 ) (-2528 -512 0 ) 
4 562 563 (-2884 -640 24 ) (-2884 -640 88 ) (-2884 -576 88 ) (-2884 -576 24 ) 
4 563 564 (-2888 -576 88 ) (-2888 -576 24 ) (-2888 -640 24 ) (-2888 -640 88 ) 
4 564 565 (-2952 -640 88 ) (-3016 -640 88 ) (-3016 -640 24 ) (-2952 -640 24 ) 
4 565 566 (-2952 -704 24 ) (-2952 -704 88 ) (-3016 -704 88 ) (-3016 -704 24 ) 
4 566 605 (-2952 -1024 24 ) (-2952 -1024 88 ) (-3016 -1024 88 ) (-3016 -1024 24 ) 
4 567 568 (-2112 -292 0 ) (-2112 -292 -128 ) (-2048 -292 -128 ) (-2048 -292 0 ) 
4 568 570 (-2112 -320 -128 ) (-2048 -320 -128 ) (-2048 -320 0 ) (-2112 -320 0 ) 
4 569 572 (-2336 -320 0 ) (-2336 -320 -128 ) (-2319.998047 -320 -128 ) (-2319.998047 -320 0 ) 
4 569 573 (-2336 -304 -128 ) (-2336 -320 -128 ) (-2336 -320 0 ) (-2336 -304 0 ) 
4 570 576 (-2112 -512 -128 ) (-2048 -512 -128 ) (-2048 -512 0 ) (-2112 -512 0 ) 
4 570 571 (-2112 -320 0 ) (-2112 -320 -128 ) (-2112 -512 -128 ) (-2112 -512 0 ) 
4 571 572 (-2116 -320 0 ) (-2116 -320 -128 ) (-2116 -512 -128 ) (-2116 -512 0 ) 
4 572 578 (-2336 -512 -128 ) (-2320 -512 -128 ) (-2320 -512 0 ) (-2336 -512 0 ) 
4 572 573 (-2336 -320 -128 ) (-2336 -512 -128 ) (-2336 -512 0 ) (-2336 -320 0 ) 
4 573 580 (-2528 -512 -128 ) (-2336 -512 -128 ) (-2336 -512 0 ) (-2528 -512 0 ) 
4 573 575 (-2528 -496 -128 ) (-2528 -512 -128 ) (-2528 -512 0 ) (-2528 -496 0 ) 
4 573 574 (-2528 -84 -128 ) (-2528 -140 -128 ) (-2528 -140 -16 ) (-2528 -84 -16 ) 
4 575 580 (-2544.001953 -512 -128 ) (-2528 -512 -128 ) (-2528 -512 0 ) (-2544.001953 -512 0 ) 
4 576 577 (-2112 -540 0 ) (-2112 -540 -128 ) (-2048 -540 -128 ) (-2048 -540 0 ) 
4 577 579 (-2112 -576 -128 ) (-2048 -576 -128 ) (-2048 -576 0 ) (-2112 -576 0 ) 
4 578 580 (-2336 -512 0 ) (-2336 -512 -128 ) (-2336 -528 -128 ) (-2336 -528 0 ) 
4 579 581 (-2144 -704 -128 ) (-2048 -704 -128 ) (-2048 -704 0 ) (-2144 -704 0 ) 
4 580 587 (-2880 -704 -128 ) (-2836 -704 -128 ) (-2836 -704 0 ) (-2880 -704 0 ) 
4 580 585 (-2836 -704 -128 ) (-2732 -704 -128 ) (-2732 -704 0 ) (-2836 -704 0 ) 
4 580 584 (-2732 -704 -128 ) (-2688 -704 -128 ) (-2688 -704 0 ) (-2732 -704 0 ) 
4 580 583 (-2688 -704 -128 ) (-2672 -704 -128 ) (-2672 -704 0 ) (-2688 -704 0 ) 
4 581 582 (-2144 -832 -128 ) (-2048 -832 -128 ) (-2048 -832 0 ) (-2144 -832 0 ) 
4 582 606 (-2304 -1024 0 ) (-2432 -1024 0 ) (-2432 -1024 -128 ) (-2304 -1024 -128 ) 
4 582 593 (-2048 -1024 -128 ) (-2048 -1024 0 ) (-2080 -1024 0 ) (-2080 -1024 -128 ) 
4 582 594 (-2080 -1024 0 ) (-2304 -1024 0 ) (-2304 -1024 -128 ) (-2080 -1024 -128 ) 
4 583 584 (-2688 -704 0 ) (-2688 -704 -128 ) (-2688 -720 -128 ) (-2688 -720 0 ) 
4 584 585 (-2732 -704 0 ) (-2732 -704 -128 ) (-2732 -896 -128 ) (-2732 -896 0 ) 
4 585 587 (-2836 -704 0 ) (-2836 -704 -128 ) (-2836 -896 -128 ) (-2836 -896 0 ) 
4 585 586 (-2836 -896 -8 ) (-2836 -896 -128 ) (-2732 -896 -128 ) (-2732 -896 -8 ) 
5 588 591 (-2296 -1024 96 ) (-2128 -1024 96 ) (-2048 -1104 96 ) (-2048 -1528 96 ) (-2296 -1528 96 ) 
4 589 591 (-2080 -1568 96 ) (-2048 -1568 96 ) (-2048 -1632 96 ) (-2080 -1632 96 ) 
4 590 591 (-2272 -1568 96 ) (-2240 -1568 96 ) (-2240 -1632 96 ) (-2272 -1632 96 ) 
4 591 603 (-2304 -1664 96 ) (-2304 -1024 96 ) (-2304 -1024 0 ) (-2304 -1664 0 ) 
4 591 593 (-2080 -1072 0 ) (-2048 -1104 0 ) (-2048 -1664 0 ) (-2080 -1664 0 ) 
5 591 594 (-2304 -1664 0 ) (-2304 -1024 0 ) (-2128 -1024 0 ) (-2080 -1072 0 ) (-2080 -1664 0 ) 
4 592 593 (-2080 -1024 0 ) (-2048 -1024 0 ) (-2048 -1092 0 ) (-2080 -1060 0 ) 
3 592 594 (-2116 -1024 0 ) (-2080 -1024 0 ) (-2080 -1060 0 ) 
4 593 597 (-2048 -1536 -128 ) (-2048 -1696 -128 ) (-2080 -1696 -128 ) (-2080 -1536 -128 ) 
4 593 594 (-2080 -1024 -128 ) (-2080 -1696 -128 ) (-2080 -1696 0 ) (-2080 -1024 0 ) 
4 594 608 (-2304 -1888 0 ) (-2304 -1312 0 ) (-2304 -1312 -128 ) (-2304 -1888 -128 ) 
4 594 607 (-2304 -1312 0 ) (-2304 -1248 0 ) (-2304 -1248 -128 ) (-2304 -1312 -128 ) 
4 594 606 (-2304 -1248 0 ) (-2304 -1024 0 ) (-2304 -1024 -128 ) (-2304 -1248 -128 ) 
4 594 598 (-2304 -1888 -128 ) (-2304 -1536 -128 ) (-2080 -1536 -128 ) (-2080 -1888 -128 ) 
4 594 596 (-2304 -1536 -128 ) (-2304 -1360 -128 ) (-2128 -1360 -128 ) (-2128 -1536 -128 ) 
4 594 595 (-2248 -1888 -128 ) (-2144 -1888 -128 ) (-2144 -1888 -48 ) (-2248 -1888 -48 ) 
4 595 599 (-2248 -1888 -128 ) (-2144 -1888 -128 ) (-2144 -1900 -128 ) (-2248 -1900 -128 ) 
4 596 608 (-2304 -1536 -128 ) (-2304 -1360 -128 ) (-2304 -1360 -160 ) (-2304 -1536 -160 ) 
4 596 598 (-2304 -1536 -160 ) (-2128 -1536 -160 ) (-2128 -1536 -128 ) (-2304 -1536 -128 ) 
4 597 598 (-2080 -1536 -128 ) (-2080 -1536 -160 ) (-2080 -1696 -160 ) (-2080 -1696 -128 ) 
4 598 608 (-2304 -1888 -128 ) (-2304 -1536 -128 ) (-2304 -1536 -160 ) (-2304 -1888 -160 ) 
4 598 599 (-2248 -1888 -160 ) (-2144 -1888 -160 ) (-2144 -1888 -128 ) (-2248 -1888 -128 ) 
4 600 603 (-2336 -1088 96 ) (-2336 -1120 96 ) (-2400 -1120 96 ) (-2400 -1088 96 ) 
4 601 603 (-2336 -1280 96 ) (-2336 -1312 96 ) (-2400 -1312 96 ) (-2400 -1280 96 ) 
4 602 603 (-2336 -1472 96 ) (-2336 -1504 96 ) (-2400 -1504 96 ) (-2400 -1472 96 ) 
4 603 608 (-2304 -1312 0 ) (-2304 -1664 0 ) (-2432 -1536 0 ) (-2432 -1312 0 ) 
4 603 607 (-2304 -1248 0 ) (-2304 -1312 0 ) (-2432 -1312 0 ) (-2432 -1248 0 ) 
4 603 606 (-2432 -1024 0 ) (-2304 -1024 0 ) (-2304 -1248 0 ) (-2432 -1248 0 ) 
4 604 605 (-2952 -1280 24 ) (-2952 -1280 88 ) (-2952 -1216 88 ) (-2952 -1216 24 ) 
4 606 607 (-2432 -1248 -160 ) (-2304 -1248 -160 ) (-2304 -1248 0 ) (-2432 -1248 0 ) 
4 607 608 (-2464 -1312 -160 ) (-2304 -1312 -160 ) (-2304 -1312 0 ) (-2464 -1312 0 ) 
